L m003 vol=2.029883 area=3.464102 N=[0.500000 + 0.866025I] P=[0.750000 + -0.433013I] dist=2.000000
lattice = -0.50000000000000022204 + 0.866025.20f I norm=1.000000
sqrtLoxodromic = -1.73205080756887497273 + 0.99999999999999977796 I norm=4.000000
parabolic = -1.00000000000000088818 + -0.00000000000000105471 I norm=1.000000
Generators: a b c 
   relation: BCaC
   relation: AbCbA
          g: a
          m: ABc
          n: ABCb
#big balls != 2
B 0.500000 1.443376 0.166667
B -0.000000 0.577350 0.166667
B 1.000000 1.154701 0.166667
B 0.500000 -0.288675 0.166667
B -0.000000 1.154701 0.166667
B 0.500000 0.288675 0.166667
B 1.500000 0.288675 0.166667
B 1.000000 0.577350 0.166667
B 2.000000 0.000000 0.500000
B 0.500000 0.866025 0.500000
B 0.000000 1.732051 0.500000
B 1.500000 0.866025 0.500000


M m004 vol=2.029883 area=3.464102 N=[0.000000 + -3.464102I] P=[0.000000 + 1.732051I] dist=1.000000
lattice = -0.00000000000000222045 + 3.464102.20f I norm=12.000000
sqrtLoxodromic = -0.86602540378443948477 + 0.49999999999999950040 I norm=1.000000
parabolic = 0.00000000000000062804 + -0.00000000000000031402 I norm=0.000000
Generators: a b c 
   relation: CbAcB
   relation: BacA
          g: a
          m: b
          n: CacBAb
#big balls != 2
B -1.443376 1.500000 0.166667
B -2.020726 1.500000 0.166667
B -0.577350 1.000000 0.166667
B 0.288675 0.500000 0.166667
B -1.154701 1.000000 0.166667
B 0.577350 0.000000 0.166667
B -0.288675 0.500000 0.166667
B 1.154701 0.000000 0.166667
B -1.732051 1.000000 0.500000
B -0.000000 1.000000 0.500000
B -0.866025 0.500000 0.500000
B 0.866025 -0.500000 0.500000


M m006 vol=2.568971 area=3.538856 N=[0.226699 + -1.467712I] P=[-0.386651 + -0.733856I] dist=1.552784
lattice = 0.22669882575820160531 + -1.467712.20f I norm=2.205569
sqrtLoxodromic = 0.80225455755741115205 + 1.32948354095849596845 I norm=2.411139
parabolic = -0.83525822952075168271 + -0.40112727877870607562 I norm=0.858559
Generators: a b c d 
   relation: cbb
   relation: DCA
   relation: DDAbAc
          g: c
          m: Acb
          n: AbAAb


M m007 vol=2.568971 area=3.538856 N=[-0.123914 + -2.133168I] P=[0.561957 + 1.066584I] dist=1.288009
lattice = 0.12391411055790679807 + 2.133168.20f I norm=4.565762
sqrtLoxodromic = -0.66545695115281267018 + -1.10278471520029475172 I norm=1.658967
parabolic = -1.28097852763947694932 + -0.53329211496575934515 I norm=1.925306
Generators: a b c d 
   relation: cba
   relation: cBdBaD
   relation: cDA
          g: bb
          m: Cb
          n: DbbDc


M m009 vol=2.666745 area=3.741657 N=[0.000000 + -2.645751I] P=[0.500000 + -1.322876I] dist=1.189207
lattice = -0.00000000000000088818 + -2.645751.20f I norm=7.000000
sqrtLoxodromic = 0.97831834347851531763 + -0.67609672472697812662 I norm=1.414214
parabolic = 1.00000000000000000000 + 0.00000000000000015701 I norm=1.000000
Generators: a b c d 
   relation: cBDba
   relation: cDA
   relation: cAbD
          g: a
          m: BadCd
          n: DcDbCdB


M m010 vol=2.666745 area=3.741657 N=[0.500000 + -1.322876I] P=[0.250000 + -0.661438I] dist=1.681793
lattice = 0.49999999999999977796 + -1.322876.20f I norm=2.000000
sqrtLoxodromic = 1.38355106966569807447 + 0.95614515758492202302 I norm=2.828427
parabolic = 0.25000000000000016653 + -0.66143782776614701291 I norm=0.500000
Generators: a b c d 
   relation: cBDAB
   relation: cDa
   relation: cAbD
          g: a
          m: bCAcad
          n: Bcad


M m015 vol=2.828122 area=3.946927 N=[-0.490245 + -2.979447I] P=[-1.754878 + 1.489724I] dist=1.150964
lattice = 0.49024466750661055414 + 2.979447.20f I norm=9.117445
sqrtLoxodromic = 0.74486176661974390356 + 0.87743883312334725044 I norm=1.324718
parabolic = 0.24512233375330680363 + 1.48972353323948780712 I norm=2.279361
Generators: a b c d 
   relation: DAB
   relation: cBabD
   relation: cdCa
          g: bb
          m: Dc
          n: BacbDAd


M m017 vol=2.828122 area=3.946927 N=[0.215080 + -1.307141I] P=[-0.107540 + 0.653571I] dist=1.737674
lattice = -0.21507985450097810709 + 1.307141.20f I norm=1.754878
sqrtLoxodromic = -1.12455902412460329032 + 1.32471795724474583622 I norm=3.019511
parabolic = -0.10753992725048666657 + 0.65357063934102266334 I norm=0.438719
Generators: a b c d 
   relation: ddC
   relation: bCaC
   relation: bDbaa
          g: a
          m: Cbaa
          n: CbCbCd


M m022 vol=2.989120 area=3.860417 N=[-0.427505 + -1.575567I] P=[-0.786248 + 0.787783I] dist=1.565304
lattice = 0.42750477543925746726 + 1.575567.20f I norm=2.665171
sqrtLoxodromic = -1.24334109547537430274 + 0.95093637622486970606 I norm=2.450177
parabolic = -0.49999999999999800160 + -0.00000000000000176717 I norm=0.250000
Generators: a b c d 
   relation: dAB
   relation: dCAbCb
   relation: dbcA
          g: b
          m: cAdBa
          n: AbCDbDaC


M m023 vol=2.989120 area=3.860417 N=[-0.358383 + -2.364677I] P=[0.679191 + 1.182338I] dist=1.277707
lattice = 0.35838291192978011246 + 2.364677.20f I norm=5.720134
sqrtLoxodromic = -1.01489897201814116556 + -0.77621849241320139967 I norm=1.632535
parabolic = 1.67919145596488883498 + 1.18233827574280203621 I norm=4.217608
Generators: a b c d 
   relation: dAB
   relation: dCAbcb
   relation: dBcA
          g: d
          m: Cbd
          n: AdCDabd


M m029 vol=3.148510 area=3.885779 N=[-0.491055 + -2.083792I] P=[0.745527 + 1.041896I] dist=1.365563
lattice = 0.49105475144807847476 + 2.083792.20f I norm=4.583324
sqrtLoxodromic = -0.84330279014076103827 + 1.07405952609407195908 I norm=1.864763
parabolic = -0.74552737572403848798 + -1.04189601748103455314 I norm=1.641358
Generators: a b c d e 
   relation: Dee
   relation: bcaDC
   relation: bdea
   relation: bCA
          g: c
          m: abCAD
          n: EAc


M m030 vol=3.148510 area=3.885779 N=[-0.442444 + -1.811515I] P=[0.221222 + 0.905757I] dist=1.464597
lattice = -0.44244426973423034433 + -1.811515.20f I norm=3.477343
sqrtLoxodromic = 0.90446086870861941431 + 1.15195256481205721144 I norm=2.145044
parabolic = 0.00000000000000010195 + 0.00000000000000043224 I norm=0.000000
Generators: a b c 
   relation: baCAACa
   relation: BBCB
          g: a
          m: Aaac
          n: Cabca


M m032 vol=3.163963 area=3.990904 N=[-0.173262 + -2.564799I] P=[1.913369 + -1.282399I] dist=1.247409
lattice = 0.17326172174126769354 + 2.564799.20f I norm=6.608212
sqrtLoxodromic = 0.91129216200487350719 + -0.85180795182433455270 I norm=1.556030
parabolic = 0.63464272755222117528 + -0.79897939592785904850 I norm=1.041139
Generators: a b c d 
   relation: baa
   relation: bcD
   relation: bDcAdBC
          g: b
          m: Bd
          n: DbbDcBCb


M m033 vol=3.163963 area=3.990904 N=[0.104877 + -1.552492I] P=[-0.947562 + -0.776246I] dist=1.603323
lattice = -0.10487661774034939821 + 1.552492.20f I norm=2.421230
sqrtLoxodromic = -1.17130395937914499882 + -1.09484758917211610907 I norm=2.570644
parabolic = 0.52165771521765758045 + 0.32059982902850348019 I norm=0.374911
Generators: a b c d 
   relation: baa
   relation: bcD
   relation: bCdAdbC
          g: b
          m: Adb
          n: Acc


M m035 vol=3.177293 area=3.918820 N=[0.456311 + -2.230285I] P=[0.228155 + -1.115143I] dist=1.325554
lattice = -0.45631098730792030160 + 2.230285.20f I norm=5.182391
sqrtLoxodromic = -0.83812066598073831081 + 1.02696026188113309630 I norm=1.757094
parabolic = -0.77184450634603374297 + -1.11514250803993997252 I norm=1.839287
Generators: a b c d 
   relation: bcaDC
   relation: bddda
   relation: bCA
          g: c
          m: abCAD
          n: abCADDDAc


M m037 vol=3.177293 area=3.918820 N=[-0.352201 + -1.721433I] P=[0.176101 + 0.860717I] dist=1.508803
lattice = -0.35220112873895825789 + -1.721433.20f I norm=3.087378
sqrtLoxodromic = -0.95398520780305329225 + -1.16893060701435880233 I norm=2.276487
parabolic = 0.22815549365396181614 + -1.11514250803993530958 I norm=1.295598
Generators: a b c d 
   relation: daa
   relation: BDC
   relation: BBACCAd
          g: b
          m: CAd
          n: DaCAC


M m039 vol=3.177293 area=3.918820 N=[-0.456311 + -2.230285I] P=[0.771845 + -1.115143I] dist=1.325554
lattice = 0.45631098730792718499 + 2.230285.20f I norm=5.182391
sqrtLoxodromic = 1.02696026188112998767 + -0.83812066598073764467 I norm=1.757094
parabolic = 1.00000000000000022204 + -0.00000000000000006319 I norm=1.000000
Generators: a b c d 
   relation: Abc
   relation: ABDBBcd
   relation: AcDb
          g: a
          m: baBb
          n: BbAcDCadABBbAB


M m040 vol=3.177293 area=3.918820 N=[0.352201 + -1.721433I] P=[-0.823899 + -0.860717I] dist=1.508803
lattice = 0.35220112873895870198 + -1.721433.20f I norm=3.087378
sqrtLoxodromic = 1.16893060701435613780 + 0.95398520780305162692 I norm=2.276487
parabolic = -0.41194971781526112942 + -0.43035830931178381542 I norm=0.354911
Generators: a b c 
   relation: Abcb
   relation: AcBBBcAB
          g: b
          m: bbbCb
          n: bbbCbbbbAbaC


M m045 vol=3.275872 area=3.985473 N=[-0.203678 + -2.383342I] P=[-0.898161 + 1.191671I] dist=1.293144
lattice = 0.20367809674055992186 + 2.383342.20f I norm=5.721802
sqrtLoxodromic = 0.87459512618939649897 + 0.95252507344253156685 I norm=1.672221
parabolic = -0.30150749914592311907 + 0.65651470769988395926 I norm=0.521918
Generators: a b c d 
   relation: DbcB
   relation: DAAc
   relation: AdBac
          g: ac
          m: AaD
          n: AdCDacB


M m046 vol=3.275872 area=3.985473 N=[0.142387 + -1.666148I] P=[0.928806 + 0.833074I] dist=1.546619
lattice = 0.14238738078245471996 + -1.666148.20f I norm=2.796322
sqrtLoxodromic = 1.04602837674230708664 + -1.13923371688634400556 I norm=2.392029
parabolic = -0.42880630960877907931 + -0.83307378680603016985 I norm=0.877887
Generators: a b c d e 
   relation: Dee
   relation: DCaaC
   relation: bCba
   relation: bde
          g: a
          m: CdeD
          n: dca


M m053 vol=3.331744 area=3.997635 N=[-0.081264 + -2.362278I] P=[-0.959368 + 1.181139I] dist=1.300876
lattice = 0.08126429145174890456 + 2.362278.20f I norm=5.586962
sqrtLoxodromic = 0.90390768875090499179 + 0.93553753915477000369 I norm=1.692280
parabolic = 0.02031607286293666409 + 0.59056955984154990702 I norm=0.349185
Generators: a b c d 
   relation: baa
   relation: DcadC
   relation: DBCbA
          g: bd
          m: c
          n: DACbAcaBc


M m054 vol=3.331744 area=3.997635 N=[0.058181 + -1.691279I] P=[-0.029091 + 0.845640I] dist=1.537425
lattice = -0.05818137738476836240 + 1.691279.20f I norm=2.863810
sqrtLoxodromic = 1.06827227649569489465 + -1.10565362938898537060 I norm=2.363676
parabolic = 0.49999999999999933387 + -0.00000000000000037576 I norm=0.250000
Generators: a b c d 
   relation: bCbA
   relation: DCAAC
   relation: DDDB
          g: b
          m: DCAbC
          n: cBcBd


M m058 vol=3.356693 area=3.985569 N=[0.149050 + -1.749915I] P=[-0.925475 + -0.874957I] dist=1.509165
lattice = 0.14905041192502943570 + -1.749915.20f I norm=3.084418
sqrtLoxodromic = -1.11150201200059561835 + -1.02085356702293283959 I norm=2.277579
parabolic = 0.55374975263942749493 + 0.50657187841551110097 I norm=0.563254
Generators: a b c d 
   relation: aaB
   relation: dbCa
   relation: dCBCAdB
          g: b
          m: bcb
          n: bcbadbDac


M m059 vol=3.356693 area=3.985569 N=[-0.193295 + -2.269362I] P=[-0.903353 + 1.134681I] dist=1.325236
lattice = 0.19329471737791315000 + 2.269362.20f I norm=5.187365
sqrtLoxodromic = 0.97603827990090374911 + -0.89643756721083933670 I norm=1.756251
parabolic = 0.22474336295390057172 + -0.46216806972869889369 I norm=0.264109
Generators: a b c d e f 
   relation: EADf
   relation: EDC
   relation: bcAC
   relation: bDA
   relation: beff
          g: c
          m: B
          n: DBEaCbb


M m061 vol=3.366729 area=3.959859 N=[-0.273518 + -1.916109I] P=[-0.136759 + -0.958055I] dist=1.437572
lattice = -0.27351809549495897933 + -1.916109.20f I norm=3.746287
sqrtLoxodromic = -0.94195879722943121060 + -1.08596878234720861656 I norm=2.066615
parabolic = 0.13675904774747862924 + 0.95805460833119426844 I norm=0.936572
Generators: a b c 
   relation: CAbaabA
   relation: CCCBC
          g: b
          m: CAABac
          n: CAbAB


M m062 vol=3.366729 area=3.959859 N=[0.292042 + -2.045876I] P=[-0.146021 + 1.022938I] dist=1.391234
lattice = 0.29204182055478550284 + -2.045876.20f I norm=4.270896
sqrtLoxodromic = -0.91159600830510023606 + 1.05096402310106040723 I norm=1.935533
parabolic = -0.17300275528311551132 + -0.45629790893665628237 I norm=0.238138
Generators: a b c d 
   relation: dAcacA
   relation: BDA
   relation: bDCbb
          g: ca
          m: cddb
          n: cddbcaab


M m066 vol=3.394541 area=3.978073 N=[0.192340 + -1.829363I] P=[-0.903830 + -0.914681I] dist=1.474641
lattice = -0.19234008870826635462 + 1.829363.20f I norm=3.383564
sqrtLoxodromic = -0.98670802675146873639 + 1.09588977764973094509 I norm=2.174567
parabolic = -0.60097527700914266102 + 0.36375819870441894466 I norm=0.493491
Generators: a b c d 
   relation: DacAAca
   relation: Bcd
   relation: BBBD
          g: c
          m: BBDacaBBBDAAAB
          n: BBDacaBB


M m067 vol=3.394541 area=3.978073 N=[-0.227382 + -2.162646I] P=[1.886309 + -1.081323I] dist=1.356262
lattice = -0.22738167470153905492 + -2.162646.20f I norm=4.728742
sqrtLoxodromic = -0.90749833468472873577 + -1.00791533184285331259 I norm=1.839447
parabolic = -0.20197135765192009149 + 0.45746844381441065241 I norm=0.250070
Generators: a b c d 
   relation: caaa
   relation: BcD
   relation: AbDAcBd
          g: b
          m: aD
          n: bCbDcAdA


M m073 vol=3.427205 area=3.999202 N=[0.035468 + -1.775304I] P=[-0.017734 + 0.887652I] dist=1.500895
lattice = 0.03546799158399214363 + -1.775304.20f I norm=3.152961
sqrtLoxodromic = 1.07184016589760178206 + 1.05064024041539250121 I norm=2.252686
parabolic = -0.03546799158398569046 + 1.77530357069509880930 I norm=3.152961
Generators: a b c d 
   relation: dadBB
   relation: cAAA
   relation: cDcb
          g: b
          m: DCA
          n: BDA


M m074 vol=3.427205 area=3.999202 N=[-0.044996 + -2.252237I] P=[-0.977502 + 1.126118I] dist=1.332538
lattice = 0.04499642645129164897 + 2.252237.20f I norm=5.074595
sqrtLoxodromic = 0.95161069415441357222 + -0.93278878726380032305 I norm=1.775658
parabolic = -1.67184176768490821985 + 0.55039137874465637879 I norm=3.097986
Generators: a b c d 
   relation: CAcb
   relation: dbABa
   relation: dcBdd
          g: cd
          m: DbCAbBDDD
          n: DbCAbacabCAbBDDD


infinity fixed
M m076 vol=3.439593 area=3.994430 N=[-0.095435 + -1.806538I] P=[-0.952282 + 0.903269I] dist=1.486976
lattice = -0.09543506077371133323 + -1.806538.20f I norm=3.272686
sqrtLoxodromic = 1.02334079811487055345 + 1.07882839602989899497 I norm=2.211097
parabolic = 0.51536916714981406695 + -1.58524672367386965099 I norm=2.778613
Generators: a b c d 
   relation: baaa
   relation: ddbCC
   relation: ADAbc
          g: c
          m: CCda
          n: CBDb


M m077 vol=3.439593 area=3.994430 N=[0.116644 + -2.208018I] P=[-0.941678 + -1.104009I] dist=1.345012
lattice = 0.11664431899410276916 + -2.208018.20f I norm=4.888950
sqrtLoxodromic = 0.92564075944571833077 + -0.97583086460767853865 I norm=1.809057
parabolic = -0.66698025907694591385 + -0.51981045815815807298 I norm=0.715066
Generators: a b c d 
   relation: BDbaC
   relation: dCbbb
   relation: CadA
          g: ab
          m: c
          n: cDbaDABdA


M m079 vol=3.463689 area=3.998169 N=[-0.054921 + -1.814464I] P=[-0.027461 + -0.907232I] dist=1.484418
lattice = 0.05492123425436890027 + 1.814464.20f I norm=3.295297
sqrtLoxodromic = 1.06540234360334551411 + -1.03364208482625730134 I norm=2.203498
parabolic = 0.46420610859387384517 + -0.63192102600917965383 I norm=0.614811
Generators: a b c d e 
   relation: BAA
   relation: dBa
   relation: cbcee
   relation: cDeD
          g: d
          m: bdc
          n: eeec


M m080 vol=3.463689 area=3.998169 N=[0.066666 + -2.202489I] P=[-0.966667 + -1.101245I] dist=1.347329
lattice = 0.06666619423156383561 + -2.202489.20f I norm=4.855404
sqrtLoxodromic = 0.96700998941878379966 + 0.93818286350867907686 I norm=1.815295
parabolic = -0.96666690288423284816 + -1.10124469962094284625 I norm=2.147185
Generators: a b c d e 
   relation: dCDa
   relation: eacA
   relation: BEDC
   relation: BBce
          g: d
          m: C
          n: CCAcebad


infinity fixed
M m084 vol=3.476174 area=3.985073 N=[0.166873 + -1.926162I] P=[0.916563 + 0.963081I] dist=1.438374
lattice = 0.16687313772624645658 + -1.926162.20f I norm=3.737948
sqrtLoxodromic = -0.97220022139671025130 + 1.06006848908373729756 I norm=2.068918
parabolic = 0.48146850341486363556 + 0.54484816594704188475 I norm=0.528671
Generators: a b c d e 
   relation: Baa
   relation: cBA
   relation: bEEcDDc
   relation: bed
          g: e
          m: cDb
          n: cDbcdbEE


M m085 vol=3.476174 area=3.985073 N=[-0.178572 + -2.061198I] P=[-0.089286 + -1.030599I] dist=1.390459
lattice = -0.17857193106446045405 + -2.061198.20f I norm=4.280424
sqrtLoxodromic = 0.93981491734839339713 + 1.02475617421745379687 I norm=1.933377
parabolic = -0.74073425170743711909 + -0.27242408297353071234 I norm=0.622902
Generators: a b c d e 
   relation: dBcbcB
   relation: AEcd
   relation: EDB
   relation: aaE
          g: cB
          m: DBdea
          n: AEBBdAAAEDbd


M m089 vol=3.483899 area=3.988471 N=[-0.144743 + -1.902288I] P=[0.072372 + 0.951144I] dist=1.447988
lattice = -0.14474327069586090388 + -1.902288.20f I norm=3.639649
sqrtLoxodromic = -0.98427557219798034183 + -1.06201330768671864391 I norm=2.096671
parabolic = 0.42022933576246940257 + -0.41870512233845930128 I norm=0.351907
Generators: a b c d e 
   relation: BAA
   relation: eAb
   relation: ced
   relation: ccbddEb
          g: ec
          m: bcE
          n: eDDcBeCB


infinity fixed
M m090 vol=3.483899 area=3.988471 N=[0.159074 + -2.090628I] P=[0.079537 + -1.045314I] dist=1.381226
lattice = -0.15907386367804021710 + 2.090628.20f I norm=4.396028
sqrtLoxodromic = -0.93889382567070245322 + 1.01304732691935162059 I norm=1.907787
parabolic = -0.07953693183901083819 + 1.04531375610522303532 I norm=1.099007
Generators: a b c d e 
   relation: dAcacA
   relation: eDC
   relation: BEDA
   relation: BBe
          g: d
          m: BEEDAa
          n: BEEDAaBEDCAAd


M m093 vol=3.486660 area=3.999679 N=[0.023171 + -1.829532I] P=[-0.011586 + 0.914766I] dist=1.478572
lattice = 0.02317102760331790634 + -1.829532.20f I norm=3.347726
sqrtLoxodromic = -1.03886715794637884969 + 1.05210772507624361616 I norm=2.186176
parabolic = -0.49999999999999927836 + 0.00000000000000030470 I norm=0.250000
Generators: a b c d 
   relation: bCba
   relation: dCaaC
   relation: dBddd
          g: b
          m: cAAB
          n: cBcBD


M m094 vol=3.486660 area=3.999679 N=[-0.027686 + -2.186000I] P=[0.013843 + 1.093000I] dist=1.352656
lattice = 0.02768569330552106411 + 2.186000.20f I norm=4.779364
sqrtLoxodromic = 0.95039679369973995016 + 0.96250978856220892332 I norm=1.829679
parabolic = -1.00692142332638168156 + -0.54650008110169323583 I norm=1.312553
Generators: a b c d 
   relation: CBcA
   relation: DABab
   relation: DDDDC
          g: c
          m: a
          n: CadDDDDB


M m104 vol=3.530260 area=3.998849 N=[0.045052 + -1.877433I] P=[0.022526 + -0.938717I] dist=1.459437
lattice = -0.04505226315731297726 + 1.877433.20f I norm=3.526785
sqrtLoxodromic = -1.01952390935386905113 + 1.04428265249086393851 I norm=2.129955
parabolic = -0.53224228755441393979 + 0.46005684459278678444 I norm=0.494934
Generators: a b c d e f 
   relation: bCba
   relation: DCaaC
   relation: Ebd
   relation: FFE
   relation: fED
          g: b
          m: FDCbCbaaaF
          n: FDCbCbde


M m105 vol=3.530260 area=3.998849 N=[-0.051097 + -2.129342I] P=[0.974451 + -1.064671I] dist=1.370392
lattice = -0.05109725654921426496 + -2.129342.20f I norm=4.536709
sqrtLoxodromic = 0.95731955359087728130 + 0.98056768804848659649 I norm=1.877974
parabolic = -1.01277431413730401033 + -0.53233556616896771096 I norm=1.309093
Generators: a b c d e f 
   relation: caCb
   relation: eFF
   relation: def
   relation: dBAba
   relation: dEc
          g: c
          m: a
          n: CaeB


M m110 vol=3.542395 area=3.999608 N=[-0.026361 + -1.883949I] P=[-0.013180 + -0.941974I] dist=1.457049
lattice = 0.02636089106319722264 + 1.883949.20f I norm=3.549957
sqrtLoxodromic = -1.02305659622430389355 + -1.03747171994454512323 I norm=2.122992
parabolic = -0.01318044553159587046 + -0.94197429626661910440 I norm=0.887489
Generators: a b c d e 
   relation: Baa
   relation: cBA
   relation: bEcDc
   relation: beedd
          g: e
          m: EcDE
          n: EBdb


M m111 vol=3.542395 area=3.999608 N=[0.029703 + -2.122785I] P=[0.014851 + -1.061392I] dist=1.372637
lattice = -0.02970277060663661928 + 2.122785.20f I norm=4.507097
sqrtLoxodromic = -0.96378735154900807558 + 0.97736735676461172773 I norm=1.884133
parabolic = -1.00742569265165937686 + 0.53069614324272007533 I norm=1.296545
Generators: a b c d e 
   relation: CAcB
   relation: dABab
   relation: EDDC
   relation: EEd
          g: c
          m: b
          n: baCDBac


415 manifolds
259 manifolds
infinity fixed
M s000 vol=3.296902 area=3.950037 N=[-0.343936 + -2.155618I] P=[0.828032 + -1.077809I] dist=1.353676
lattice = 0.34393603916229187334 + 2.155618.20f I norm=4.764980
sqrtLoxodromic = 1.02984429995787296619 + -0.87855531886707360911 I norm=1.832439
parabolic = -0.17196801958114321662 + -1.07780885752895372320 I norm=1.191245
Generators: a b c d e 
   relation: DBA
   relation: eCD
   relation: CBdeAAAb
   relation: EcA
          g: a
          m: AEB
          n: deCDbcabea


M s001 vol=3.296902 area=3.950037 N=[0.288720 + -1.809550I] P=[-0.144360 + 0.904775I] dist=1.477458
lattice = -0.28871983384608534973 + 1.809550.20f I norm=3.357832
sqrtLoxodromic = 1.12401498924478771002 + 0.95889189009225006544 I norm=2.182883
parabolic = -0.41636242364342179734 + -0.38985303735399251535 I norm=0.325343
Generators: a b c d e 
   relation: Dab
   relation: eCD
   relation: CbdeAAAb
   relation: EcA
          g: a
          m: CeAAAbde
          n: CeAAAeCbdeAAAbde


M s004 vol=3.460129 area=3.989968 N=[0.131547 + -1.853929I] P=[0.065774 + -0.926965I] dist=1.467027
lattice = -0.13154708689866456695 + 1.853929.20f I norm=3.454358
sqrtLoxodromic = 1.07342785205473667531 + 0.99996070202312026254 I norm=2.152169
parabolic = -0.49999999999999966693 + -0.00000000000000046428 I norm=0.250000
Generators: a b c d 
   relation: Baa
   relation: DBcB
   relation: dCCdBBA
          g: b
          m: BC
          n: CdCC


M s005 vol=3.460129 area=3.989968 N=[-0.152326 + -2.146771I] P=[0.923837 + -1.073386I] dist=1.363301
lattice = -0.15232594797625664818 + -2.146771.20f I norm=4.631830
sqrtLoxodromic = -0.99753130184362059918 + 0.92925863528899843580 I norm=1.858590
parabolic = -0.20720550218411923349 + 0.44233177786097499506 I norm=0.238592
Generators: a b c d 
   relation: baa
   relation: cBDb
   relation: cbdCAbD
          g: b
          m: CB
          n: bdBDcbbc


M s006 vol=3.471288 area=3.982617 N=[-0.182983 + -1.956361I] P=[0.091491 + 0.978181I] dist=1.426789
lattice = 0.18298258819424351174 + 1.956361.20f I norm=3.860833
sqrtLoxodromic = -0.96076752061063430688 + -1.05482348911784384882 I norm=2.035727
parabolic = 0.66445659006864388196 + 0.38130013292426334637 I norm=0.586892
Generators: a b c 
   relation: baCAACa
   relation: bbbbcb
          g: c
          m: bbaCB
          n: BBBaaacABB


infinity fixed
M s007 vol=3.471288 area=3.982617 N=[0.189578 + -2.026880I] P=[-0.094789 + 1.013440I] dist=1.401749
lattice = -0.18957836453445986447 + 2.026880.20f I norm=4.144184
sqrtLoxodromic = 0.94390613740121609432 + -1.03631143215634247134 I norm=1.964900
parabolic = 1.00000000000000155431 + -0.00000000000000062153 I norm=1.000000
Generators: a b c 
   relation: ABCbbCB
   relation: AAACAA
          g: c
          m: bca
          n: bcBBBAAaca


M s008 vol=3.493882 area=3.992043 N=[0.119126 + -1.885822I] P=[-0.059563 + 0.942911I] dist=1.454947
lattice = -0.11912550978441349692 + 1.885822.20f I norm=3.570514
sqrtLoxodromic = -0.99584571374874064631 + 1.06073721185389469035 I norm=2.116872
parabolic = 0.23486448747589114272 + 0.26583287595006499515 I norm=0.125828
Generators: a b c d 
   relation: bcd
   relation: CAAAA
   relation: addCabb
          g: b
          m: addCabAc
          n: babAc


M s009 vol=3.493882 area=3.992043 N=[-0.133455 + -2.112661I] P=[0.933273 + -1.056331I] dist=1.374620
lattice = 0.13345474701977377840 + 2.112661.20f I norm=4.481148
sqrtLoxodromic = 0.94086525604011561619 + 1.00217410653431482359 I norm=1.889580
parabolic = -0.93327262649011322182 + 1.05633060583845383995 I norm=1.986832
Generators: a b c d 
   relation: dBaaaa
   relation: cBD
   relation: cAdCBA
          g: b
          m: Ad
          n: DcdBAcDa


infinity fixed
M s012 vol=3.517761 area=3.997417 N=[0.076619 + -2.131125I] P=[0.961691 + 1.065563I] dist=1.369573
lattice = 0.07661856616684015187 + -2.131125.20f I norm=4.547566
sqrtLoxodromic = 0.98567837839438099401 + 0.95087792736057952236 I norm=1.875731
parabolic = 0.98084535845829201595 + 0.53278135701338746877 I norm=1.245914
Generators: a b c d e f 
   relation: dBAb
   relation: dCA
   relation: eBc
   relation: FEAC
   relation: fEDff
          g: ba
          m: fffDf
          n: fffDffffABef


M s013 vol=3.517761 area=3.997417 N=[-0.067393 + -1.874520I] P=[0.033697 + 0.937260I] dist=1.460309
lattice = -0.06739303289261255880 + -1.874520.20f I norm=3.518366
sqrtLoxodromic = 1.01387467634239492043 + 1.05098069701362462069 I norm=2.132502
parabolic = -0.03369651644630865250 + -0.93725981349178077995 I norm=0.879591
Generators: a b c d e 
   relation: cBcA
   relation: DBAAB
   relation: Ecd
   relation: edeee
          g: a
          m: bdeD
          n: AAAB


M s014 vol=3.517761 area=3.997417 N=[0.076619 + -2.131125I] P=[-0.961691 + -1.065563I] dist=1.369573
lattice = 0.07661856616683351828 + -2.131125.20f I norm=4.547566
sqrtLoxodromic = 0.95087792736058684984 + -0.98567837839438876557 I norm=1.875731
parabolic = -0.30264371563013769961 + 0.51237088518598183917 I norm=0.354117
Generators: a b c d 
   relation: AcDab
   relation: bDcBC
   relation: DAAAA
          g: bA
          m: dB
          n: dAcbCabCdB


M s015 vol=3.517761 area=3.997417 N=[0.067393 + -1.874520I] P=[0.033697 + -0.937260I] dist=1.460309
lattice = -0.06739303289263709473 + 1.874520.20f I norm=3.518366
sqrtLoxodromic = 1.05098069701363527884 + 1.01387467634234251790 I norm=2.132502
parabolic = -0.46563075276840715233 + -0.34211442029430316758 I norm=0.333854
Generators: a b c d e 
   relation: cAAA
   relation: bDAeD
   relation: bce
   relation: BcDE
          g: c
          m: dBdC
          n: AedB


infinity fixed
M s016 vol=3.526196 area=3.999854 N=[0.018318 + -2.142995I] P=[0.990841 + 1.071498I] dist=1.366191
lattice = -0.01831769673547445354 + 2.142995.20f I norm=4.592764
sqrtLoxodromic = 0.97016282567895750777 + 0.96190559808667197572 I norm=1.866478
parabolic = 0.00457942418384364638 + -0.53574878250430912896 I norm=0.287048
Generators: a b c d 
   relation: cbCA
   relation: DABab
   relation: DDDDca
          g: c
          m: B
          n: DDDDDABac


M s017 vol=3.526196 area=3.999854 N=[0.015954 + -1.866410I] P=[0.007977 + -0.933205I] dist=1.463924
lattice = -0.01595352869889576919 + 1.866410.20f I norm=3.483741
sqrtLoxodromic = 1.03956508033037886563 + 1.03071715785997986004 I norm=2.143073
parabolic = -0.50000000000000199840 + 0.00000000000000181318 I norm=0.250000
Generators: a b c d 
   relation: cacB
   relation: DBaaB
   relation: dCddd
          g: c
          m: bacBAbd
          n: bad


M s018 vol=3.537609 area=3.997502 N=[0.074494 + -2.106733I] P=[0.962753 + 1.053366I] dist=1.377494
lattice = 0.07449416174534251311 + -2.106733.20f I norm=4.443872
sqrtLoxodromic = 0.99109588462411135623 + 0.95667009749672793362 I norm=1.897489
parabolic = -0.33715883270375057723 + -0.50505081263761053556 I norm=0.368752
Generators: a b c d e f 
   relation: Baa
   relation: CEfD
   relation: CfE
   relation: DfdEb
   relation: cBA
          g: c
          m: Eb
          n: EbEfDDCdEb


M s019 vol=3.537609 area=3.997502 N=[-0.067053 + -1.896304I] P=[-0.966473 + 0.948152I] dist=1.451912
lattice = 0.06705337707443681516 + 1.896304.20f I norm=3.600463
sqrtLoxodromic = 1.04463954912443268697 + -1.00835391894382309097 I norm=2.108049
parabolic = 0.46647331146278042668 + -0.94815179657194714746 I norm=1.116589
Generators: a b c d e f 
   relation: aBB
   relation: cAB
   relation: edc
   relation: FEDc
   relation: FAeFd
          g: c
          m: deAe
          n: EaFEC


M s022 vol=3.553820 area=3.999927 N=[0.011445 + -1.892568I] P=[0.005722 + -0.946284I] dist=1.453786
lattice = 0.01144485400005945674 + -1.892568.20f I norm=3.581943
sqrtLoxodromic = -1.02486869631769317301 + 1.03108508638373308486 I norm=2.113492
parabolic = 0.39158328139969605930 + 0.20756147006424985335 I norm=0.196419
Generators: a b c d 
   relation: Dbbbb
   relation: aabcc
   relation: dAdbC
          g: a
          m: dba
          n: dbAdA


M s023 vol=3.553820 area=3.999927 N=[-0.012781 + -2.113454I] P=[-0.006390 + -1.056727I] dist=1.375719
lattice = 0.01278061067103053450 + 2.113454.20f I norm=4.466850
sqrtLoxodromic = 0.96983433182234601855 + 0.97571690831990864901 I norm=1.892602
parabolic = -0.00000000000000018663 + -0.00000000000000048687 I norm=0.000000
Generators: a b c d e 
   relation: CacB
   relation: DBab
   relation: EAd
   relation: ecdeee
          g: c
          m: A
          n: cDCABa


infinity fixed
M s024 vol=3.556390 area=3.999406 N=[0.032737 + -1.899683I] P=[0.016369 + -0.949842I] dist=1.450966
lattice = -0.03273742609419416638 + 1.899683.20f I norm=3.609868
sqrtLoxodromic = -1.03478917295464634130 + -1.01711019327225726805 I norm=2.105302
parabolic = 0.47909685105217064693 + 0.68671788784367127079 I norm=0.701115
Generators: a b c d e 
   relation: Caaa
   relation: dbEb
   relation: dEc
   relation: dBACEA
          g: d
          m: BeBAC
          n: dBe


M s025 vol=3.556390 area=3.999406 N=[-0.036275 + -2.104989I] P=[-0.981862 + 1.052495I] dist=1.378392
lattice = 0.03627548720588572029 + 2.104989.20f I norm=4.432296
sqrtLoxodromic = 0.98303168116269512566 + -0.96623695855380997699 I norm=1.899965
parabolic = 0.64019456985462663834 + -0.56276208764935120588 I norm=0.726550
Generators: a b c d e 
   relation: DAea
   relation: cBaEbd
   relation: cbbb
   relation: cdE
          g: cB
          m: Ae
          n: EbdEaDBeAEa


M s028 vol=3.565845 area=3.995612 N=[0.092423 + -1.971548I] P=[0.953788 + 0.985774I] dist=1.423600
lattice = 0.09242347413973284187 + -1.971548.20f I norm=3.895544
sqrtLoxodromic = -0.98278563096159909929 + 1.02993657246532865912 I norm=2.026637
parabolic = -0.00000000000000018224 + 0.00000000000000174749 I norm=0.000000
Generators: a b c d e 
   relation: aBB
   relation: eAAB
   relation: aCd
   relation: acceDDe
          g: c
          m: ceDD
          n: cbaadE


M s029 vol=3.565845 area=3.995612 N=[0.094902 + -2.024414I] P=[-1.952549 + -1.012207I] dist=1.404889
lattice = 0.09490174687702677969 + -2.024414.20f I norm=4.107257
sqrtLoxodromic = -0.96986846701250617464 + 1.01639968390634027884 I norm=1.973713
parabolic = 0.19266290849897593773 + 0.41852577978229155153 I norm=0.212283
Generators: a b c d e 
   relation: abb
   relation: DBaa
   relation: ceA
   relation: cADeCDE
          g: c
          m: ADc
          n: ADeCaCDAc


M s030 vol=3.568088 area=3.996185 N=[0.085680 + -1.960467I] P=[0.042840 + -0.980233I] dist=1.427720
lattice = 0.08567950801597445931 + -1.960467.20f I norm=3.850772
sqrtLoxodromic = -0.98726508152874492552 + 1.03135453415599842586 I norm=2.038385
parabolic = 0.32921180599638444342 + 0.35579851955344238279 I norm=0.234973
Generators: a b c d e 
   relation: CAAA
   relation: eAc
   relation: BcD
   relation: bbcEddE
          g: b
          m: cEb
          n: BBeDeCB


M s031 vol=3.568088 area=3.996185 N=[-0.089000 + -2.036441I] P=[0.044500 + 1.018220I] dist=1.400835
lattice = -0.08899983391818255818 + -2.036441.20f I norm=4.155011
sqrtLoxodromic = 0.96867403928891304687 + 1.01193324997664824139 I norm=1.962338
parabolic = -0.74503105539484903996 + -0.26111520410430971717 I norm=0.623252
Generators: a b c d e 
   relation: dBcbcB
   relation: EDB
   relation: aDCe
   relation: aaEa
          g: cB
          m: Abbd
          n: DBBcbbea


M s033 vol=3.571079 area=3.996867 N=[-0.077274 + -1.951267I] P=[0.961363 + -0.975633I] dist=1.431204
lattice = -0.07727360948363695692 + -1.951267.20f I norm=3.813412
sqrtLoxodromic = -0.99178890163866739726 + -1.03184290455196681080 I norm=2.048345
parabolic = 0.44140673873828589757 + 0.65584533184040494369 I norm=0.624973
Generators: a b c d e 
   relation: daCAACa
   relation: EDC
   relation: bDe
   relation: bbEb
          g: c
          m: BEaCadEBAAAd
          n: eDAcAeb


M s034 vol=3.571079 area=3.996867 N=[0.081055 + -2.046741I] P=[-0.959473 + -1.023370I] dist=1.397425
lattice = 0.08105455426064211988 + -2.046741.20f I norm=4.195717
sqrtLoxodromic = -0.96838071630986632954 + 1.00748936530682442481 I norm=1.952796
parabolic = -2.06014823063841001627 + -1.35057479675688818510 I norm=6.068263
Generators: a b c d e 
   relation: CBBB
   relation: eDCb
   relation: aED
   relation: aCdAEC
          g: ea
          m: Dca
          n: DcAdAceDa


M s038 vol=3.574685 area=3.997571 N=[0.067780 + -1.944179I] P=[-0.966110 + -0.972089I] dist=1.433937
lattice = 0.06778039522654322191 + -1.944179.20f I norm=3.784425
sqrtLoxodromic = 0.99612585917531726309 + -1.03145923340799949841 I norm=2.056175
parabolic = 0.40008588127869487705 + 0.31919678164372222717 I norm=0.261955
Generators: a b c d e 
   relation: abb
   relation: cAAb
   relation: cEd
   relation: ceeaDDa
          g: d
          m: eaDD
          n: eadA


M s039 vol=3.574685 area=3.997571 N=[-0.071641 + -2.054926I] P=[-0.035821 + -1.027463I] dist=1.394762
lattice = -0.07164142286491304024 + -2.054926.20f I norm=4.227855
sqrtLoxodromic = 0.96891161357472910254 + 1.00327967693282715800 I norm=1.945360
parabolic = -0.34945230204269372987 + -0.60495583338958169861 I norm=0.488088
Generators: a b c d e 
   relation: DBCbCB
   relation: ecd
   relation: ADbee
   relation: AAE
          g: cb
          m: EEBbbe
          n: ADCbbdeeEBBbee


M s040 vol=3.582449 area=3.999885 N=[0.014574 + -1.921024I] P=[0.007287 + -0.960512I] dist=1.442970
lattice = 0.01457360558955234087 + -1.921024.20f I norm=3.690547
sqrtLoxodromic = -1.02419676788963265324 + -1.01645630278034415639 I norm=2.082162
parabolic = 0.53521441893255317090 + 0.63469147190840091710 I norm=0.689288
Generators: a b c d e 
   relation: Baa
   relation: eBBA
   relation: EdEc
   relation: DBDCC
          g: e
          m: bde
          n: bCd


M s041 vol=3.582449 area=3.999885 N=[-0.015796 + -2.082103I] P=[-0.992102 + 1.041051I] dist=1.386030
lattice = 0.01579560389368483975 + 2.082103.20f I norm=4.335400
sqrtLoxodromic = -0.98378181333332659353 + 0.97634678811160935386 I norm=1.921080
parabolic = -1.00000000000000022204 + 0.00000000000000028896 I norm=1.000000
Generators: a b c d e 
   relation: Cacb
   relation: EABab
   relation: DDE
   relation: Dcee
          g: c
          m: a
          n: bacAbC


M s046 vol=3.589715 area=3.997619 N=[-0.068103 + -1.972820I] P=[-0.034052 + -0.986410I] dist=1.423498
lattice = -0.06810333902934717631 + -1.972820.20f I norm=3.896656
sqrtLoxodromic = -0.98904954690128310535 + -1.02378148004843505525 I norm=2.026348
parabolic = 0.03405166951467392816 + 0.98640995832137723376 I norm=0.974164
Generators: a b c d e 
   relation: DAbaabA
   relation: DBDc
   relation: dce
   relation: cEE
          g: b
          m: aBd
          n: baaabA


infinity fixed
M s047 vol=3.589715 area=3.997619 N=[0.069910 + -2.025141I] P=[-0.034955 + 1.012571I] dist=1.404989
lattice = -0.06990951266456393864 + 2.025141.20f I norm=4.106084
sqrtLoxodromic = 0.97618945876005458473 + -1.01046979095053113262 I norm=1.973995
parabolic = -0.99999999999999600320 + -0.00000000000000376824 I norm=1.000000
Generators: a b c d e f 
   relation: dBccB
   relation: faa
   relation: Ebbd
   relation: fEDC
   relation: aFE
          g: b
          m: cB
          n: cBdeDCB


M s048 vol=3.590090 area=3.999810 N=[-0.020179 + -2.072766I] P=[-0.989910 + 1.036383I] dist=1.389136
lattice = 0.02017911284340100087 + 2.072766.20f I norm=4.296764
sqrtLoxodromic = 0.98703670263058307377 + -0.97747432091505759288 I norm=1.929698
parabolic = 0.26345208049385321347 + -0.52341970329589371236 I norm=0.343375
Generators: a b c d e f 
   relation: Baa
   relation: cBA
   relation: fceD
   relation: bDc
   relation: bFefDE
          g: d
          m: e
          n: fBCDEbc


M s049 vol=3.590090 area=3.999810 N=[0.018785 + -1.929606I] P=[-0.009393 + 0.964803I] dist=1.439744
lattice = 0.01878540429155917124 + -1.929606.20f I norm=3.723732
sqrtLoxodromic = 1.02299630116335826813 + 1.01308554394502037255 I norm=2.072864
parabolic = -0.48808490874881554911 + -0.70570733956764331030 I norm=0.736250
Generators: a b c d e f 
   relation: Abb
   relation: DFeF
   relation: cAfDAe
   relation: cba
   relation: cdE
          g: d
          m: dfDAe
          n: dFe


M s051 vol=3.592325 area=3.999538 N=[-0.029436 + -1.935765I] P=[-0.014718 + -0.967882I] dist=1.437403
lattice = -0.02943553736718873548 + -1.935765.20f I norm=3.748052
sqrtLoxodromic = -1.00864104223501627189 + -1.02409519776868407348 I norm=2.066128
parabolic = 0.38179247477179806269 + -1.17429003337044335353 I norm=1.524723
Generators: a b c d e 
   relation: Baa
   relation: cabb
   relation: ECbdb
   relation: EEddc
          g: e
          m: Bdc
          n: CBbdce


M s052 vol=3.592325 area=3.999538 N=[0.031414 + -2.065889I] P=[0.015707 + -1.032944I] dist=1.391398
lattice = -0.03141422201183430296 + 2.065889.20f I norm=4.268884
sqrtLoxodromic = -0.97635884699425767863 + 0.99131838249433812393 I norm=1.935989
parabolic = -0.00000000000000625964 + 0.00000000000001513086 I norm=0.000000
Generators: a b c d e f 
   relation: CAcb
   relation: DBab
   relation: ecd
   relation: FDaee
   relation: FFE
          g: ca
          m: aeeF
          n: aeeFBcBeeeF


M s054 vol=3.593764 area=3.998322 N=[0.056798 + -1.960355I] P=[-0.028399 + 0.980178I] dist=1.428142
lattice = -0.05679839487440210832 + 1.960355.20f I norm=3.846218
sqrtLoxodromic = -0.99511843453269932525 + 1.02436811787370629645 I norm=2.039591
parabolic = -0.53075371318309216839 + 0.46778937962883843094 I norm=0.500526
Generators: a b c d e f 
   relation: daCAACa
   relation: Ecd
   relation: BFE
   relation: Fde
   relation: bbF
          g: c
          m: bEDAcAfbbFEDaaab
          n: bEDAcAfbb


M s055 vol=3.593764 area=3.998322 N=[-0.059069 + -2.038735I] P=[0.029535 + 1.019368I] dist=1.400421
lattice = -0.05906934216920889380 + -2.038735.20f I norm=4.159930
sqrtLoxodromic = 0.97580207164249455065 + 1.00448398588359544270 I norm=1.961178
parabolic = 0.01476733554230177416 + 0.50968379892159043631 I norm=0.259996
Generators: a b c d e f 
   relation: DBCbbCB
   relation: fAA
   relation: faE
   relation: Ecd
   relation: FED
          g: b
          m: bC
          n: bbdFEDCbcB


M s056 vol=3.596882 area=3.999752 N=[0.021566 + -1.937391I] P=[0.989217 + 0.968696I] dist=1.436838
lattice = 0.02156558503836564222 + -1.937391.20f I norm=3.753949
sqrtLoxodromic = 1.01032795815848608356 + -1.02163676157504390574 I norm=2.064504
parabolic = 0.53937326292055109977 + -0.32282460272685842284 I norm=0.395139
Generators: a b c d e f 
   relation: CbCA
   relation: dbAAb
   relation: EDC
   relation: fDe
   relation: ffEf
          g: c
          m: eDBef
          n: eDBefDaaaf


M s057 vol=3.596882 area=3.999752 N=[-0.022979 + -2.064376I] P=[-0.988510 + 1.032188I] dist=1.391945
lattice = 0.02297908956479316478 + 2.064376.20f I norm=4.262178
sqrtLoxodromic = -0.97876083849115680380 + -0.98971630480770977911 I norm=1.937511
parabolic = 0.78081099385889396469 + -0.62092393700957138059 I norm=0.995212
Generators: a b c d e 
   relation: CAAA
   relation: CbDce
   relation: eBCa
   relation: BdeD
          g: ce
          m: BCc
          n: ECdEBceDCc


M s060 vol=3.601305 area=3.999885 N=[-0.014712 + -1.939873I] P=[-0.992644 + 0.969937I] dist=1.435943
lattice = 0.01471157878651607742 + 1.939873.20f I norm=3.763324
sqrtLoxodromic = -1.01150740253627913212 + -1.01920754363925958330 I norm=2.061931
parabolic = -0.39593271720285549975 + 0.20489160276878259914 I norm=0.198743
Generators: a b c d e 
   relation: BAAA
   relation: eebcc
   relation: DAb
   relation: DcBDe
          g: e
          m: dbCCBE
          n: eDeBD


M s061 vol=3.601305 area=3.999885 N=[0.015637 + -2.061872I] P=[0.992182 + 1.030936I] dist=1.392813
lattice = 0.01563679162532841463 + -2.061872.20f I norm=4.251560
sqrtLoxodromic = -0.98112621967006030665 + 0.98859508278689300909 I norm=1.939929
parabolic = -0.73821723353947998891 + 0.51949812031154263270 I norm=0.814843
Generators: a b c d e 
   relation: CAAA
   relation: eBcEb
   relation: DAc
   relation: DEdcB
          g: dc
          m: CDed
          n: CDedCDeCbEdbE


M s064 vol=3.605536 area=3.999958 N=[-0.008875 + -1.942926I] P=[-0.004437 + -0.971463I] dist=1.434827
lattice = 0.00887469743989854898 + 1.942926.20f I norm=3.775042
sqrtLoxodromic = 1.01225615846733285608 + 1.01689039662569968847 I norm=2.058729
parabolic = 0.39475082234998909447 + 0.20269257606453247589 I norm=0.196912
Generators: a b c d e 
   relation: Baa
   relation: dBBA
   relation: bCdEd
   relation: bccee
          g: c
          m: CdEC
          n: CBeb


M s065 vol=3.605536 area=3.999958 N=[-0.009404 + -2.058707I] P=[0.995298 + -1.029354I] dist=1.393896
lattice = -0.00940354839452517410 + -2.058707.20f I norm=4.238363
sqrtLoxodromic = -0.98337989183293572637 + -0.98788193074944752325 I norm=1.942947
parabolic = 0.79166189822236709972 + 0.40841012528153813887 I norm=0.793527
Generators: a b c d e 
   relation: CBcA
   relation: dBAba
   relation: EDDCD
   relation: EdE
          g: c
          m: EDDaCdD
          n: EEEDBCadD


M s070 vol=3.611334 area=3.999816 N=[-0.018697 + -1.951416I] P=[0.009349 + 0.975708I] dist=1.431677
lattice = 0.01869736846474612246 + 1.951416.20f I norm=3.808373
sqrtLoxodromic = -1.00748734764324465729 + -1.01718676909961125432 I norm=2.049700
parabolic = -0.44686675337319714529 + 0.36760930282397030755 I norm=0.334826
Generators: a b c d e f 
   relation: Abb
   relation: Cba
   relation: FCA
   relation: dfeed
   relation: dceFc
          g: d
          m: DFc
          n: feFD


M s071 vol=3.611334 area=3.999816 N=[0.019638 + -2.049606I] P=[0.990181 + 1.024803I] dist=1.396963
lattice = -0.01963816757007558200 + 2.049606.20f I norm=4.201269
sqrtLoxodromic = 0.98305850170944708566 + -0.99252273840354210410 I norm=1.951505
parabolic = 0.20568162483475402325 + 0.40901793820583859373 I norm=0.209601
Generators: a b c d e f 
   relation: Baa
   relation: CBA
   relation: cfECd
   relation: dFBc
   relation: FedE
          g: ec
          m: f
          n: ffDcECEf


M s076 vol=3.617252 area=3.999953 N=[0.009500 + -1.954740I] P=[-0.004750 + 0.977370I] dist=1.430484
lattice = -0.00950016906378747805 + 1.954740.20f I norm=3.821097
sqrtLoxodromic = -1.00904390684140454759 + 1.01395984652862858333 I norm=2.046284
parabolic = -0.00475008453192254237 + 0.97736981173354453567 I norm=0.955274
Generators: a b c d e f 
   relation: CbCA
   relation: dbAAb
   relation: EFD
   relation: Fcdd
   relation: eeF
          g: a
          m: Bcaa
          n: BcddfEA


M s077 vol=3.617252 area=3.999953 N=[-0.009945 + -2.046260I] P=[0.995028 + -1.023130I] dist=1.398128
lattice = -0.00994496443859516077 + -2.046260.20f I norm=4.187279
sqrtLoxodromic = 0.98622070045314247366 + 0.99102544824345040197 I norm=1.954763
parabolic = -0.99999999999999977796 + 0.00000000000000000000 I norm=1.000000
Generators: a b c d e f 
   relation: cBCA
   relation: DBAba
   relation: FDCD
   relation: EFE
   relation: EDf
          g: c
          m: a
          n: cafddDB


962 manifolds
887 manifolds
infinity fixed
M v0000 vol=3.377597 area=3.967800 N=[-0.269390 + -2.110263I] P=[0.865305 + -1.055131I] dist=1.371218
lattice = 0.26938993142260425628 + 2.110263.20f I norm=4.525780
sqrtLoxodromic = -1.02915830823068632505 + 0.90613084975275326460 I norm=1.880240
parabolic = 0.13469496571130559759 + 1.05513139291122692853 I norm=1.131445
Generators: a b c d e 
   relation: dab
   relation: CBaaaeDDb
   relation: Ced
   relation: CAe
          g: a
          m: bC
          n: cBABaaaAAbcB


M v0001 vol=3.377597 area=3.967800 N=[0.238094 + -1.865104I] P=[-0.880953 + -0.932552I] dist=1.458557
lattice = -0.23809370652660000189 + 1.865104.20f I norm=3.535302
sqrtLoxodromic = 1.09470954869809622423 + 0.96384597555220707932 I norm=2.127388
parabolic = -0.46470432238763020871 + -0.56664886894571786513 I norm=0.537041
Generators: a b c d e 
   relation: dBA
   relation: CBaaaeDDB
   relation: Ced
   relation: CAe
          g: a
          m: AAACBaa
          n: AAACbddE


M v0004 vol=3.520121 area=3.993729 N=[0.117076 + -2.088273I] P=[0.941462 + 1.044137I] dist=1.382915
lattice = -0.11707623756619700561 + 2.088273.20f I norm=4.374591
sqrtLoxodromic = -1.00486473791945440937 + -0.95010631246011789663 I norm=1.912455
parabolic = -0.02926905939154834935 + 0.52206825853356275680 I norm=0.273412
Generators: a b c d e 
   relation: CacB
   relation: EbC
   relation: edd
   relation: dEEEAbaB
          g: c
          m: B
          n: CBaeeEEEA


M v0005 vol=3.520121 area=3.993729 N=[-0.107051 + -1.909457I] P=[0.946474 + -0.954728I] dist=1.446220
lattice = -0.10705113653738237978 + -1.909457.20f I norm=3.657485
sqrtLoxodromic = -1.05086358732486795375 + 0.99359853139943066225 I norm=2.091552
parabolic = -0.94647443173131340366 + 0.95472833066585072181 I norm=1.807320
Generators: a b c d e f 
   relation: FbeFe
   relation: CBa
   relation: DCF
   relation: DFB
   relation: DacEab
          g: c
          m: cEac
          n: CAeCAAbeC


M v0006 vol=3.529163 area=3.991340 N=[-0.130153 + -1.974683I] P=[0.065076 + 0.987341I] dist=1.421709
lattice = 0.13015290336025253648 + 1.974683.20f I norm=3.916311
sqrtLoxodromic = -0.97167952083514563810 + -1.03783200667236030768 I norm=2.021256
parabolic = 0.52654992218575846774 + 0.54685770751520190736 I norm=0.576308
Generators: a b c 
   relation: baCAACa
   relation: bbbbbcb
          g: c
          m: bbbbaCBBB
          n: BBaaacABBBB


M v0007 vol=3.529163 area=3.991340 N=[0.132934 + -2.016880I] P=[0.933533 + 1.008440I] dist=1.406758
lattice = 0.13293418286318278709 + -2.016880.20f I norm=4.085477
sqrtLoxodromic = 0.96146093837891921652 + -1.02691773740092662237 I norm=1.978967
parabolic = -0.18682261838796304643 + -0.42411519454819457398 I norm=0.214776
Generators: a b c d e 
   relation: Baaaaa
   relation: CBDBed
   relation: Cae
   relation: CdE
          g: c
          m: BeCdE
          n: BeCdEBAED


M v0009 vol=3.547075 area=3.996488 N=[-0.080449 + -1.918645I] P=[-0.040225 + -0.959323I] dist=1.443251
lattice = -0.08044942310703867561 + -1.918645.20f I norm=3.687672
sqrtLoxodromic = 0.99892715666014597620 + 1.04169024559543954567 I norm=2.082974
parabolic = -0.00000000000000033100 + -0.00000000000000021911 I norm=0.000000
Generators: a b c d 
   relation: cdB
   relation: CAdbbAC
   relation: DAAAAA
          g: b
          m: ACbb
          n: cAdca


infinity fixed
M v0010 vol=3.547075 area=3.996488 N=[0.087263 + -2.081145I] P=[-0.043632 + 1.040573I] dist=1.385760
lattice = -0.08726310345557153347 + 2.081145.20f I norm=4.338781
sqrtLoxodromic = 0.95913548731260900304 + -1.00019513402606552432 I norm=1.920331
parabolic = 0.99999999999999833467 + -0.00000000000000514546 I norm=1.000000
Generators: a b c d 
   relation: DACaaCA
   relation: bcd
   relation: bbbbbD
          g: c
          m: acd
          n: acAAAc


M v0012 vol=3.561145 area=3.998642 N=[0.049834 + -1.912274I] P=[-0.024917 + 0.956137I] dist=1.446043
lattice = 0.04983377729734206341 + -1.912274.20f I norm=3.659276
sqrtLoxodromic = -1.00910020322893223543 + 1.03573990100355040056 I norm=2.091040
parabolic = 0.46827387105455697824 + 0.69484574286835998347 I norm=0.702091
Generators: a b c d 
   relation: ACAbD
   relation: CDDBC
   relation: BAAAAA
          g: c
          m: CCAbDB
          n: cbDB


M v0013 vol=3.561145 area=3.998642 N=[-0.054474 + -2.090331I] P=[-0.972763 + 1.045165I] dist=1.383085
lattice = -0.05447392237416914806 + -2.090331.20f I norm=4.372450
sqrtLoxodromic = 0.96516568616779774281 + 0.99064553653317399817 I norm=1.912923
parabolic = -1.01361848059354353602 + -0.52258267229750099414 I norm=1.300515
Generators: a b c d e 
   relation: cACB
   relation: DABab
   relation: Ecd
   relation: deeeee
          g: c
          m: a
          n: CadeeEDB


M v0014 vol=3.567463 area=3.997967 N=[-0.066110 + -2.072706I] P=[0.966945 + -1.036353I] dist=1.388835
lattice = -0.06610965650996669662 + -2.072706.20f I norm=4.300479
sqrtLoxodromic = -0.99758569203012159576 + 0.96627465250409994013 I norm=1.928864
parabolic = -0.64789303075716764280 + 0.61512984565590500541 I norm=0.798150
Generators: a b c d e f 
   relation: Cdd
   relation: aBDC
   relation: ECD
   relation: EfAb
   relation: fBFEda
          g: e
          m: EdbE
          n: efEFeBDeeBDe


M v0015 vol=3.567463 area=3.997967 N=[0.061491 + -1.927884I] P=[0.969255 + 0.963942I] dist=1.440055
lattice = -0.06149050887129706155 + 1.927884.20f I norm=3.720516
sqrtLoxodromic = 1.03437643602546369692 + 1.00191065215153152224 I norm=2.073760
parabolic = -0.46893779709530408750 + -0.32850617112165242384 I norm=0.327819
Generators: a b c d e 
   relation: ecBa
   relation: ECB
   relation: dAcAeB
   relation: dbdd
          g: b
          m: bEAcAe
          n: bEAcD


infinity fixed
M v0016 vol=3.573883 area=3.999961 N=[-0.009287 + -2.092263I] P=[0.995357 + -1.046132I] dist=1.382674
lattice = 0.00928687242106618349 + 2.092263.20f I norm=4.377651
sqrtLoxodromic = 0.97986538610192841503 + -0.97552573622265537079 I norm=1.911787
parabolic = -0.00232171810527857878 + -0.52306576995923570461 I norm=0.273603
Generators: a b c d 
   relation: caCB
   relation: dABab
   relation: DDDDDcb
          g: c
          m: a
          n: aDDDDDDBAc


M v0017 vol=3.573883 area=3.999961 N=[0.008486 + -1.911768I] P=[-0.004243 + 0.955884I] dist=1.446473
lattice = -0.00848571284792909442 + 1.911768.20f I norm=3.654928
sqrtLoxodromic = -1.02507818308000175911 + -1.02053829374771520833 I norm=2.092284
parabolic = 0.49999999999999872324 + -0.00000000000000063675 I norm=0.250000
Generators: a b c d 
   relation: cBaB
   relation: Dcaac
   relation: DBDDDD
          g: a
          m: CAbCd
          n: bCbCd


M v0018 vol=3.578759 area=3.998226 N=[0.061400 + -2.060821I] P=[-0.969300 + -1.030411I] dist=1.392879
lattice = 0.06139974287480426396 + -2.060821.20f I norm=4.250754
sqrtLoxodromic = -0.99947253468853425318 + -0.97013792951768529349 I norm=1.940113
parabolic = 1.37642145839758089920 + 0.48285507845924846571 I norm=2.127685
Generators: a b c d e f 
   relation: BAA
   relation: ebA
   relation: dCBa
   relation: DcFE
   relation: FcfDBe
          g: d
          m: c
          n: BacfCdFc


M v0019 vol=3.578759 area=3.998226 N=[-0.057778 + -1.939252I] P=[-0.028889 + -0.969626I] dist=1.435875
lattice = 0.05777774530787038731 + 1.939252.20f I norm=3.764038
sqrtLoxodromic = 1.03032406927389064144 + -1.00008396889973716348 I norm=2.061736
parabolic = -0.00000000000000293845 + -0.00000000000000056369 I norm=0.000000
Generators: a b c d e f g 
   relation: DCA
   relation: eBa
   relation: DEC
   relation: FGDe
   relation: GABcB
   relation: ffGD
          g: a
          m: BcBdgf
          n: GACb


M v0020 vol=3.578792 area=3.999225 N=[-0.037908 + -1.925239I] P=[0.943138 + -2.887859I] dist=1.441271
lattice = -0.03790828277905422539 + -1.925239.20f I norm=3.707982
sqrtLoxodromic = -1.02911495388669216311 + 1.00905098185555219814 I norm=2.077261
parabolic = -0.58489487611437018799 + 0.75480753013376333804 I norm=0.911836
Generators: a b c d e 
   relation: dbac
   relation: dBA
   relation: CaCbE
   relation: DEEEE
          g: d
          m: BaCA
          n: ECAb


M v0021 vol=3.578792 area=3.999225 N=[0.040894 + -2.076859I] P=[0.979553 + 1.038429I] dist=1.387664
lattice = -0.04089370432956329626 + 2.076859.20f I norm=4.315015
sqrtLoxodromic = 0.99083814686918914028 + 0.97152043236985785590 I norm=1.925612
parabolic = 0.97955314783521696409 + 1.03842945466160041512 I norm=2.037860
Generators: a b c d e 
   relation: dABc
   relation: dBA
   relation: EBCAc
   relation: eeeDe
          g: b
          m: A
          n: AADcdC


infinity fixed
M v0024 vol=3.588914 area=3.999977 N=[0.006464 + -1.926265I] P=[-0.003232 + 0.963133I] dist=1.441022
lattice = 0.00646418367871681721 + -1.926265.20f I norm=3.710540
sqrtLoxodromic = 1.01724551738724788841 + -1.02066492943808295735 I norm=2.076545
parabolic = 0.00323209183936137151 + -0.96313270859062138918 I norm=0.927635
Generators: a b c d 
   relation: BaBc
   relation: dcaac
   relation: ddbdddd
          g: a
          m: AAbC
          n: bCbdDDC


M v0025 vol=3.588914 area=3.999977 N=[-0.006968 + -2.076534I] P=[0.003484 + 1.038267I] dist=1.387904
lattice = 0.00696845554041103377 + 2.076534.20f I norm=4.312041
sqrtLoxodromic = 0.97974794711778123713 + 0.98304131325200538871 I norm=1.926276
parabolic = -1.00174211388509903919 + -0.51913341211263042130 I norm=1.272987
Generators: a b c d 
   relation: cACB
   relation: DABab
   relation: DDDCDDD
          g: c
          m: a
          n: CadDDDddcABa


M v0026 vol=3.595416 area=3.999247 N=[0.037729 + -1.943876I] P=[0.943407 + 2.915813I] dist=1.434349
lattice = -0.03772898928577672617 + 1.943876.20f I norm=3.780076
sqrtLoxodromic = 1.02403158249815096070 + 1.00434885798307260707 I norm=2.057357
parabolic = -0.39773122904911334397 + -0.20659229212144922250 I norm=0.200871
Generators: a b c d e 
   relation: bDbA
   relation: CDAADB
   relation: CEEE
   relation: BcE
          g: b
          m: bdBadc
          n: bdBbAc


M v0027 vol=3.595416 area=3.999247 N=[-0.039924 + -2.056970I] P=[0.980038 + -1.028485I] dist=1.394361
lattice = -0.03992405342173292737 + -2.056970.20f I norm=4.232719
sqrtLoxodromic = 0.99548248355213331262 + -0.97634849606753437712 I norm=1.944242
parabolic = 0.32273279396632204019 + -0.48450525634411373277 I norm=0.338902
Generators: a b c d e f 
   relation: Caaa
   relation: dac
   relation: EFD
   relation: FEbD
   relation: bEBFC
          g: d
          m: bE
          n: eDBFEbeB


M v0030 vol=3.596882 area=3.999752 N=[-0.021566 + -1.937391I] P=[-0.010783 + -0.968696I] dist=1.436838
lattice = -0.02156558503832184392 + -1.937391.20f I norm=3.753949
sqrtLoxodromic = 1.02163676157504390574 + -1.01032795815848608356 I norm=2.064504
parabolic = 0.48347243508959913960 + -0.45260146871107609368 I norm=0.438594
Generators: a b c d e 
   relation: bDA
   relation: DBBBB
   relation: EDca
   relation: EEBcAc
          g: a
          m: BEd
          n: BeCbeeb


M v0031 vol=3.596882 area=3.999752 N=[0.022979 + -2.064376I] P=[0.011490 + -1.032188I] dist=1.391945
lattice = -0.02297908956482119791 + 2.064376.20f I norm=4.262178
sqrtLoxodromic = -0.98971630480772221361 + -0.97876083849113815205 I norm=1.937511
parabolic = 0.98851045521758662549 + 1.03218818330174366693 I norm=2.042565
Generators: a b c d e 
   relation: dCDa
   relation: eacA
   relation: bEDC
   relation: bbcebb
          g: d
          m: c
          n: cDAbbBECac


M v0034 vol=3.603953 area=3.998304 N=[0.057862 + -1.986350I] P=[-0.971069 + -0.993175I] dist=1.418763
lattice = 0.05786160196771872322 + -1.986350.20f I norm=3.948936
sqrtLoxodromic = 0.98850384511769262552 + -1.01771787110041933566 I norm=2.012890
parabolic = 0.00000000000000015876 + -0.00000000000000036080 I norm=0.000000
Generators: a b c d 
   relation: dACaaCA
   relation: BDDDCD
   relation: BBd
          g: a
          m: dDacAA
          n: dDacaDC


M v0035 vol=3.603953 area=3.998304 N=[-0.058610 + -2.012036I] P=[0.029305 + 1.006018I] dist=1.409678
lattice = -0.05860981334472648019 + -2.012036.20f I norm=4.051724
sqrtLoxodromic = 0.98217397108398518668 + 1.01120092535686545432 I norm=1.987193
parabolic = -0.58359481153895265138 + 0.61383276731664204728 I norm=0.717374
Generators: a b c d e 
   relation: Abb
   relation: DAC
   relation: eabaa
   relation: edCeADc
          g: d
          m: EC
          n: dadCAece


M v0036 vol=3.605986 area=3.998625 N=[0.051811 + -1.975411I] P=[0.025905 + -0.987705I] dist=1.422744
lattice = -0.05181062939575242776 + 1.975411.20f I norm=3.904932
sqrtLoxodromic = 0.99275558752569037502 + -1.01913475681914222903 I norm=2.024199
parabolic = 0.02590531469786435878 + -0.98770533585036646151 I norm=0.976233
Generators: a b c d 
   relation: DabAAba
   relation: cbdd
   relation: dCCCC
          g: b
          m: ABd
          n: Dabaddc


M v0037 vol=3.605986 area=3.998625 N=[-0.053072 + -2.023503I] P=[0.973464 + -1.011752I] dist=1.405735
lattice = -0.05307199599332565465 + -2.023503.20f I norm=4.097383
sqrtLoxodromic = -0.98088719134792512477 + -1.00695099758932116174 I norm=1.976090
parabolic = 0.52473669518902366082 + 0.47902802040846514942 I norm=0.504816
Generators: a b c d 
   relation: dAcaacA
   relation: bDDC
   relation: bbdbb
          g: c
          m: BBDaddb
          n: BDDAcaaabb


M v0038 vol=3.607429 area=3.998825 N=[-0.047784 + -1.970982I] P=[0.023892 + 0.985491I] dist=1.424377
lattice = 0.04778366809200235155 + 1.970982.20f I norm=3.887053
sqrtLoxodromic = -0.99490630896437082242 + -1.01931874189429549915 I norm=2.028849
parabolic = 0.49234898261704035383 + 0.53052923100397375578 I norm=0.523869
Generators: a b c d e 
   relation: dABaaBA
   relation: EDB
   relation: CDe
   relation: CCCCE
          g: b
          m: CCCABecc
          n: cDAAAbaccc


infinity fixed
M v0039 vol=3.607429 area=3.998825 N=[0.049172 + -2.028253I] P=[-0.024586 + 1.014127I] dist=1.404123
lattice = 0.04917213396070196918 + -2.028253.20f I norm=4.116229
sqrtLoxodromic = 0.98075921951820110856 + -1.00482451938731531804 I norm=1.971561
parabolic = -0.99999999999999900080 + 0.00000000000000574381 I norm=1.000000
Generators: a b c d e 
   relation: dBccB
   relation: EDC
   relation: ADBBe
   relation: AAAAE
          g: b
          m: cB
          n: cBCeaaAAAB


M v0044 vol=3.610965 area=3.999228 N=[0.038602 + -1.964552I] P=[0.019301 + -0.982276I] dist=1.426778
lattice = 0.03860238969004115006 + -1.964552.20f I norm=3.860956
sqrtLoxodromic = 0.99892484439884654535 + -1.01874600060970044169 I norm=2.035694
parabolic = -0.48069880515497720452 + -0.98227619506472008126 I norm=1.195938
Generators: a b c d e 
   relation: dABaaBA
   relation: Ebd
   relation: Cedee
   relation: CEC
          g: a
          m: AAAaba
          n: dEDaba


M v0045 vol=3.610965 area=3.999228 N=[-0.039993 + -2.035301I] P=[-0.980004 + 1.017651I] dist=1.401760
lattice = 0.03999256900099956713 + 2.035301.20f I norm=4.144051
sqrtLoxodromic = 0.98140950215902122977 + 1.00088311036708788038 I norm=1.964932
parabolic = -0.32867345706467249178 + -0.60500428165811903636 I norm=0.474056
Generators: a b c d e 
   relation: DBCbCB
   relation: ecd
   relation: Dbeeea
   relation: eAA
          g: cb
          m: EEBbbe
          n: EBBCbbdee


M v0046 vol=3.613006 area=3.999685 N=[0.024535 + -1.955967I] P=[-0.012267 + 0.977984I] dist=1.429987
lattice = -0.02453491434681198680 + 1.955967.20f I norm=3.826411
sqrtLoxodromic = -1.01747504512920272646 + -1.00479226649640018820 I norm=2.044863
parabolic = 0.51932895072674190029 + 0.54561750451481538793 I norm=0.567401
Generators: a b c d e 
   relation: dcda
   relation: bDcaac
   relation: Edbb
   relation: EEB
          g: d
          m: BBadDace
          n: BBadDCdb


M v0047 vol=3.613006 area=3.999685 N=[-0.025648 + -2.044702I] P=[-0.987176 + 1.022351I] dist=1.398614
lattice = 0.02564796864971830015 + 2.044702.20f I norm=4.181465
sqrtLoxodromic = 0.99515230302630497405 + -0.98274777632500287528 I norm=1.956121
parabolic = 0.99999999999999866773 + 0.00000000000000017027 I norm=1.000000
Generators: a b c d e f g 
   relation: cAdb
   relation: cbd
   relation: faBA
   relation: Dcfge
   relation: FCg
   relation: gEE
          g: c
          m: B
          n: bcACBabb


M v0051 vol=3.615760 area=3.998947 N=[0.045575 + -1.985662I] P=[-0.022787 + 0.992831I] dist=1.419123
lattice = -0.04557453825424073734 + 1.985662.20f I norm=3.944930
sqrtLoxodromic = -0.99189230184823529157 + 1.01491925224060075550 I norm=2.013911
parabolic = 0.53171029296919392060 + 1.54062276766384353976 I norm=2.656234
Generators: a b c d e 
   relation: CBBB
   relation: aCCb
   relation: CAeeAdd
   relation: CED
          g: d
          m: Eac
          n: eADa


M v0052 vol=3.615760 area=3.998947 N=[-0.046211 + -2.013381I] P=[-0.023105 + -1.006691I] dist=1.409321
lattice = -0.04621075010282833795 + -2.013381.20f I norm=4.055839
sqrtLoxodromic = 0.98504064134431601474 + 1.00790852925959129038 I norm=1.986185
parabolic = -0.44679959380101558208 + -0.54938689260887241250 I norm=0.501456
Generators: a b c d e 
   relation: dBcbcB
   relation: EDB
   relation: AAAE
   relation: aEEcd
          g: cB
          m: AEDBBee
          n: EEEBBCbbdea


M v0054 vol=3.617229 area=3.999689 N=[0.024467 + -1.960747I] P=[0.987766 + 0.980374I] dist=1.428244
lattice = -0.02446713216468687779 + 1.960747.20f I norm=3.845129
sqrtLoxodromic = 1.01620182630049971095 + 1.00360029374899628607 I norm=2.039880
parabolic = -0.39830136161340540246 + -0.20440657301648612609 I norm=0.200426
Generators: a b c d e f 
   relation: bDbA
   relation: FDAADB
   relation: FcE
   relation: cee
   relation: Bfc
          g: b
          m: bdBadf
          n: bdBbAf


M v0055 vol=3.617229 area=3.999689 N=[-0.025453 + -2.039721I] P=[-0.987274 + 1.019860I] dist=1.400321
lattice = 0.02545260216342054571 + 2.039721.20f I norm=4.161109
sqrtLoxodromic = -0.99633505408017764005 + 0.98397988181886564263 I norm=1.960900
parabolic = -0.99363684945914554358 + 0.50993022569172352654 I norm=1.247343
Generators: a b c d e f g 
   relation: aBB
   relation: CAB
   relation: EgeFc
   relation: DFgE
   relation: DgF
   relation: DAc
          g: d
          m: df
          n: edGDFD


M v0057 vol=3.619409 area=3.999789 N=[-0.020159 + -1.960765I] P=[-0.010080 + -0.980383I] dist=1.428255
lattice = -0.02015930293210577151 + -1.960765.20f I norm=3.845006
sqrtLoxodromic = -1.00472391464588639565 + -1.01510692961959714253 I norm=2.039912
parabolic = 0.01007965146605157777 + 0.98038252800652780916 I norm=0.961252
Generators: a b c d e f 
   relation: BaBc
   relation: DCAAC
   relation: ebd
   relation: Deeef
   relation: eFF
          g: a
          m: eeEC
          n: caaa


M v0058 vol=3.619409 area=3.999789 N=[0.020972 + -2.039804I] P=[0.989514 + 1.019902I] dist=1.400310
lattice = 0.02097193390038998295 + -2.039804.20f I norm=4.161242
sqrtLoxodromic = 0.98506583097816879935 + -0.99524569544048779868 I norm=1.960869
parabolic = 1.00000000000000000000 + -0.00000000000000022648 I norm=1.000000
Generators: a b c d e f 
   relation: cBCA
   relation: eff
   relation: DBAba
   relation: Ecd
   relation: fEEED
          g: c
          m: A
          n: AcBadeEEDB


M v0060 vol=3.619937 area=3.999405 N=[-0.034036 + -1.972765I] P=[0.017018 + 0.986382I] dist=1.423836
lattice = 0.03403645986398939893 + 1.972765.20f I norm=3.892959
sqrtLoxodromic = -0.99808245846455267980 + -1.01545109142663525503 I norm=2.027310
parabolic = 0.48298177006803760802 + -0.98638238587870497032 I norm=1.206222
Generators: a b c d e 
   relation: cAAA
   relation: EDB
   relation: DCCA
   relation: eeDcbbc
          g: e
          m: ECd
          n: EECBCdE


M v0061 vol=3.619937 area=3.999405 N=[0.034972 + -2.027008I] P=[0.017486 + -1.013504I] dist=1.404656
lattice = -0.03497232518504367338 + 2.027008.20f I norm=4.109984
sqrtLoxodromic = -0.98463747353533470630 + 1.00177213684251875669 I norm=1.973058
parabolic = 0.00000000000000408691 + -0.00000000000000096435 I norm=0.000000
Generators: a b c d e 
   relation: DBCbCB
   relation: EDC
   relation: AEEBd
   relation: aaaE
          g: b
          m: DBde
          n: DBdebbCeea


infinity fixed
M v0062 vol=3.620037 area=3.999982 N=[0.006053 + -2.044049I] P=[0.996973 + 1.022025I] dist=1.398889
lattice = -0.00605349584043779476 + 2.044049.20f I norm=4.178175
sqrtLoxodromic = 0.99062774224206373574 + 0.98769832125825463010 I norm=1.956891
parabolic = -1.00151337396010631231 + 0.51101234697805919538 I norm=1.264163
Generators: a b c d e f 
   relation: cBCA
   relation: dAb
   relation: ebAd
   relation: FEEEcd
   relation: ffE
          g: c
          m: B
          n: CAdeeefffb


M v0063 vol=3.620037 area=3.999982 N=[0.005795 + -1.956883I] P=[-0.002898 + 0.978441I] dist=1.429706
lattice = -0.00579534988323626710 + 1.956883.20f I norm=3.829424
sqrtLoxodromic = 1.01245045496346719460 + 1.00945650124974939388 I norm=2.044058
parabolic = -0.51882055669716142798 + -0.60165734806770287957 I norm=0.631166
Generators: a b c d e 
   relation: cBaB
   relation: eCAAC
   relation: beeed
   relation: eDD
          g: b
          m: EEcbe
          n: EEBcBce


M v0065 vol=3.623034 area=3.999968 N=[0.008119 + -2.040567I] P=[-0.995940 + -1.020283I] dist=1.400080
lattice = -0.00811927567846171261 + 2.040567.20f I norm=4.163980
sqrtLoxodromic = -0.99197366460084235307 + -0.98803452202320829478 I norm=1.960224
parabolic = 0.00000000000000014172 + 0.00000000000000007991 I norm=0.000000
Generators: a b c d e f 
   relation: cBCA
   relation: dAb
   relation: ebAd
   relation: FEEcd
   relation: FFFe
          g: c
          m: A
          n: cBAdfFFEED


M v0066 vol=3.623034 area=3.999968 N=[-0.007800 + -1.960208I] P=[-0.003900 + -0.980104I] dist=1.428490
lattice = -0.00779953455199822177 + -1.960208.20f I norm=3.842478
sqrtLoxodromic = -1.01210237279925641118 + 1.00808329881384106663 I norm=2.040583
parabolic = -0.50000000000000033307 + -0.00000000000000125136 I norm=0.250000
Generators: a b c d e 
   relation: Bcac
   relation: ebAAb
   relation: Ceed
   relation: eDDD
          g: c
          m: bAAC
          n: bCbCe


M v0068 vol=3.623716 area=3.999918 N=[0.012568 + -1.962160I] P=[0.006284 + -0.981080I] dist=1.427770
lattice = -0.01256784197252519553 + 1.962160.20f I norm=3.850229
sqrtLoxodromic = -1.00634769216554786908 + 1.01281409855556603361 I norm=2.038528
parabolic = -0.50944793888773531876 + 0.48741604078360312169 I norm=0.497112
Generators: a b c d e f 
   relation: bCba
   relation: DCaaC
   relation: Ebd
   relation: FED
   relation: fffEf
          g: b
          m: ffDCbCbaaaff
          n: ffDCbCbdeF


M v0069 vol=3.623716 area=3.999918 N=[-0.013057 + -2.038486I] P=[-0.993472 + 1.019243I] dist=1.400786
lattice = 0.01305672070601548995 + 2.038486.20f I norm=4.155597
sqrtLoxodromic = 0.98732777255514636572 + 0.99367196419705516863 I norm=1.962200
parabolic = -1.00000000000000066613 + 0.00000000000000028290 I norm=1.000000
Generators: a b c d e f 
   relation: cBCa
   relation: dAba
   relation: eDC
   relation: fEDB
   relation: ffeff
          g: c
          m: a
          n: cBaffFEED


M v0070 vol=3.623937 area=3.999263 N=[-0.038190 + -1.989132I] P=[0.019095 + 0.994566I] dist=1.417941
lattice = -0.03819039539153273877 + -1.989132.20f I norm=3.958103
sqrtLoxodromic = 0.99296590636004822272 + 1.01221338430667628927 I norm=2.010557
parabolic = -0.53004473879383784407 + -0.47559702927768826575 I norm=0.507140
Generators: a b c d e 
   relation: dABaaBA
   relation: CEd
   relation: EDDBD
   relation: ccE
          g: b
          m: cdABDe
          n: CDDAAAbaDC


M v0071 vol=3.623937 area=3.999263 N=[0.038595 + -2.010187I] P=[0.019297 + -1.005093I] dist=1.410496
lattice = -0.03859464417626509714 + 2.010187.20f I norm=4.042340
sqrtLoxodromic = -0.98775194581998349008 + 1.00689835726491594414 I norm=1.989498
parabolic = -0.54491498759330903034 + 0.47316572514827348606 I norm=0.520818
Generators: a b c d e 
   relation: DACaaCA
   relation: Eddcd
   relation: BBE
   relation: bED
          g: c
          m: BaDDB
          n: BaDDBBDAAAcde


infinity fixed
M v0074 vol=3.624482 area=3.999322 N=[0.036576 + -1.986039I] P=[-0.018288 + 0.993020I] dist=1.419055
lattice = 0.03657570550830246958 + -1.986039.20f I norm=3.945690
sqrtLoxodromic = 0.99414239452363084570 + -1.01261949832449871245 I norm=2.013717
parabolic = 0.41615632416911618741 + 0.36501493088112474394 I norm=0.306422
Generators: a b c d e f 
   relation: caaa
   relation: DCa
   relation: eDc
   relation: dBBeFFe
   relation: dbf
          g: b
          m: eFd
          n: eFdefdBB


M v0075 vol=3.624482 area=3.999322 N=[-0.037079 + -2.013376I] P=[0.018540 + 1.006688I] dist=1.409389
lattice = 0.03707914779778170855 + 2.013376.20f I norm=4.055058
sqrtLoxodromic = 0.98737034274357915464 + 1.00572158137223954810 I norm=1.986376
parabolic = -0.74825915754120808643 + -0.25464043316388479399 I norm=0.624734
Generators: a b c d e 
   relation: DBCbbCB
   relation: Adcd
   relation: EAD
   relation: eeeA
          g: c
          m: ABd
          n: DDBBBcba


M v0076 vol=3.625796 area=3.999955 N=[-0.009687 + -2.037290I] P=[0.995157 + -1.018645I] dist=1.401203
lattice = -0.00968679208262956948 + -2.037290.20f I norm=4.150644
sqrtLoxodromic = -0.99315299719368022036 + 0.98844203499922378420 I norm=1.963371
parabolic = -0.20484560702686541167 + 0.40597313054943545696 I norm=0.206776
Generators: a b c d e f 
   relation: dbaB
   relation: eadA
   relation: FEDB
   relation: CEDf
   relation: cfcc
          g: b
          m: d
          n: bDBfCa


M v0077 vol=3.625796 area=3.999955 N=[0.009335 + -1.963348I] P=[-0.004668 + 0.981674I] dist=1.427345
lattice = -0.00933521928139391388 + 1.963348.20f I norm=3.854824
sqrtLoxodromic = -1.01168167781924367432 + -1.00688282592976041663 I norm=2.037313
parabolic = -0.50000000000001398881 + -0.00000000000002550342 I norm=0.250000
Generators: a b c d e f g 
   relation: BccA
   relation: dBa
   relation: eDa
   relation: Fcde
   relation: gbef
   relation: gFgg
          g: cA
          m: GFEdbeFCC
          n: GFCC


M v0078 vol=3.625796 area=3.999955 N=[-0.009335 + -1.963348I] P=[0.004668 + 0.981674I] dist=1.427345
lattice = -0.00933521928137326373 + -1.963348.20f I norm=3.854824
sqrtLoxodromic = 1.00688282592988476161 + 1.01168167781922702098 I norm=2.037313
parabolic = -0.50000000000000266454 + -0.00000000000001024496 I norm=0.250000
Generators: a b c d e 
   relation: bCbA
   relation: dcaac
   relation: Edbd
   relation: edeee
          g: a
          m: eDcdD
          n: dDCAAA


M v0079 vol=3.625796 area=3.999955 N=[0.009687 + -2.037290I] P=[0.995157 + 1.018645I] dist=1.401203
lattice = -0.00968679208249090262 + 2.037290.20f I norm=4.150644
sqrtLoxodromic = 0.98844203499922445033 + -0.99315299719368221876 I norm=1.963371
parabolic = -0.00000000000000005371 + 0.00000000000000010428 I norm=0.000000
Generators: a b c d e f 
   relation: CBca
   relation: DAba
   relation: EBd
   relation: FEDC
   relation: fffEf
          g: c
          m: b
          n: cABdeFffDAbb


M v0080 vol=3.626867 area=3.999541 N=[-0.029965 + -1.978704I] P=[-0.014982 + -0.989352I] dist=1.421722
lattice = -0.02996481576932824575 + -1.978704.20f I norm=3.916166
sqrtLoxodromic = 0.99766914074660006939 + 1.01289189390275424785 I norm=2.021294
parabolic = -0.46928428359956286808 + -0.59424837587582790555 I norm=0.573359
Generators: a b c d e f 
   relation: daCAACa
   relation: eDC
   relation: Fde
   relation: Bef
   relation: bfbb
          g: c
          m: EDaacAf
          n: FaCadebF


M v0081 vol=3.626867 area=3.999541 N=[0.030606 + -2.021062I] P=[-0.015303 + 1.010531I] dist=1.406745
lattice = 0.03060627433584423018 + -2.021062.20f I norm=4.085628
sqrtLoxodromic = 0.98715900534469136485 + -1.00222139151109668198 I norm=1.978931
parabolic = 0.99999999999999988898 + -0.00000000000000072933 I norm=1.000000
Generators: a b c d e f 
   relation: dBcbbcB
   relation: EDC
   relation: fDe
   relation: Efa
   relation: Faaa
          g: b
          m: CB
          n: CbcdFEDb


M v0084 vol=3.627861 area=3.999616 N=[0.027395 + -1.976992I] P=[0.013698 + -0.988496I] dist=1.422351
lattice = -0.02739542735466975187 + 1.976992.20f I norm=3.909249
sqrtLoxodromic = 0.99876172366770532562 + -1.01269757602980803313 I norm=2.023081
parabolic = 0.52219078358109682902 + -0.46948180317638760206 I norm=0.493096
Generators: a b c d e f 
   relation: dABaaBA
   relation: Ebd
   relation: FCe
   relation: CEDE
   relation: ffC
          g: b
          m: feABAdecffCeaaadef
          n: feABAdecff


M v0085 vol=3.627861 area=3.999616 N=[-0.028031 + -2.022887I] P=[0.985984 + -1.011444I] dist=1.406123
lattice = 0.02803139983127689305 + 2.022887.20f I norm=4.092858
sqrtLoxodromic = -0.98736683837113847773 + -1.00114369641432610081 I norm=1.977182
parabolic = 0.63692805321268664009 + 0.42161507729120517585 I norm=0.583437
Generators: a b c d e f 
   relation: aBB
   relation: CAB
   relation: fDe
   relation: eDcfEcF
   relation: Accd
          g: dC
          m: cdFD
          n: deFFCdfDC


M v0088 vol=3.628337 area=3.999943 N=[-0.010485 + -1.966281I] P=[-0.005242 + -0.983141I] dist=1.426278
lattice = -0.01048451076503253976 + -1.966281.20f I norm=3.866373
sqrtLoxodromic = 1.01121578665970091038 + -1.00583820601638551651 I norm=2.034268
parabolic = 0.49967145541023072486 + -0.51435022446558309461 I norm=0.514228
Generators: a b c d e f 
   relation: ABB
   relation: ADF
   relation: DaBa
   relation: EDcf
   relation: EEacFc
          g: f
          m: aEd
          n: aeCAeeA


M v0089 vol=3.628337 area=3.999943 N=[0.010847 + -2.034239I] P=[0.994577 + 1.017119I] dist=1.402252
lattice = 0.01084687050746219183 + -2.034239.20f I norm=4.138246
sqrtLoxodromic = -0.99418154768953215239 + -0.98889455403568149450 I norm=1.966309
parabolic = 0.52639790114581308522 + 0.52334641498189027331 I norm=0.550986
Generators: a b c d e f 
   relation: cDA
   relation: cADB
   relation: ebaBd
   relation: FFe
   relation: feece
          g: c
          m: ffeeEDBceEf
          n: ffeeEDBceEfffeeEDadBf


M v0090 vol=3.629104 area=3.999898 N=[0.014051 + -1.968436I] P=[0.007025 + -0.984218I] dist=1.425489
lattice = -0.01405085087427937474 + 1.968436.20f I norm=3.874937
sqrtLoxodromic = -1.00436901263454814170 + 1.01156386536983688984 I norm=2.032019
parabolic = -0.50478678063179249769 + 0.47843299190445193192 I norm=0.483708
Generators: a b c d e f 
   relation: BaBc
   relation: dcaac
   relation: ebd
   relation: FEEd
   relation: FFFe
          g: b
          m: FFEEDCbCbAAAeeF
          n: FFEEDCbCbdf


M v0091 vol=3.629104 area=3.999898 N=[-0.014504 + -2.031967I] P=[-0.007252 + -1.015983I] dist=1.403027
lattice = 0.01450434018127633173 + 2.031967.20f I norm=4.129099
sqrtLoxodromic = -0.98854314504390494722 + -0.99562462830504694367 I norm=1.968486
parabolic = -0.79657877738235927101 + -0.40612806247032451346 I norm=0.799478
Generators: a b c d e 
   relation: cAAA
   relation: DbEdB
   relation: ECCA
   relation: BCeDc
          g: cB
          m: cCd
          n: EcbEdCdB


M v0092 vol=3.629735 area=3.999992 N=[-0.003989 + -1.966302I] P=[0.998005 + -0.983151I] dist=1.426279
lattice = 0.00398939903702710819 + 1.966302.20f I norm=3.866359
sqrtLoxodromic = 1.00750783046888847672 + 1.00955402084001821805 I norm=2.034271
parabolic = -0.50000000000000177636 + -0.00000000000000371116 I norm=0.250000
Generators: a b c d e 
   relation: CbCa
   relation: dbaab
   relation: EDDDCD
   relation: EEd
          g: c
          m: bAcBabd
          n: bAd


M v0093 vol=3.629735 area=3.999992 N=[0.004127 + -2.034267I] P=[0.002064 + -1.017134I] dist=1.402250
lattice = 0.00412729253801458196 + -2.034267.20f I norm=4.138260
sqrtLoxodromic = -0.99053435594134364717 + 0.99254607416339168946 I norm=1.966306
parabolic = -0.00103182313453532848 + 0.50856679063884091541 I norm=0.258641
Generators: a b c d e f 
   relation: cbCA
   relation: dAba
   relation: ebd
   relation: FEEEcd
   relation: ffE
          g: c
          m: b
          n: CAdeeefffAbb


M v0094 vol=3.631080 area=3.999548 N=[0.029856 + -1.986870I] P=[-0.014928 + 0.993435I] dist=1.418799
lattice = 0.02985603845790057997 + -1.986870.20f I norm=3.948543
sqrtLoxodromic = 0.99567682075502261796 + -1.01075093508654845209 I norm=2.012990
parabolic = 0.55276721871660550178 + -0.44206165236936256768 I norm=0.500970
Generators: a b c d e 
   relation: daCAACa
   relation: Bdcd
   relation: Ebdb
   relation: eeb
          g: c
          m: bdcADbE
          n: bbaaacADbE


M v0095 vol=3.631080 area=3.999548 N=[-0.030245 + -2.012763I] P=[-0.015123 + -1.006381I] dist=1.409643
lattice = 0.03024512138942880846 + 2.012763.20f I norm=4.052128
sqrtLoxodromic = 0.98925173747661432344 + 1.00422857883967253656 I norm=1.987094
parabolic = -0.60535281305996324619 + -0.43624410711101607729 I norm=0.556761
Generators: a b c d e f 
   relation: bFF
   relation: DACaCA
   relation: EAd
   relation: bbfE
   relation: BEDC
          g: ca
          m: bEAAde
          n: EEDAAcaaeB


M v0098 vol=3.631789 area=3.999985 N=[-0.005618 + -2.031920I] P=[-0.997191 + 1.015960I] dist=1.403059
lattice = 0.00561751778852825900 + 2.031920.20f I norm=4.128728
sqrtLoxodromic = 0.99348295266146979809 + -0.99074013064822796792 I norm=1.968574
parabolic = 0.99999999999999955591 + -0.00000000000000056397 I norm=1.000000
Generators: a b c d e f 
   relation: caCB
   relation: EaBAb
   relation: dFF
   relation: dfE
   relation: DEEcA
          g: c
          m: B
          n: BcbDEEEa


M v0099 vol=3.631789 area=3.999985 N=[0.005442 + -1.968567I] P=[0.002721 + -0.984283I] dist=1.425457
lattice = 0.00544237075208031662 + -1.968567.20f I norm=3.875285
sqrtLoxodromic = 1.00934255864007660364 + 1.00655595119871632548 I norm=2.031927
parabolic = -0.00544237075208707944 + 1.96856686063322161573 I norm=3.875285
Generators: a b c d e f 
   relation: BAA
   relation: cAb
   relation: fCfDD
   relation: eBcc
   relation: eFed
          g: d
          m: FEc
          n: DFc


M v0100 vol=3.632315 area=3.999645 N=[-0.026427 + -1.983080I] P=[-0.013214 + -0.991540I] dist=1.420171
lattice = -0.02642706691362456395 + -1.983080.20f I norm=3.933304
sqrtLoxodromic = 0.99749946698752722796 + 1.01088098859683839237 I norm=2.016886
parabolic = -0.51444909449980980032 + -0.48605751151442883051 I norm=0.500910
Generators: a b c d e f 
   relation: dABaaBA
   relation: EDB
   relation: FDe
   relation: CCF
   relation: cFFE
          g: b
          m: FFEaaBAdffCC
          n: ccFFDabaec


M v0101 vol=3.632315 area=3.999645 N=[0.026875 + -2.016706I] P=[0.986562 + 1.008353I] dist=1.408281
lattice = 0.02687518646628772601 + -2.016706.20f I norm=4.067827
sqrtLoxodromic = 0.98914830558120980797 + -1.00241779580558887375 I norm=1.983256
parabolic = 0.44722317951295920135 + -0.53832316627433929312 I norm=0.489800
Generators: a b c d e f 
   relation: ABB
   relation: DAbA
   relation: cDa
   relation: cFedfEd
   relation: cEF
          g: e
          m: df
          n: dfeFDCe


M v0110 vol=3.634789 area=3.999923 N=[-0.012268 + -1.973803I] P=[-0.006134 + -0.986902I] dist=1.423554
lattice = -0.01226828264076351704 + -1.973803.20f I norm=3.896049
sqrtLoxodromic = -1.00347144396985532566 + -1.00972795995456721130 I norm=2.026505
parabolic = 0.00613414132038147056 + 0.98690152871825065350 I norm=0.974012
Generators: a b c d e f g 
   relation: BaBc
   relation: DCAAC
   relation: ebd
   relation: Deeg
   relation: Egf
   relation: gFF
          g: a
          m: eeEC
          n: caaa


M v0111 vol=3.634789 area=3.999923 N=[0.012596 + -2.026466I] P=[-0.006298 + 1.013233I] dist=1.404935
lattice = 0.01259561425108257637 + -2.026466.20f I norm=4.106725
sqrtLoxodromic = 0.99034663162044755946 + -0.99652131608046190525 I norm=1.973841
parabolic = 1.00000000000000022204 + 0.00000000000000022499 I norm=1.000000
Generators: a b c d e f g 
   relation: caCB
   relation: dBab
   relation: Ecd
   relation: gff
   relation: geade
   relation: fGe
          g: c
          m: B
          n: BcbEa


M v0112 vol=3.635148 area=3.999989 N=[-0.004614 + -1.971799I] P=[0.997693 + -0.985899I] dist=1.424289
lattice = 0.00461408531638085595 + 1.971799.20f I norm=3.888011
sqrtLoxodromic = -1.00594535183763644781 + -1.00830205708004516651 I norm=2.028599
parabolic = 0.49999999999999966693 + 0.00000000000000093039 I norm=0.250000
Generators: a b c d e 
   relation: bCbA
   relation: dcaac
   relation: DBDDe
   relation: DEEE
          g: b
          m: DCAbC
          n: DbCbC


M v0113 vol=3.635148 area=3.999989 N=[0.004747 + -2.028594I] P=[-0.002373 + 1.014297I] dist=1.404209
lattice = 0.00474698742810686358 + -2.028594.20f I norm=4.115214
sqrtLoxodromic = -0.99176358423440336143 + 0.99408706476336994307 I norm=1.971804
parabolic = -0.00000000000000003157 + -0.00000000000000005665 I norm=0.000000
Generators: a b c d e f 
   relation: CAcb
   relation: DBab
   relation: EAd
   relation: Efff
   relation: ecdef
          g: c
          m: A
          n: AAbdcdEbC


M v0116 vol=3.635485 area=3.999971 N=[0.007719 + -2.027571I] P=[0.996140 + 1.013786I] dist=1.404560
lattice = 0.00771931188444542615 + -2.027571.20f I norm=4.111104
sqrtLoxodromic = -0.99506288775770712629 + -0.99128172351305554599 I norm=1.972790
parabolic = 0.34384091547832978941 + 0.51043606787115447521 I norm=0.378772
Generators: a b c d e f g 
   relation: Baa
   relation: CBA
   relation: cDF
   relation: DCb
   relation: EDgF
   relation: EGceFg
          g: f
          m: Fg
          n: FFgcDe


M v0117 vol=3.635485 area=3.999971 N=[-0.007511 + -1.972775I] P=[-0.996245 + 0.986388I] dist=1.423933
lattice = 0.00751069522168162917 + 1.972775.20f I norm=3.891899
sqrtLoxodromic = -1.00878764238180451684 + 1.00495432510021487360 I norm=2.027586
parabolic = -0.49936836899036285420 + 0.51139703916347822865 I norm=0.510896
Generators: a b c d e f g h 
   relation: DBBA
   relation: cDa
   relation: eCa
   relation: FBce
   relation: HGF
   relation: Gdef
   relation: hhG
          g: ab
          m: hFEcDbh
          n: HBdacefg


M v0120 vol=3.635752 area=3.999660 N=[0.025960 + -1.989532I] P=[0.012980 + -0.994766I] dist=1.417869
lattice = -0.02595958118824920335 + 1.989532.20f I norm=3.958912
sqrtLoxodromic = -0.99602277324199128827 + 1.00910374496517718512 I norm=2.010352
parabolic = -0.57279411076899899857 + 0.39639112777160123713 I norm=0.485219
Generators: a b c d e f 
   relation: DabAAba
   relation: cEE
   relation: ceF
   relation: FDDB
   relation: CFd
          g: b
          m: FbaC
          n: FFDABAdC


infinity fixed
M v0121 vol=3.635752 area=3.999660 N=[-0.026229 + -2.010181I] P=[0.013115 + 1.005090I] dist=1.410568
lattice = -0.02622900328605115572 + -2.010181.20f I norm=4.041514
sqrtLoxodromic = -0.99089403802547904032 + -1.00390765301531192932 I norm=1.989702
parabolic = 0.01311450164302373732 + 1.00509031054905029201 I norm=1.010379
Generators: a b c d e f g 
   relation: dBcbcB
   relation: ebd
   relation: FEcd
   relation: gEf
   relation: AGf
   relation: AAg
          g: d
          m: EDBdeef
          n: FEEDbCBBd


M v0122 vol=3.635974 area=3.999947 N=[0.010155 + -1.974169I] P=[-0.005077 + 0.987085I] dist=1.423426
lattice = -0.01015490732439316979 + 1.974169.20f I norm=3.897448
sqrtLoxodromic = -1.00392224891483383686 + 1.00909959491692458045 I norm=2.026142
parabolic = -0.50000000000000177636 + 0.00000000000000098631 I norm=0.250000
Generators: a b c d e f g 
   relation: BaBc
   relation: dcaac
   relation: ebd
   relation: FEd
   relation: gEf
   relation: GGGf
          g: b
          m: FEEcd
          n: FEbCbC


M v0123 vol=3.635974 area=3.999947 N=[-0.010422 + -2.026115I] P=[-0.994789 + 1.013058I] dist=1.405061
lattice = 0.01042211059539366325 + 2.026115.20f I norm=4.105251
sqrtLoxodromic = -0.99096935079922721101 + -0.99607989717081613090 I norm=1.974195
parabolic = 0.99999999999999955591 + 0.00000000000000039366 I norm=1.000000
Generators: a b c d e f g 
   relation: cACB
   relation: DABab
   relation: Ecd
   relation: FED
   relation: GGGF
   relation: GEf
          g: c
          m: B
          n: adefGGGGBC


M v0124 vol=3.637210 area=3.999756 N=[0.021921 + -1.985054I] P=[-0.989039 + -0.992527I] dist=1.419484
lattice = -0.02192144862163536434 + 1.985054.20f I norm=3.940921
sqrtLoxodromic = -0.99816966745100721425 + 1.00925356713999647695 I norm=2.014935
parabolic = -0.44290124925890606011 + -1.35048896832196207995 I norm=2.019982
Generators: a b c d e f g 
   relation: Baa
   relation: fge
   relation: CBA
   relation: FdgEEdF
   relation: DCb
   relation: gDc
          g: e
          m: fDfgeee
          n: fDfgd


M v0125 vol=3.637210 area=3.999756 N=[-0.022250 + -2.014813I] P=[0.988875 + -1.007406I] dist=1.408962
lattice = -0.02225007776465437459 + -2.014813.20f I norm=4.059965
sqrtLoxodromic = -0.99077086418746063146 + -1.00177260590643557592 I norm=1.985175
parabolic = 0.01112503888234888695 + 1.00740629748552468214 I norm=1.014991
Generators: a b c d e f g 
   relation: DBCbCB
   relation: EDC
   relation: FDbe
   relation: gAA
   relation: Fga
   relation: efg
          g: cb
          m: Be
          n: EbcBBfE


M v0130 vol=3.639387 area=3.999988 N=[-0.004836 + -1.976109I] P=[-0.997582 + 0.988055I] dist=1.422734
lattice = -0.00483568143055401745 + -1.976109.20f I norm=3.905032
sqrtLoxodromic = 1.00479354538742615688 + 1.00725535574713198628 I norm=2.024173
parabolic = -0.60464535062871704874 + -0.78701410525854165190 I norm=0.984987
Generators: a b c d e f 
   relation: CbCa
   relation: dbaab
   relation: fDDC
   relation: EFD
   relation: EEEf
          g: c
          m: Caab
          n: BaddeeEc


M v0131 vol=3.639387 area=3.999988 N=[0.004953 + -2.024167I] P=[0.997523 + 1.012084I] dist=1.405744
lattice = 0.00495328282905482808 + -2.024167.20f I norm=4.097278
sqrtLoxodromic = 0.99279393276747029962 + -0.99522634328599224318 I norm=1.976115
parabolic = 0.99999999999999977796 + -0.00000000000000011236 I norm=1.000000
Generators: a b c d e f 
   relation: cBCA
   relation: DBAba
   relation: Fdcd
   relation: EFD
   relation: eeeF
          g: c
          m: A
          n: AcBadFdDB


M v0134 vol=3.640459 area=3.999994 N=[0.003400 + -1.976937I] P=[0.001700 + -0.988469I] dist=1.422438
lattice = 0.00339966426630444740 + -1.976937.20f I norm=3.908292
sqrtLoxodromic = 1.00495013519747455888 + -1.00667979605210788918 I norm=2.023329
parabolic = -0.49786523817357303257 + -0.73555278776076704617 I norm=0.788908
Generators: a b c d e f 
   relation: BAA
   relation: cAb
   relation: cFFdd
   relation: eBcc
   relation: eCdeF
          g: d
          m: fCDcEf
          n: FD


M v0135 vol=3.640459 area=3.999994 N=[-0.003479 + -2.023326I] P=[-0.998260 + 1.011663I] dist=1.406037
lattice = 0.00347943754604269906 + 2.023326.20f I norm=4.093860
sqrtLoxodromic = 0.99336305874587149667 + 0.99507277660845616651 I norm=1.976940
parabolic = -0.55054080912106728718 + -0.50171679573885286096 I norm=0.554815
Generators: a b c d e f g 
   relation: Abb
   relation: Cba
   relation: Facc
   relation: GFEfd
   relation: Gce
   relation: GdeD
          g: fc
          m: e
          n: fgeDFeGd


M v0138 vol=3.641009 area=3.999971 N=[0.007564 + -1.978529I] P=[-0.003782 + 0.989264I] dist=1.421861
lattice = -0.00756365423427429739 + 1.978529.20f I norm=3.914632
sqrtLoxodromic = 1.00348420517432046495 + -1.00732772582013652141 I norm=2.021690
parabolic = 0.49525209823641302975 + 0.73655490607369433764 I norm=0.787788
Generators: a b c d e f 
   relation: Baa
   relation: DBBA
   relation: CFFee
   relation: CDb
   relation: DceDF
          g: f
          m: FeDF
          n: fceC


M v0139 vol=3.641009 area=3.999971 N=[-0.007729 + -2.021675I] P=[0.996136 + -1.010837I] dist=1.406607
lattice = 0.00772859717163421056 + 2.021675.20f I norm=4.087229
sqrtLoxodromic = 0.99271832521490666057 + 0.99652061065076324997 I norm=1.978543
parabolic = -0.99999999999999988898 + 0.00000000000000028057 I norm=1.000000
Generators: a b c d e f g 
   relation: cACB
   relation: gFF
   relation: DABab
   relation: Ecd
   relation: ggfE
   relation: GED
          g: c
          m: b
          n: cbdEDA


M v0144 vol=3.642763 area=3.999988 N=[-0.004832 + -1.979538I] P=[0.002416 + 0.989769I] dist=1.421502
lattice = -0.00483160585854569558 + -1.979538.20f I norm=3.918595
sqrtLoxodromic = 1.00392613783019779561 + 1.00637948535908350323 I norm=2.020667
parabolic = -0.45837914746664337740 + 1.30204844083620852047 I norm=1.905442
Generators: a b c d e f 
   relation: Baa
   relation: DBBA
   relation: fDb
   relation: DEEcc
   relation: DFeFC
          g: e
          m: dCf
          n: EdfEf


M v0145 vol=3.642763 area=3.999988 N=[0.004932 + -2.020661I] P=[0.997534 + 1.010331I] dist=1.406963
lattice = 0.00493197833294567456 + -2.020661.20f I norm=4.083097
sqrtLoxodromic = 0.99365799469454529902 + -0.99608624941765500083 I norm=1.979544
parabolic = 1.00000000000000022204 + -0.00000000000000016825 I norm=1.000000
Generators: a b c d e f 
   relation: cBCA
   relation: DBAba
   relation: Fee
   relation: Fdcd
   relation: FEFD
          g: c
          m: A
          n: AcBadFdDB


M v0150 vol=3.644099 area=3.999975 N=[-0.006941 + -1.981567I] P=[0.996529 + -0.990783I] dist=1.420772
lattice = -0.00694124398647621987 + -1.981567.20f I norm=3.926655
sqrtLoxodromic = 1.00287622493821637626 + 1.00639535987370032366 I norm=2.018592
parabolic = -0.00000000000000046354 + 0.00000000000000076173 I norm=0.000000
Generators: a b c d e f g h 
   relation: cacB
   relation: dbAAb
   relation: eDC
   relation: FED
   relation: GEf
   relation: HHG
   relation: Hfg
          g: a
          m: EB
          n: bAAAdef


M v0151 vol=3.644099 area=3.999975 N=[0.007071 + -2.018580I] P=[-0.996465 + -1.009290I] dist=1.407686
lattice = -0.00707089782898095986 + 2.018580.20f I norm=4.074715
sqrtLoxodromic = -0.99363918470698653351 + 0.99712590647903698304 I norm=1.981579
parabolic = -0.31684293479223446521 + 0.54249402590622197717 I norm=0.394689
Generators: a b c d e f g 
   relation: BAA
   relation: cBa
   relation: DCB
   relation: eCd
   relation: GfEgF
   relation: DgEdf
          g: eD
          m: eG
          n: eGeFdEgFD


M v0156 vol=3.646167 area=3.999993 N=[-0.003717 + -1.982753I] P=[-0.001858 + -0.991377I] dist=1.420350
lattice = 0.00371665340216797979 + 1.982753.20f I norm=3.931324
sqrtLoxodromic = -1.00339715875102553078 + -1.00527978072777557372 I norm=2.017393
parabolic = 0.49999999999998384625 + 0.00000000000002157276 I norm=0.250000
Generators: a b c d e f g 
   relation: BaBc
   relation: DCAAC
   relation: Fbdd
   relation: FgE
   relation: gee
   relation: dfg
          g: b
          m: DCddF
          n: DaC


infinity fixed
M v0157 vol=3.646167 area=3.999993 N=[0.003782 + -2.017390I] P=[0.998109 + 1.008695I] dist=1.408104
lattice = 0.00378157935127576561 + -2.017390.20f I norm=4.069876
sqrtLoxodromic = -0.99474620132316682319 + 0.99661259195788620691 I norm=1.982757
parabolic = -0.00094539483766259685 + 0.50434743786604918636 I norm=0.254367
Generators: a b c d e f g h 
   relation: CBca
   relation: DAba
   relation: EBd
   relation: FEDC
   relation: HGF
   relation: GEf
   relation: hhG
          g: c
          m: A
          n: ACadghhhFE


3552 manifolds
