**GGmgMNggMGmn: 82569 boxes m292(2/2) s443(2/2) v1060(2/2) m367(2/2)    ! s776 (1+2)
GGmgNggMGn: 42048 boxes s578 (area 5.1525) m291 (area 5.177) ! s776 (3)
GGmnGmGmnGGn: 19644 boxes
GGMgMGGMn: 18327 boxes
**GGmnGGnGn: 16437 boxes m125
GGmgmGGmn: 11932 boxes
GGGMgMNgMNgM: 11065 boxes
GGGnGmGn: 10123 boxes
**GGGMgNgM: 9996 boxes m295 (0+1)
**GGmgNgm: 8631 boxes m129 (1)
**GGMgNgM: 8431 boxes m129 (0)
GmgNggMGnG  GGmgNggMGn 1

GGGGMgNgM: 1393 boxes
	111111000000000000111010100011000011110011110010010: 136 s118(1/1) 
	111111000000000010110000101001011101001001111100010: 1258 
GGGMgMNgM: 72 boxes
	111011000100000100110110011011101111100000011101000011100111101111110111: 1 m157(1/1) 
	111011000100000100110110101011011111011001110000001100000000: 72 
GGGMgMNgMNgM: 11065 boxes
	11101100010000010011011011111100111100110000000101100: 360 
	11101100010000011011010001110101000010111100100001000101: 1146 
	111011000100000110111100100001010100000100110000000: 8573 v0785(1/1) s348(1/1) v0954(1/1) 
	111011000100010100000110101111100111101101100100100000: 38 
	1111110000000000001110101000110100011100111010000100: 949 s119(1/1) 
GGGMgNgM: 9996 boxes
	11111100000000001011100010000100000001000010000: 9948 m120(1/1) s090(1/1) s128(1/1) s121(1/1) s176(1/1) v0245(1/1) v0243(1/1) v0252(1/1) v0254(1/1) v0263(1/1) v0284(1/1) v0295(1/1) v0331(1/1) v0317(1/1) v0285(1/1) v0289(1/1) v0308(1/1) v0299(1/1) s164(1/1) v0238(1/1) v0348(1/1) v0339(1/1) v0342(1/1) v0321(1/1) v0329(1/1) v0312(1/1) m295(2/2) v0255(1/1) v0262(1/1) v0257(1/1) v0282(1/1) v0276(1/1) v0256(1/1) v0231(1/1) v0301(1/1) v0288(1/1) v0278(1/1) v0270(1/1) v0265(1/1) v0264(1/1) s120(1/1) s138(1/1) s136(1/1) v0228(1/1) s116(1/1) v0229(1/1) s144(1/1) v0224(1/1) v0241(1/1) v0273(1/1) s194(1/1) s170(1/1) v0269(1/1) v0286(1/1) v0310(1/1) v0323(1/1) v0260(1/1) v0261(1/1) s166(1/1) s188(1/1) v0247(1/1) v0240(1/1) s153(1/1) s134(1/1) m192(1/1) m201(1/1) s151(1/1) m224(1/1) s145(1/1) s127(1/1) s132(1/1) m193(1/1) s146(1/1) m182(1/1) v0234(1/1) s143(1/1) 
	1111110000001000000110100000111011010000011010000: 49 m137(1/1) 
GGGMgNgNgM: 3337 boxes
	111111000000000010111000100100010001100101000101001: 3060 v0819(1/1) s254(1/1) 
	111111000000100010001000010000011000010101010000000: 278 m140(1/1) 
GGGmGNGm: 37 boxes
	11100100011000010001011010000110011110000000: 26 
	111001000110000100010110100101100001100001110: 1 
	111001000110000100010110100101100001100101100: 1 
	11100100011000010011011000000100010100011101: 10 
GGGmGmNGm: 40 boxes
	11110100001000000001001010000111011110011000: 3 
	11110100001000000001001010010110001101010010: 1 
	11110100001000000001001010010110001110010000: 1 
	11110100001000000001001010010110001111000000: 1 
	111101000010000000010010100101100011110011000: 1 
	11110100001000000001001010010111001100011010: 1 
	11110100001000000001001010011110000111000011: 2 
	11110100001000000011001000000100011110000100: 26 
	11110100001000000011001000010100001100010000: 1 
	11110100001000000011001000010100001100010011: 1 
	1111010000100000001100100001010000110100100: 2 
	11110100001000000011001000010100001101010000: 1 
GGGmGmnGm: 33 boxes
	111011000100000110010100100011100101010010100: 1 
	11101100010000011001010010001111011110001000: 5 
	111011000100000110010100100011110111100111000: 1 
	111011000100000110010110100001100101010001100: 1 
	111011000100000110010110100001110101000001101: 26 
GGGmGnGm: 337 boxes
	11101100010000011001011010010110110110010111: 88 
	111111000000000010010000100111100011000101110000110100110: 12 
	11111100000000001001001010010111000110101100: 64 
	11111100000000001011000000001100011111011100: 174 
GGGmnGNGmn: 15 boxes
	11100100011001011000011010001111110110100101111: 1 
	111001000110010110000110110011101101001011101001: 1 
	111001000110010110000110111011100101000000110001: 9 
	111001000110010110000110111011100101000001110100: 1 
	111001000110010110000110111011100101010010100001: 1 
	111001000110010110000110111011100101010011100010: 2 
	1110010001100101100001101110111001011000110010000: 1 
GGGmnGmGmn: 557 boxes
	1110010001100001101101100111110100100110011101: 1 
	1110010001100101100001101000111111101011110011: 1 
	111001000110010110000110101011110110100111010011: 1 
	1110010001100101100001101011111000101100011010: 1 
	1110010001100101100001101011111000101100101010: 1 
	111001000110010110000110101111100011100100110: 2 
	111001000110010110000110101111100011110010110: 5 
	111001000110010110000110101111100101100010100: 1 
	1110010001100101101001100011110000100010010100: 1 
	1110010001100101101001100011110000100010111000: 2 
	1110010001100101101001100011110000110000000111: 1 
	1110010001100101101001100011110000110001001010: 1 
	1110010001100101101001100011110000110010101100: 1 
	11101100010000010011010001101111010100100011100: 1 
	1110110001000001001101000110111101011010000010: 2 
	11101100010000010011010001101111010111001000000: 1 
	11101100010000010011010011110100000101101101: 1 
	111011000100010100000100101000100101100011101: 2 
	111011000100010100000100101000100101110001000: 3 
	1110110001000101000001001010011001001101001011: 1 
	11101100010001010000010010100110010011010111000: 1 
	111011000100010100000100101001110100100001010111: 1 
	111011000100010100000100101001110100100010010111: 1 
	11101100010001010000010010100111010010011000000: 1 
	11101100010001010000010011000110110000100010101: 14 
	11101100010001010000010011000110110000100110110: 1 
	111011000100010100000100110001101100001010101011: 1 
	11101100010001010000010011000110110000101110100: 1 
	111011000100010100100100000101001001011000011: 1 
	111011000100010100100100000101001001011010101: 1 
	11101100010001010010010000100100010000111001000: 2 
	1110110001000101001001000010010001001011010010: 3 
	11101100010001010010010000100100010101110010001: 1 
	11101100010001010010010000101100010010001110001: 1 
	11101100010001010010010000110100000110001110: 498 
GGGnGmGn: 10123 boxes
	1110110001000001001101001111110011101011110001: 1 
	1110110001000001001101100111000101100111111010: 1 
	1110110001000001001101100111000111101001111000: 1 
	1110110001000001001101100111001011010101100101: 1 
	111011000100000100110110011100101101101101110: 2 
	11101100010000010011011001110010110111111101010: 5 
	1110110001000001001101100111001011111110110000000: 2 
	1110110001000001001101100111011011001101101001: 1 
	11101100010000010011011001110110110111011101000: 1 
	111011000100000100110110011101101110101000010: 1 
	1110110001000001001101100111011011101110100001000: 2 
	1110110001000001001101100111011011101111000000100: 1 
	11101100010000010011011001111000001101101111110: 2 
	11101100010000010011011001111000001111110101100: 1 
	11101100010000010011011001111001000110111100111: 1 
	111011000100000100110110011110010111011000010010: 3 
	11101100010000010011011001111001011101100001010: 1 
	11101100010000010011011001111001011101101000000: 1 
	11101100010000010011011001111100000011111001101: 1 
	11101100010000010011011001111101000010111000110: 1 
	1110110001000001001101101111010011000011000100: 2 
	111011000100010100000110101111100100111110110100: 3 
	111011000100010100000110101111100110111100100000: 1 
	11110100001001001000001010111111000001011011011: 1 
	111101000010010010000010101111110010101110110011: 1 
	111101000010010010000010101111110010101111100110: 2 
	11110100001001001000001010111111001011011000011: 1 
	111101000010010010000010101111110010110110001101: 3 
	111101000010010010000010101111110010110110011000: 5 
	111101000010010010000010101111110010110111001110: 2 
	11110100001001001000001011111110001000011011000: 7 
	11111100000000000011000001101011110100011101101: 1 
	1111110000000000001100000110111101100101110100: 1 
	11111100000000000011000001111111000111011000010: 1 
	1111110000000000001100001110110010110100011001: 1 
	111111000000000000110000111011001011110101000: 2 
	111111000000000000110000111011001101011100101: 2 
	1111110000000000001100001110110011110010011100: 1 
	1111110000000000001100001110110101010011110101: 1 
	1111110000000000001100001110110101010011111000: 1 
	1111110000000000001100001111010010110110110101: 1 
	1111110000000000001100001111010100110011110101: 1 
	1111110000000000001100001111110100010000100111: 1 
	1111110000000000001100100110001010010101001110: 1 
	11111100000000000011001001100101010011101010000: 1 
	111111000000000000110010011001101000111010010011: 2 
	1111110000000000001110001100110001010000101100: 1 
	111111000000000000111000110011000101100011010: 1 
	111111000000010000000000101100110011110011000011101: 1 
	1111110000000100001000000010100001010011001000: 1 
	1111110000000100001000000010100001110010000000: 1 
	11111100000001000010000000110100000000110111111: 1 
	11111100000001000010000000110100000010111100110: 1 
	11111100000001000010000000110100101010001010000: 1 
	11111100000001000010000000111100001000000011010: 1 
	1111110000000100001000100010000000000011011011: 1 
	11111100000001000010001000100000010101001100000: 1 
	11111100000001000010001000100000010110000100000: 1 
	1111110000000100001000100010100000010110000100: 10036 m016(1/1) 
GGGnGmNGn: 38 boxes
	11110100001001001000001011011110100100110010110: 2 
	111101000010010010000010110111101001001101101010: 4 
	11110100001001001000001011011110100100111011100: 3 
	111111000000010000000000101001110111100101111010: 1 
	111111000000010000000000101001110111111101100110: 1 
	111111000000010000000000101001110111111110100001: 1 
	111111000000010000000000101011110101101001110110: 2 
	111111000000010000000000101011110101101010110001: 1 
	111111000000010000000000101011110101101101110001: 1 
	111111000000010000000000101011110101111000100111: 1 
	111111000000010000000000101011110101111101100000: 1 
	111111000000010000000000111001100100110111001111: 1 
	111111000000010000000000111001100101100110011110: 20 
GGMGGnGn: 14 boxes
	11101100010000010011011001110001001000011111: 1 
	11101100010000010011011001110001001001011100: 3 
	11101100010000010011011001110001010101001000: 1 
	11101100010000010011011001111000000001101000: 2 
	11101100010000010011011001111000001000100001: 1 
	11101100010000010011011001111001000000001000: 6 
	111011000100000100110110011110010010010100000: 1 
GGMMnGGMgM: 67 boxes
	1111110000000000001100100111000100011101111111: 3 
	111111000000000000110010011100110010001111110: 3 
	11111100000000000011001001110011001011011100101: 3 
	1111110000000000001100100111001100111101000111: 12 
	111111000000000000110010011110110000000010011: 6 
	111111000000000000110010011110110000101100000: 3 
	11111100000000000011001011110001001000111100000: 2 
	11111100000000000011001011111000000001110011000: 1 
	11111100000001000010001000110010000100010100001: 14 
	11111100000001000010001000110010001100010000000: 21 
GGMgMGGMn: 18327 boxes
	111011000100000100110100011111010101010111001: 1 
	11101100010000010011010001111111011001001101000: 1 
	11101100010000010011010011111100111001010011111: 1 
	11101100010000010011011001110001010101001111101: 2 
	11101100010000010011011001110001011110100001110: 1 
	11101100010000010011011001111011010010010001111: 1 
	111011000100000100110110111100010001001001110100: 1 
	11101100010000010011011011110010100010011011110: 2 
	11101100010001010010010000010110111100111001011: 1 
	11101100010001010010010000111110000000011100011: 1 
	1110110001000101001001000011111000100001010000: 1 
	111011000100010100100110001100000010100011010: 19 
	11101100010001010010011000110000010100001110100: 1 
	1111110000000000001100000110110100011100010101: 1 
	11111100000000000011000001101110101011001111100: 1 
	11111100000000000011000001101110101011110110111: 1 
	11111100000000000011000001101111000111000010111: 2 
	111111000000000000110000011011110100010111001011: 1 
	111111000000000000110000011011110101001011111: 2 
	11111100000000000011000001101111010111111000110: 1 
	11111100000000000011000001101111011110110001110: 1 
	11111100000000000011000001111101000111010001111: 2 
	11111100000000000011000001111101000111011001101: 1 
	11111100000000000011000001111101001111000001110: 1 
	11111100000000000011000001111101001111100010001: 1 
	11111100000000000011000011101100110111111000101: 1 
	11111100000000000011000011101110101001100000011: 1 
	111111000000000000110000111111001001011011011: 5 
	11111100000000000011001001100001000110101111110: 1 
	111111000000000000111000110011100110001000010: 1 
	11111100000000000011101010010011100011000011010: 1 
	11111100000001000010000000101100010010011100010: 1 
	11111100000001000010001000000100100011110000100: 2 
	11111100000001000010001000101000000010000110001: 1 
	11111100000010000001101001000000000000000000010: 18266 s086(1/1) m167(1/1) v0188(1/1) s102(1/1) s103(1/1) m150(1/1) m143(1/1) m121(1/1) m100(1/1) m169(1/1) v0184(1/1) s097(1/1) v0179(1/1) v0177(1/1) v0170(1/1) v0164(1/1) s089(1/1) s093(1/1) s084(1/1) v0168(1/1) s088(1/1) m144(1/1) m082(1/1) m036(1/1) 
GGMgMGGn: 1149 boxes
	11101100010000010011010001101101010111000001111: 1 
	11101100010000010011010001101101010111001001100: 2 
	11101100010000010011010001101111010101110110000: 2 
	11101100010000010011010001101111010110100101111: 1 
	11101100010000010011010001101111110110000110001: 3 
	111011000100000100110100011111111001000010111111: 1 
	111011000100000100110100111010010111011011001: 2 
	1110110001000001001101001110100111110000110100: 3 
	111011000100000100110100111011001101011011011: 1 
	11101100010000010011010011101100110111111011100: 1 
	11101100010000010011010011101101110000011100111: 1 
	11101100010000010011011001100010110111100111100: 1 
	111011000100000100111110110000100100000000010: 1123 
	1110110001000001001111101100001001000010001000: 1 
	11101100010001010010010000101100011000000110100: 7 
GGMgMMNgM: 7 boxes
	111011000100100100011100000011010111001011: 1 
	111011000100100100011100000011101111011111: 2 
	111011000100101100110100000011000111100011: 5 
GGMgMNgM: 7501 boxes
	11101100010000010011011001101001010101001100: 1 
	1110110001000001001101100111000000110111011: 1 
	11101100010000010011011001110101000001011100: 1 
	1110110001000101000001101010111001000000001: 4 
	11101100010001010000011010110110001010000100: 1 
	11111100000000000011000011101100111100101110: 1 
	11111100000010000001101010100110100100000: 7493 m006(1/1) m029(1/1) 
GGMgNgM: 8431 boxes
	11111100000010100010001001000011010101110010001: 8344 m017(1/1) m061(1/1) m054(1/1) m046(1/1) m037(1/1) s013(1/1) m093(1/1) m076(1/1) m110(1/1) m104(1/1) v0024(1/1) s056(1/1) s051(1/1) v0012(1/1) v0009(1/1) s064(1/1) s060(1/1) s070(1/1) s076(1/1) v0092(1/1) v0078(1/1) v0068(1/1) v0090(1/1) v0057(1/1) v0044(1/1) v0122(1/1) v0144(1/1) v0156(1/1) v0138(1/1) v0150(1/1) v0110(1/1) v0112(1/1) v0130(1/1) v0134(1/1) v0084(1/1) v0100(1/1) v0080(1/1) v0060(1/1) s054(1/1) s038(1/1) v0036(1/1) v0038(1/1) s046(1/1) s033(1/1) s030(1/1) s022(1/1) s008(1/1) s028(1/1) v0006(1/1) m089(1/1) m084(1/1) m066(1/1) s006(1/1) v0124(1/1) v0120(1/1) v0094(1/1) v0074(1/1) v0070(1/1) v0051(1/1) v0034(1/1) m030(1/1) m015(1/1) s009(1/1) m090(1/1) m077(1/1) s007(1/1) m085(1/1) m067(1/1) m062(1/1) m053(1/1) s065(1/1) s071(1/1) s061(1/1) v0045(1/1) m129(1/2) v0135(1/1) v0145(1/1) v0151(1/1) v0139(1/1) v0131(1/1) v0113(1/1) v0123(1/1) v0157(1/1) v0111(1/1) v0125(1/1) v0081(1/1) v0085(1/1) v0061(1/1) v0091(1/1) v0093(1/1) v0079(1/1) s077(1/1) v0069(1/1) v0058(1/1) v0025(1/1) s057(1/1) s052(1/1) v0010(1/1) s023(1/1) m111(1/1) v0013(1/1) v0121(1/1) v0095(1/1) v0101(1/1) v0071(1/1) v0075(1/1) v0035(1/1) v0039(1/1) v0037(1/1) s047(1/1) s055(1/1) s034(1/1) s039(1/1) v0052(1/1) s029(1/1) s031(1/1) v0007(1/1) m105(1/1) s014(1/1) m094(1/1) m035(1/1) m045(1/1) 
	1111111000000010000000100110010100001001000000: 88 
GGMgNgMgNgM: 2577 boxes
	11101100010000010011011011111100111000110100000010011: 1 
	11101100010000010011111010011101001001010010011100011: 1 
	11101100010000010011111010011101001001011010010000000: 1 
	11101100010000010011111010011101001010010001110111001: 3 
	11101100010000010011111010011101001010010111110001010: 1 
	11101100010000010011111010011101001011010000011000111: 2 
	11101100010000010011111010011101001011010000111010010: 1 
	1110110001000001001111101001110101011000100110101101: 1 
	11101100010000010011111010011101010110001011110011101: 1 
	11101100010000010011111010011101010110001011111001000: 2 
	1110110001000001001111101001110101011100100001100010: 3 
	11101100010000010011111010011101010111001010110010111: 1 
	11101100010000010011111010011101010111010010111110101: 1 
	11101100010000010011111010011101010111010110111010110: 1 
	11101100010000010011111010011101010111011000001010101: 1 
	11101100010000010011111010011101010111011000001100101: 2 
	11101100010000010011111010011101010111011000111110001: 1 
	1110110001000001001111101001110101011101110001000100: 1 
	11101100010000010011111010011101010111011100111010000: 3 
	11101100010000010011111010011101010111011110000001110: 268 
	11101100010000010011111010011101010111011110110000010: 2 
	111111000000000000110010111011001010001001010100010000: 2204 
	11111100000000000011101010001101000111001100000011110: 1 
	11111100000000000011101010001101000111001100110011000: 73 
	11111100000000000011101010001101000111001101010000000: 1 
	11111100000000000011101010001101000111001101010010010: 1 
GGMgmGmgM: 4879 boxes
	111111000000100000001010111100101010000010: 13 
	11111100000010100010001001000010011000100011: 4867 
GGMnGGnGn: 2953 boxes
	111101000010010010000010110110101001111010010: 1 
	111111000000000000110000011010010100011010011: 1 
	11111100000000000011000001111011100000000011100: 1 
	111111000000010000100000001010101100000100001: 2945 
	11111100000001000010000000110000001000101110110111: 1 
	11111100000001000010000000110000001101101010110000: 1 
	11111100000001000010000000110000001101110000010110: 1 
	111111000000010000100000001101000000001100001: 2 
	1111110000000100001000100010000000000111000001: 1 
GGMngNgMn: 31 boxes
	111101000010010010000010101110100011110110010: 1 
	111101000010010010000010101110100011110110100: 16 
	111111000000000000110000011010010101011100011: 1 
	111111000000010000000000101010100101100010111: 1 
	111111000000010000000000101010100101100110011: 1 
	111111000000010000000000101010100101101100100: 3 
	1111110000000100000000001010101001011101001011: 1 
	1111110000000100000000001010101101011001000001: 4 
	11111100000001000000000010110010000111011101010: 1 
	11111100000001000000000010110011000110011100000: 1 
	111111000000010000000000101101110000000100100010: 1 
	111111000000010000100000001101000000001100000: 1 
GGNGGmGm: 41 boxes
	11101100010000011001010010001110010110011001: 25 m003(1/1) 
	11101100010000011001010010001110010111010000: 4 
	11101100010000011001010010001110011100001010: 1 
	11101100010000011001010010001110011110000011: 1 
	111011000100000110010100100111100011110010100: 1 
	11101100010000011001010010011110010111001010: 1 
	111011000100000110010110100001100101100100000: 9 
GGNgMgN: 185 boxes
	11101100010000011001010010011111001111000001: 186 
GGNggMGmn: 0 boxes
	11100100011000010011011000001101111001110010: 1 
GGNggMGn: 2 boxes
	11110100001000001011000001100001010000001001: 1 
	11110100001000001011000001100001010000011000: 1 
	1111010000100000101100000110100100000100100: 1 
GGNggmGn: 1 boxes
	11101100010000010011011001111001010001000001: 1 
	111111000000000000110010011000000000011100: 1 
GGmGGmnGmn: 102 boxes
	11100100011000010000010010111111001111001001100: 1 
	1110010001100001000001001110111001100100111101: 3 
	111001000110000100000100111011100111100110011111: 1 
	11100100011000010000010011101111011000000011011: 1 
	11100100011000010000010011101111011001000010010: 1 
	111001000110000100000100111011110110110010000: 13 
	111001000110000100000100111111100010110001000: 17 
	11100100011000010000010011111110001110001000101: 2 
	11100100011000010000010011111110001110001001000: 1 
	111001000110000100010100100011101110001000101: 10 
	11100100011000010001010010001110111001100011101: 2 
	11100100011000010001010010001111111000100010000: 1 
	1110010001100001000101001010101001111100110001: 2 
	1110010001100001000101001010101101110000111001: 2 
	111001000110000100010110101000100101100101011: 2 
	111001000110000100010110101000100101110101010: 1 
	111001000110000100010110101000100111010000100: 1 
	11100100011000010001011010100010011101001110: 1 
	11100100011000010001011010100010011110001110: 7 
	1110010001100001000101101010001101110000111: 1 
	11100100011000010001011010101010010111000011: 1 
	11100100011000010001011010101010010111110110: 1 
	11100100011000010001011010101011010111000000: 26 
	11100100011000010001011010101011011011000111: 1 
	111001000110000100010110111010100100100001000: 1 
	111001000110000100100110011001010100000110011: 1 
	11100100011000010011011000101001011000101111: 1 
	11100100011000010011011000101001011001101100: 1 
GGmGGnGn: 103 boxes
	1111010000100000000100001001111010100011001011: 8 
	111101000010000000010000100111101010011100101000: 1 
	11110100001000000001000010011110101001110011111: 1 
	11110100001000000001000010011111101000110010010: 1 
	1111010000100000000100101001001010010111111111: 13 
	11110100001000000001001010100011011110011000010: 5 
	111101000010000000010010101010110100110101101: 1 
	111101000010000000010010101100100011010100100: 3 
	11110100001000000001001010110010001110011100: 9 
	111101000010000000010010101100100011110010010: 15 
	11110100001000000001001010110010001111001010: 1 
	1111010000100000000100101011001100110001111: 1 
	111101000010000000010010101100110011110100001: 1 
	111101000010000000010010101100110011110100100: 15 
	111101000010000000010010101110100001111101110: 1 
	111101000010000000110010001010000110011101111: 1 
	111101000010000000110010001110000001001111101: 1 
	11110100001000000011001000111000000101111000: 8 
	111101000010000000110010001110000011111100001: 1 
	111101000010000000110010001110010010010101011: 1 
	11110100001000000011001000111001001001110100: 8 
	11110100001000001011000000100001010001110001: 5 
	1111010000100000101100000010000101000111101: 1 
	11110100001000001011000001100000010001010000: 2 
GGmGmGGmN: 15 boxes
	11111100000000001001000010001110010110011100: 1 
	11111100000000001001000010001110011110011000: 10 
	111111000000000010010000100011100111100111110: 1 
	111111000000000010010000100011100111110111000: 1 
	111111000000000010010010100101100001100000100: 2 
	11111100000000001011000000001100010100011110: 1 
GGmGmGGmmn: 334 boxes
	111001000110000100000100111011110110000011110: 3 
	11100100011000010001011010000110110010100110111: 1 
	11100100011000010011011000000100110000100100101: 1 
	111001000110000100110110001000000101010011010: 25 
	11100100011000010011011000100001011100010100010: 1 
	11100100011000010011011000100011011100001001001: 1 
	11100100011000010011011000100100010000001100000: 1 
	111001000110000100110110001001000100110010000: 302 
GGmGmGGmn: 3448 boxes
	1110010001100001000101101000011001110000101: 8 
	111001000110000100110110000001000111010101111: 1 
	111101000010000000010000100110111001100011001: 6 
	11110100001000000001001010010010100101110111100: 1 
	1111010000100000000100101010011001101000001101: 2 
	11110100001000000011001000100000010101010101001: 6 
	11110100001000000011001000100100011000010011110: 2 
	111101000010000000110010001100000001110011110: 42 
	11110100001000000011001000110011001100011001011: 1 
	111101000010000000110010001101000000110010000: 3380 
GGmGmGGn: 229 boxes
	11110100001000000001000010011110000010011101: 6 
	111101000010000000010010100001100111110101000: 1 
	111101000010000000010010100001100111110111110: 1 
	111101000010000000010010100001110111100111010: 1 
	11110100001000000001001010010110001110001101: 14 
	11110100001000000001001010010111000110011111: 1 
	1111010000100000000100101001011100011011111001: 1 
	11110100001000000001001010011110000111000101: 2 
	111101000010000000110010000001000111010111000: 1 
	11110100001000000011001000010100000100011010: 201 
	1111010000100000001100100001010000110000000: 1 
GGmGmGmGGmn: 4536 boxes
	111001000110000100110110000101011010111011011110111: 1 
	11100100011000010011011000010101101011101111111101011: 1 
	111001000110000100110110001101010111010000100101111010: 1 
	111001000110000100110110001101010111100000011110110101: 2 
	111001000110000100110110001101010111100010111100110000: 1 
	111001000110000100110110001101010111100100011010010101: 1 
	111001000110000100110110001101010111100100011010101101: 1 
	1110010001100001001101100011010101111001000110101101001: 1 
	111001000110000100110110001101010111110000000010010101: 1 
	111001000110000100110110001101010111110000000010110110: 1 
	111001000110000100110110001101010111110010000000111101: 1 
	111001000110000100110110001101110110000111001011101101: 1 
	111001000110000100110110001101110110000111001101001001: 2 
	111001000110000100110110001101110110000111001101101110: 2 
	111001000110000100110110001101110110000111011110010011: 1 
	111001000110000100110110001101110110000111011111101110: 1 
	111001000110000100110110001111110100001001000101000: 3 
	111001000110000100110110001111110100101010000101010: 1 
	1110010001100001001101100100010011110100010010100: 1 
	11100100011000010011011001001100110010100010001111: 1 
	111001000110000100110110010011001100101101000000111: 1 
	11100100011000010011011001010100101100100000101010: 4199 m179(1/1) m225(1/1) s186(1/1) s168(1/1) s163(1/1) v0311(1/1) v0325(1/1) v0328(1/1) v0343(1/1) v0332(1/1) v0338(1/1) v0347(1/1) v0356(1/1) v0349(1/1) v0351(1/1) m197(1/1) v0235(1/1) s162(1/1) s179(1/1) s152(1/1) v0258(1/1) v0239(1/1) s180(1/1) s171(1/1) v0281(1/1) v0316(1/1) v0315(1/1) v0290(1/1) v0303(1/1) v0335(1/1) m186(1/1) v0253(1/1) s159(1/1) s181(1/1) s150(1/1) m141(1/1) m116(1/1) 
	11110100001000000011001000100100000101101100001011: 156 m139(1/1) 
	1111010000100000001100100010010000101110110101010001: 1 
	111101000010000000110010001001000010111011011110100: 1 
	111101000010000000110010001001000010111011110110100: 59 
	111101000010000000110010001011100000011101010001010: 1 
	111101000010000000110010001011100000011101110001110: 1 
	1111010000100000001100100010111000000111011101000110: 5 
	111101000010000000110010001011100000011101110101101: 1 
	111101000010000000110010001011100100011001011000000: 82 
	111101000010000000110010001011100100011001110000010: 2 
	1111010000100000001100100010111001000110011100001010: 2 
	111101000010000000110010001011100100011001110100100: 1 
GGmNgMgmN: 6 boxes
	111111000000000010010010100101100001000101110: 1 
	111111000000000010110000000011000101000101: 6 
GGmgMGMgm: 5710 boxes
	111001000110100110101100011010001100000000: 72 
	111101000010100010001000111110101000000000: 32 
	11110100001010001010100001101100110000110000: 2 
	11110100001010101010000001011000000010000000: 5605 m004(1/1) 
GGmgMGmnGMgm: 3363 boxes
	11100100011010010000111001011100101001000110110000: 152 s296(1/1) 
	111101000010100000001010010011001011101001100000111: 3212 v0753(1/1) 
GGmgMMNgm: 17 boxes
	111001000110100110001100010001000101011011: 3 
	111001000110100110001100010001001111111001: 6 
	11100100011010011000110011100110111101001: 9 
GGmgMNggMGmn: 82569 boxes
	1110010001100001000101101001011110011111001111001011000: 1 
	11100100011000010001011011010110100110100001001011000: 2 
	111001000110000100010110110101101001101000110010001100: 1 
	11100100011000010001011011010110100110101001000111001: 1 
	111001000110000100010110110101101001101011010010110000: 1 
	11100100011000010001011011010110100110101110011000110: 1 
	11100100011000010001011011010110100111101000000110101: 1 
	111001000110000100010110110101101001111010001001110000: 3 
	11100100011000010001011011010110100111101001101010000110: 1 
	111001000110000100010110110101101001111010011011101001: 4 
	11100100011000010001011011010110101110100010000111000: 2 
	111001000110000100010110111101100001100110100100110010: 1 
	1110010001100001001101100001010110010110100101101100: 1 
	1110010001100001001101100001010110010111100100000011: 1 
	1110010001100001001101100001010110010111100100110010: 2 
	11100100011000010011011000010101100101111001010010101: 1 
	11100100011000010011011000010101101010110101010111: 1 
	11100100011000010011011000010101101010110111001101: 1 
	11100100011000010011011000010101101011000100100101: 1 
	11100100011000010011011000010101101011100100011111: 1 
	11100100011000010011011000010101101101100001010101110: 1 
	11100100011000010011011000010101101101100001010111001: 1 
	1110010001100001001101100001010110110110000101111110: 1 
	111001000110000100110110000101011011011000110111001: 1 
	11100100011000010011011000010101101101110001100101000: 2 
	11100100011000010011011000010101101101110100110001110: 1 
	11100100011000010011011000010101101101110101101001000: 1 
	111001000110000100110110000101011011111000000110010: 1 
	111001000110000100110110000101011011111100000010001: 2 
	11100100011000010011011000110101000101011000010011011: 1 
	11100100011000010011011000110101000101011001011001010: 1 
	11100100011000010011011000110101001101010001010011010: 1 
	11100100011000010011011000110101010100011010101000111: 1 
	11100100011000010011011000110101010100111101000000010: 5 
	11100100011000010011011000110101010100111110011000001: 53 
	11100100011000010011011000110101010101001000111100010: 1 
	11100100011000010011011000110101010101001100101001110: 1 
	11100100011000010011011000110101011010011110000111: 2 
	1110010001100001001101100011010101101001111101000110: 2 
	11100100011000010011011000110101011100010010100111011: 44 s096(1/1) 
	1110010001100001001101100011111101001010101101111: 130 
	11100100011000010011011000111111110000011110110000: 198 s131(1/1) 
	111001000110000100110110010001001110000001010000101: 1 
	111001000110000100110110010001001110000001111010000: 1 
	1110010001100001001101100100010011100000110110011100: 1 
	111001000110000100110110010001001110000011101001110: 1 
	111001000110000100110110010001001110000011111001011: 3 
	1110010001100001001101100100010011100001010110010110: 2 
	111001000110000100110110010001001110000101011001101: 2 
	111001000110000100110110010001001110000101101010101: 2 
	111001000110000100110110010001001110001011110100100: 1 
	111001000110000100110110010001001110001011110101010: 1 
	111001000110000100110110010001001110001011110111111: 1 
	1110010001100001001101100100010011100010111111101101: 1 
	111001000110000100110110010001001110001101010101100: 8 
	111001000110000100110110010001001110001101100111100: 1 
	111001000110000100110110010001001110001111110001011: 1 
	11100100011000010011011001000100111000111111011110100: 1 
	1110010001100001001101100100010011100100010010000001: 1 
	111001000110000100110110010001001110010001001011000: 1 
	1110010001100001001101100100010011100100010110100010: 1 
	111001000110000100110110010001001110010011001001101: 2 
	111001000110000100110110010001001110011011100111001: 1 
	11100100011000010011011001000100111001111100000110000: 1 
	1110010001100001001101100100010011110000000111100001: 1 
	1110010001100001001101100100010011110000100110000101: 3 
	111001000110000100110110010001001111000010011010111: 1 
	11100100011000010011011001000100111100001001110010000: 1 
	111001000110000100110110010001001111000010101100000: 1 
	111001000110000100110110010001001111000100001010111: 2 
	111001000110000100110110010001001111000100001100101: 1 
	11100100011000010011011001000100111100010000111101101: 1 
	1110010001100001001101100100010011110001100010010110: 1 
	1110010001100001001101100100010011110011000001110101: 1 
	1110010001100001001101100100010011110011000101000000: 12 
	1110010001100001001101100100010011110011000101100110: 2 
	111001000110000100110110010001001111001100100110000: 2 
	11100100011000010011011001000100111100111000011111110: 1 
	1110010001100001001101100100010011110011100100001000: 4 
	111001000110000100110110010001001111001110010000111: 1 
	111001000110000100110110010001001111001110010010110011: 1 
	11100100011000010011011001000100111100111001001100010: 1 
	11100100011000010011011001000100111100111001010100000: 1 
	111001000110000100110110010001001111001110100000010: 4 
	111001000110000100110110010001001111001110100010111: 2 
	111001000110000100110110010001001111001110111010010: 1 
	1110010001100001001101100100110011000000011110011010: 1 
	1110010001100001001101100100110011000010011101011000: 2 
	111001000110000100110110010011001100100001001011101: 7 
	111001000110000100110110010011001100101000111111001: 1 
	11100100011000010011011001001100110010100101011100000: 1 
	1110010001100001001101100100110011001011000110011010: 2 
	111001000110000100110110010011001100101101001000110: 1 
	111001000110000100110110010011001100101101001101111: 1 
	111001000110000100110110010011001100101101101111001: 4 
	1110010001100001001101100100110011001110111010110010: 1 
	1110010001100001001101100101010010010010100000100001: 2 
	11100100011000010011011001010100101100100000000001110: 1 
	11100100011000010011011001010100101100100000000100011: 1 
	11100100011000010011011001010100101100100000001101110: 1 
	1110010001100001001101100101010010110010000001010010: 1 
	11100100011000010011011001010100101100100000111011110: 1 
	111001000110000100110110010101001011001000001111010011: 1 
	11100100011000010011011001010100101100101000000110110: 1 
	11100100011000010011011001010100101100101010101010010: 1 
	11100100011000010011011001101000110110010111011100011: 1 
	1110010001100001001101100110110001111011001100001110: 3 
	1110010001100001001101100110110001111110000101001000: 1 
	1110010001100001001101100110110001111110001001000100: 1 
	11100100011000010011011001101100011111101110110001010: 1 
	1110010001100001001101100110110001111110111011001001: 2 
	11100100011000010011011001101100011111101110111011101: 1 
	11100100011000010011011001101100011111101111101001111: 1 
	11100100011000010011011001101101011101100100000011111001: 2 
	1110010001100001001101100110111001110010110111101011: 1 
	111001000110000100110110011011100111001100001100110: 3 
	1110010001100001001101100110111001110011111010100110: 2 
	11100100011000010011011001101110111110011100001000001: 1 
	11100100011000011011010000100111110111010011000110: 1 
	1110010001100001101101001010010111010110111001001001: 1 
	111001000110000110110100101001011111011001111000011: 1 
	11100100011000011011110010000111011110001010100000: 98 
	11100100011000011011110010000111011110010100100000001: 1013 
	11100100011000011011110010010110001011000111110010: 67 m199(1/1) 
	111001000110100110011100000101001011110011001100110: 1 
	1110010001101001100111000001010010111100110100100011: 1 
	111001000110100110011100000101001011110011011010101: 3 
	111001000110100110011100000101001011110011011100000: 7 
	1110010001101001100111000001010010111100111011100101: 1 
	111001000110100110011100000101001011110011101110111: 1 
	1110010001101001100111000001010010111101110010000101: 6 
	11100100011010011001110000010100101111011100110001110: 1 
	11100100011010011001110000010110101101001100001010: 138 
	1111010000100000000100101010011000011110111001001100: 1 
	11110100001000000001001010100110000111101111000011010: 1 
	11110100001000000011001000100100000101101111001000111: 27 
	11110100001000000011001000100100001011101111111100: 103 m161(1/1) 
	11110100001000000011001000101110010001100100110000: 189 m081(1/1) 
	111101000010000000110010101011001010011000110010001: 80121 m217(1/1) m191(1/1) s133(1/1) v0280(1/1) v0272(1/1) v0307(1/1) v0313(1/1) v0268(1/1) v0294(1/1) v0304(1/1) v0293(1/1) s202(1/1) v0300(1/1) v0486(1/1) v0437(1/1) s126(1/1) s165(1/1) s191(1/1) v0291(1/1) v0302(1/1) v0292(1/1) v0274(1/1) v0283(1/1) s196(1/1) v0267(1/1) s189(1/1) s177(1/1) s115(1/1) v0227(1/1) m292(2/2) v0352(1/1) v0341(1/1) v0336(1/1) v0340(1/1) v0326(1/1) v0225(1/1) s139(1/1) v0244(1/1) s135(1/1) v0237(1/1) v0250(1/1) s158(1/1) v0259(1/1) v0277(1/1) v0314(1/1) v0271(1/1) v0298(1/1) v0246(1/1) m228(1/1) m209(1/1) s142(1/1) v0430(1/1) v0384(1/1) m171(1/1) s124(1/1) v0539(1/1) v0537(1/1) v0611(1/1) s315(1/1) v0605(1/1) v0565(1/1) v0297(1/1) s260(1/1) v0589(1/1) v0519(1/1) v0557(1/1) v0576(1/1) v0523(1/1) s443(2/2) v0287(1/1) s156(1/1) v1060(2/2) v0382(1/1) m069(1/1) s205(1/1) s249(1/1) s184(1/1) v0226(1/1) v0520(1/1) m210(1/1) v0248(1/1) v0453(1/1) v0350(1/1) v0466(1/1) v0528(1/1) v0566(1/1) v0602(1/1) v0668(1/1) v0702(1/1) v0613(1/1) v0595(1/1) v0564(1/1) v0521(1/1) v0782(1/1) v0882(1/1) v0600(1/1) v0540(1/1) v0524(1/1) v0416(1/1) v0363(1/1) v0360(1/1) v0728(1/1) v0567(1/1) s252(1/1) v0556(1/1) v0686(1/1) v0656(1/1) v0598(1/1) v0535(1/1) v0588(1/1) s312(1/1) v0585(1/1) v0700(1/1) v0711(1/1) v0681(1/1) v0726(1/1) v0559(1/1) v0719(1/1) v0973(1/1) v0737(1/1) m367(2/2) v0680(1/1) v0706(1/1) v0621(1/1) s319(1/1) s239(1/1) v0752(1/1) s232(1/1) s175(1/1) m155(1/1) s108(1/1) 
	111101000010000000111010100011000011110011100010001: 178 
GGmgMNgm: 5256 boxes
	1111010000101000101010000110111011010110111: 5257 m023(1/1) 
GGmgNggMGn: 42048 boxes
	11110100001000001011000001100110010001111011101101: 187 v0233(1/1) 
	1111010000100000101100000110011011001101110001101011: 36 s117(1/1) 
	11110100001000001011000001110110101110000010000010: 293 m151(1/1) 
	11110100001000001011000010110101101111110100110001: 455 
	11110100001000001011000010110111101101101000100000: 28 m162(1/1) 
	1111010000100000101100001111010010010001100000000000: 1 
	11110100001000001011100010000011011101011110010000: 317 s183(1/1) 
	11110100001000001011100010010011001110101111001000: 283 m220(1/1) 
	11110100001000001011100010010111001110011010100000: 116 m175(1/1) 
	11110100001000001011100011010000001000000010000000: 39934 s304(1/1) s192(1/1) s212(1/1) m233(1/1) s203(1/1) m213(1/1) m214(1/1) v0502(1/1) s225(1/1) s122(1/1) v0318(1/1) v0359(1/1) v0366(1/1) s129(1/1) s155(1/1) s199(1/1) s221(1/1) v0526(1/1) v0373(1/1) v0716(1/1) v0742(1/1) v0376(1/1) v0266(1/1) v0620(1/1) v0551(1/1) v0509(1/1) v0404(1/1) s148(1/1) s322(1/1) s324(1/1) v0627(1/1) v0626(1/1) v0633(1/1) v0692(1/1) v0690(1/1) v0630(1/1) v0915(1/1) v0820(1/1) v0492(1/1) v0538(1/1) v0560(1/1) v0637(1/1) v0525(1/1) v0546(1/1) v0474(1/1) s275(1/1) s253(1/1) s140(1/1) v0371(1/1) 
	11110100001001001010000000101010100000000000000000: 399 
GGmgNgm: 8631 boxes
	1110011001100011100001000111100100111001100011: 42 
	111101000010000000010010111010100000110010110: 1 
	111101000010101010100000110011010110001000101: 8581 m010(1/1) m033(1/1) m022(1/1) m058(1/1) m040(1/1) s004(1/1) m073(1/1) s017(1/1) m079(1/1) s015(1/1) v0015(1/1) v0019(1/1) v0005(1/1) s024(1/1) v0017(1/1) s040(1/1) v0020(1/1) s019(1/1) v0026(1/1) s049(1/1) v0030(1/1) v0063(1/1) v0066(1/1) v0099(1/1) v0077(1/1) v0088(1/1) v0046(1/1) v0054(1/1) v0117(1/1) s001(1/1) v0001(1/1) s000(1/1) m039(1/1) m032(1/1) m129(2/2) v0116(1/1) v0098(1/1) v0065(1/1) v0062(1/1) v0089(1/1) v0076(1/1) v0055(1/1) v0047(1/1) v0027(1/1) v0018(1/1) v0021(1/1) s048(1/1) v0031(1/1) s041(1/1) v0014(1/1) v0016(1/1) s025(1/1) s018(1/1) v0004(1/1) s016(1/1) s012(1/1) s005(1/1) m080(1/1) v0000(1/1) m074(1/1) m059(1/1) 
	1111011000100010100000000101110010100101000111: 8 
GGmgNgmGGmn: 2860 boxes
	111001000110000110111100100101010111110101010010011110: 1 
	11110100001000000011001000110101000001001000001111100: 1 
	111101000010000000110010001101010000010110100000000011: 106 m168(1/1) 
	1111010000100000101100001110010010000010110010001000: 2492 v0508(1/1) 
	111101000010000010111000100001010011110001101010100: 261 
GGmgmGGmmn: 39 boxes
	111001000110000110110100011000100100010110011: 10 
	111001000110000110110100011000100101100000101: 1 
	111001000110000110110100011000100110111000110: 1 
	111001000110000110110100101000010101010001101: 4 
	111001000110000110110100101000010101011010110: 7 
	111001000110000110110100101000010101111011100: 4 
	111001000110000110110100101000010111111000011: 5 
	11100100011000011011010010100011011110100111000: 1 
	11100100011000011011010010100011011110100111101: 1 
	111001000110000110110100101000110111101101111: 3 
	1110010001100001101101001010011101101010000000: 2 
	111001000110000110110100111100000010011000100: 1 
GGmgmGGmn: 11932 boxes
	111001000110000110110100011100110110000100111: 4 
	111001000110000110110100101000110111011111110: 3 
	111001000110000110110100101101010110110000001: 30 
	111001000110000110110100101101011110100111000: 32 
	1110010001100001101101001011011101100010001000: 1 
	111001000110000110110100101110111101100001111011: 1 
	111001000110000110110100111100000001000101000: 11 
	111001000110000110110100111100000011010000101: 5 
	1110010001100001101111001001101101111011001110: 1 
	1110010001100001101111001001111001011101111101: 1 
	111001000110100110011100000111000110110101011: 3 
	1110010001101001100111100001000110000000011100: 4 
	11100100011010011001111000010001100011101000000: 2 
	11100100011010011001111000010001110010100101010: 1 
	1110010001101001100111100001001110010011000111: 11 
	1111010000100000101100000010001101011100011010: 1 
	111101000010000010110000011000100100110111101: 27 
	111101000010000010110000011000100101100000101: 30 
	111101000010000010110000011000110110100000001: 7 
	111101000010000010110000101000011111100111011: 2 
	11110100001000001011000010100110001011101011: 1 
	111101000010000010110000101001101010010111111: 23 
	1111010000100000101100001011011100101011000001: 1 
	111101000010000010111000100010110111101000110: 2 
	1111010000100000101110001000111000011100101110: 1 
	11110100001010001001000001101000111000000000110: 1 
	111101000010100010011000000011010010001100000: 11727 m034(1/1) m078(1/1) v0171(1/1) v0167(1/1) v0176(1/1) v0178(1/1) v0160(1/1) v0163(1/1) s081(1/1) s085(1/1) s080(1/1) s087(1/1) v0166(1/1) v0169(1/1) m115(1/1) 
GGmgmGGn: 21 boxes
	111101000010000010110000111100100011001111100: 1 
	111101000010000010110000111110101001100110100: 1 
	111101000010000010110000111110101010010100101: 2 
	111101000010000010111000110110100010100110001: 4 
	11110100001010001001101000010001000001110001110: 12 
	11110100001010001001101000010001100011111000000: 2 
GGmmnGGmnGmn: 4 boxes
	11100100011000010001011010000111010011101101110: 1 
	1110010001100001000101101000011101111110100110: 1 
	111001000110000100010110110001100100001001100001: 1 
	11100100011000010001011011000110010010101100100: 1 
	11100100011000010001011011000110111010001110000: 1 
GGmnGGnGn: 16437 boxes
	11100100011000011011010001111011011101010101101: 1 
	11100100011000011011010001111110111011110101000: 1 
	11100100011000011011011001110011101010101110100: 2 
	11100100011000011011011011110100110000110001101: 1 
	111001000110000110110110111101001100001100011101: 1 
	111001000110000110110110111101001101011100001101: 1 
	111001000110000110111110110101000100000100110001: 5 
	11100100011001011010010000111000011000111001000: 1 
	11100100011001011010010000111000011110010110010: 1 
	11110100001000000001001010010111001101110011101: 4 
	11110100001000000001001011000110001011111111010: 1 
	111101000010000000010010110001100110101101011111: 1 
	11110100001000000001001011000110011010110111011: 1 
	11110100001000000001001011010110000000110110001: 3 
	111101000010000000010010110101100000001101110001: 1 
	11110100001000000001001011010110000010100101111: 1 
	11110100001000000001001011010110000010101110111: 1 
	111101000010000000010010110101100000101111011000: 1 
	111101000010000000010010110101100001101010000110: 1 
	11110100001000000001001011010110101010011110010: 1 
	11110100001000000001001011010110101010011111000: 1 
	11110100001000000001001011010111100010001000011: 1 
	11110100001000000001001011011110100010010111100: 1 
	1111010000100000000100101101111010011000000111001: 1 
	111101000010000000010010110111101001101010100111: 1 
	11110100001000000001001011011111100010101110000: 1 
	111101000010000000110010010011000100011001001101: 1 
	11110100001000000011001001001100010100101011111: 1 
	11110100001000000011001001001100010101101000100: 1 
	111101000010000000110010010011001110110001000111: 1 
	111101000010000000110010010011010000011111001000: 1 
	11110100001000000011001001011100101001101110101: 1 
	11110100001000001011000001000100110011000101111: 1 
	11110100001000001011000001000101100010111011011: 1 
	111101000010000010110000010001011010101101110000: 1 
	11110100001000001011000001100100010110111001011: 1 
	1111010000100000101100000110010001101100001111: 1 
	111101000010000010110000011001000111101111111: 1 
	111101000010000010110000011001001111100001110110: 1 
	1111010000100000101100000110010100110001000001: 2 
	11110100001000001011000001100110011000111101000: 1 
	11110100001000001011000001101110010110100101100: 1 
	11110100001000001011000010101101101101110001111: 1 
	111101000010000010110000101011011011011111111001: 1 
	11110100001000001011000010101101111101100101000: 10 
	11110100001000001011000011101100101000101001101: 1 
	111101000010000010110000111011001010001010011101: 1 
	11110100001000001011100011001100001100001011001: 11 
	11110100001001001010000000001000100110100110101: 1 
	11110100001001001010000000100000001110011000001: 1 
	11110100001001001010000000101000000110000000010: 16356 m096(1/1) s032(1/1) v0146(1/1) v0148(1/1) v0140(1/1) v0142(1/1) v0152(1/1) v0128(1/1) v0106(1/1) v0136(1/1) v0096(1/1) m125(2/2) v0158(1/1) v0154(1/1) v0159(1/1) s078(1/1) v0032(1/1) v0028(1/1) s068(1/1) s063(1/1) s072(1/1) s058(1/1) s042(1/1) v0087(1/1) v0073(1/1) v0114(1/1) v0072(1/1) v0086(1/1) v0104(1/1) v0082(1/1) v0048(1/1) v0141(1/1) v0149(1/1) v0129(1/1) v0143(1/1) v0147(1/1) v0115(1/1) v0105(1/1) v0083(1/1) v0049(1/1) s069(1/1) s059(1/1) s026(1/1) v0029(1/1) s079(1/1) v0108(1/1) v0137(1/1) s074(1/1) s067(1/1) v0033(1/1) m095(1/1) m060(1/1) m103(1/1) m112(1/1) m098(1/1) s010(1/1) s011(1/1) s044(1/1) v0011(1/1) v0008(1/1) m108(1/1) m072(1/1) m071(1/1) m044(1/1) m043(1/1) m064(1/1) m099(1/1) s027(1/1) m113(1/1) s035(1/1) m019(1/1) m011(1/1) m027(1/1) m047(1/1) m052(1/1) m026(1/1) s066(1/1) m055(1/1) m087(1/1) s021(1/1) m106(1/1) v0043(1/1) s037(1/1) s045(1/1) s053(1/1) s075(1/1) v0059(1/1) v0109(1/1) v0127(1/1) s003(1/1) m049(1/1) v0003(1/1) v0002(1/1) s002(1/1) m083(1/1) v0041(1/1) v0053(1/1) v0023(1/1) v0102(1/1) v0064(1/1) v0056(1/1) v0103(1/1) v0119(1/1) v0133(1/1) v0155(1/1) v0118(1/1) v0153(1/1) v0107(1/1) v0132(1/1) v0126(1/1) m125(1/2) s062(1/1) s073(1/1) s043(1/1) v0022(1/1) s020(1/1) s050(1/1) m102(1/1) s036(1/1) v0040(1/1) v0050(1/1) v0042(1/1) v0067(1/1) 
	11110100001001001010000000101000000110001010000: 2 
GGmnGMgMGmn: 51 boxes
	111001000110000110111100100011110111111110011101: 7 
	11100100011000011011110010001111111011011010000: 1 
	11100100011000011011110010001111111011011110010: 1 
	111001000110000110111100110011000111100010110011: 1 
	111001000110000110111100110011000111100011111100: 2 
	111001000110000110111100110011000111100101101110: 2 
	1110010001100001101111001100111001101010110010110: 2 
	111001000110000110111100110011100111001011010010: 3 
	1110010001100001101111001100111001110011000000101: 1 
	111001000110000110111100110011100111001111000000: 13 
	1110010001100001101111001100111001111011110010000: 19 
GGmnGmGmGmn: 602 boxes
	11100100011000011011010001111101011111100111011: 1 
	111001000110000110110100011111010111111101101001: 1 
	111001000110000110110100011111101111110101011111: 2 
	11100100011000011011010001111110111111011001010: 18 
	111001000110000110110100011111101111110110111111: 1 
	11100100011000011011010001111110111111011111101: 1 
	11100100011000011011010001111111011100110101110: 1 
	11100100011000011011010001111111011100110111001: 1 
	11100100011000011011010001111111011101110100101: 2 
	11100100011000011011011001110110100111010111111: 1 
	11100100011000011011011001110110110111000011110: 3 
	11100100011000011011011001110110110111101111000: 5 
	11100100011000011011011001110111000101001101101: 1 
	11100100011000011011011001110111000101001101110: 1 
	111001000110000110110110011101110001011011011110: 2 
	111001000110000110110110011101110001011111011000: 2 
	111001000110000110110110011101110011011001011000: 1 
	111001000110000110110110011101111001010101000100: 1 
	11100100011000011011011011100100111101011001110: 1 
	11100100011000011011011011100100111101011101111: 1 
	1110010001100001101101101110010101110000000011: 1 
	111001000110000110110110111001010111000001010: 6 
	11100100011000011011011011110100100101010101011: 1 
	11100100011000011011011011110100100101011011001: 1 
	11100100011000011011011011110100100101011101000: 1 
	11100100011000011011011011110100101101001101100: 24 
	11100100011000011011011011110100101111010000100: 2 
	11100100011000011011011011110100110110101001011: 1 
	11100100011000011011011011110100110110111101000: 1 
	11100100011000011011011011110101001100100000110: 479 
	11100100011001011010010000111100001110111110011: 1 
	111001000110010110100100001111000111101011101001: 1 
	111001000110010110100110001001000111100011011111: 2 
	111001000110010110100110001001000111100011101111: 1 
	111001000110010110100110001001000111100101101111: 2 
	11100100011001011010011000100100011110010111101: 1 
	11100100011001011010011000100100011110010111110: 1 
	111001000110010110100110001001000111100111101001: 4 
	111001000110010110100110001001000111110111001001: 1 
	11100100011001011010011000100110011100000100011: 1 
	11100100011001011010011000100110011100001100000: 1 
	111001000110010110100110001011000101100001010001: 1 
	111001000110010110100110001011000101100001011011: 1 
	111001000110010110100110001011000101100001101001: 1 
	111001000110010110100110001011000101101001100010: 2 
	111001000110010110100110001011000101101001100101: 1 
	111001000110010110100110001101000001101101100011: 2 
	111001000110010110100110001101000001101101101101: 1 
	11100100011001011010011000110110000100101100001: 4 
	11100100011001011010011000110110000100101100010: 3 
	111001000110010110100110001101100011001001001001: 1 
	1111010000100000101100000110111001010110111010: 1 
	111101000010000010110000011011101001010111110001: 1 
	11110100001000001011000001101111000100101100101: 4 
GGmnGmGmnGGn: 19644 boxes
	111001000110000110111110110111010010010101100001110011010: 1 
	11100100011000011011111011011101001011010100000001100000: 162 s313(1/1) 
	111001000110010110100110001111101000010101000111110000001: 1 
	111001000110010110100110001111101000100011011110010100101: 1 
	111001000110010110100110001111101000100011011110101100010: 1 
	1110010001100101101001100011111011011010000101101001011000: 2035 s297(1/1) 
	1110010001100101101001101011110010000011110011011011110001: 1 
	1110010001100101101001101011110010100011010010011001000010: 17443 m247(1/1) 
GGmnGmnGGn: 905 boxes
	11100100011001011000011010101110010000001111: 1 
	11100100011001011000011010101110010010111110: 2 
	111001000110010110000110101011100110101011100: 1 
	11100100011001011000011010111110000010111111011: 1 
	111001000110010110000110101111100000110001101: 1 
	1110010001100101100001101011111000101100100110: 3 
	1110010001100101100001101100101011010110101100: 3 
	111001000110010110100110001111000000001011010: 1 
	1110010001100101101001100011110000000011110000: 1 
	11100100011001011010011000111100001000101010110: 1 
	1110110001000101000001001010001001011100111010: 1 
	1110110001000101000001001010001101010100011101: 1 
	1110110001000101001001000010000011101000011000: 6 
	1110110001000101001001000010000101100010111010: 883 
GGmngMgmn: 70 boxes
	11100100011000010011011000000100011101000010: 1 
	111001000110000100110110000011000101110001: 70 
GGmnnGGnGn: 26 boxes
	111001000110010110000110110010101101101100001111: 1 
	111001000110010110000110110010101111101100011100: 2 
	111001000110010110000110110100101011101001010000: 2 
	1110010001100101100001101101101010011010100010101: 1 
	111011000100010100000100101000110100110011010100: 1 
	111011000100010100000100110000101100011001111101: 1 
	111011000100010100000100110000101110011000111101: 5 
	111011000100010100000100110000101110011010111001: 1 
	111011000100010100000100111000100100000011110110: 6 
	111011000100010100000100111000100101000000110100: 1 
	111011000100010100000100111000100110000001110000: 2 
	111011000100010100000100111000100110000010110001: 2 
	111011000100010100000100111000100110010001100110: 1 
	111011000100010100000100111010100100000000100000: 1 
GGnGMgMGn: 252 boxes
	11110100001000001011001011100100110111111110000: 7 
	11110100001000001011001011100100111111100110100: 1 
	11110100001000001011001011100110101101110100101: 1 
	111101000010000010110010111001101011011101001101: 1 
	111101000010000010111000110111000011110111101010: 1 
	111101000010000010111010110001100101010111000000: 1 
	11110100001000001011101011000110010101011100101: 1 
	11110100001000001011101011000110010101011100110: 2 
	11110100001000001011101011000110011100000011000: 1 
	11110100001000001011101011000110011100000111110: 2 
	11110100001000001011101011000110011101000100000: 1 
	111101000010000010111010110001100111100000011001: 1 
	11110100001000001011101011000110011110100111110: 1 
	11110100001000001011101011000110110110011111011: 1 
	11110100001000001011101011010100000111000110001: 2 
	111101000010000010111010110101000001110001101100: 1 
	11110100001000001011101011010110000100000011101: 2 
	111101000010000010111010110101100001011001000010: 1 
	111101000010000010111010110101100001101000011010: 1 
	1111010000100000101110101101011000011011010110000: 1 
	111101000010000010111010110101101001100011110000: 1 
	11110100001010001001101000000101111111010101110: 4 
	11110100001010001001101000010101000001110101110: 2 
	11110100001010001001101000010101100001000011111: 1 
	111101000010100010011010000101011000010100010001: 1 
	11110100001010001001101000010101100001010111101: 1 
	11110100001010001001101000010101100011010000111: 3 
	1111010000101000100110100001011100100010000111: 7 
	11110100001010001001101001000100110100011010111: 1 
	11110100001010001001101001000100111100010110000: 201 
	11110100001010001001101001010100100100001110101: 1 
GGnGmGmGn: 20 boxes
	11110100001000001011001001101111010101010101011: 4 
	1111010000100000101100100110111101010101011001: 2 
	11110100001000001011001001101111010101011110111: 1 
	11110100001000001011001001101111011101010100110: 1 
	11110100001000001011001001101111011101010110100: 1 
	111101000010000010110010111101010011000101010: 1 
	11110100001001001010001000110110001100011100001: 1 
	11110100001001001010001000110110001100011100111: 5 
	111101000010010010100010001111000001100101011101: 1 
	111101000010010010100010001111000001100101100001: 1 
	111101000010010010100010001111000001100101101011: 1 
	111101000010010010100010001111000001101111100000: 1 
	11110100001001001010001000111110000100010100100: 1 
GGnGngNgm: 6 boxes
	11110100001000000001001011101110011011010001111: 1 
	11110100001000000001001011101110011011111010011: 1 
	11110100001000001001000011100110010011110010000: 3 
	11110100001000001011000001100000010101101100011: 2 
GGngMNgn: 334 boxes
	11100100011000011011011001111101000000110111: 1 
	1110010001100001101101100111110100100110001110: 1 
	11100100011001011000011010001110110010111011: 1 
	11100100011001011000011010010110101010110010: 1 
	1110010001100101100001101011011000101001011101: 1 
	111001000110010110000110101101100010100110100: 2 
	1110010001100101100001101011011001101000011000: 1 
	11100100011001011000011010111010000110001110: 1 
	1110010001100101101001100011110000000011010000: 1 
	11101100010001010000010010100011010100001110: 325 
GGngMgn: 276 boxes
	11100100011001011000010010010110000110000100: 1 
	111101000010000000110010010011000011100011: 276 
GMGmgMNgm: 438 boxes
	11110100001010001000100001100010001010001: 3 
	1111010000101000100010000110001000111000000: 2 
	1111010000101000100010001110010001101010101: 1 
	1111010000101000100010001110011011100000101: 1 
	11110100001010001010100001100000101000001: 29 
	11110100001010001010100001101100100000110000: 18 
	1111010000101010101000000100101000010011001: 301 
	11110100001010101010000011101010000110011110: 84 
GMGnGMgMGn: 24 boxes
	11100100011000011011010001111010111011110111111110: 1 
	1110010001100001101101000111101011101111111110111: 2 
	111001000110000110110100111110001111011110001110: 1 
	1110010001100001101111001101100001100100101001100: 1 
	11100100011000011011110011011000011001001111011100: 1 
	1110010001100001101111001101100001100101111000100: 4 
	1110010001100001101111001101100001101000100111111: 1 
	1110010001100001101111001101100001101001100110110: 1 
	1110010001100001101111101101000000001101000011000: 5 
	1110010001100001101111101101001000000011000100101: 1 
	111101000010000010111000110010000010000011110001: 1 
	111101000010000010111000110010000010100011011000: 4 
	11110100001000001011100011001000001100000011011101: 1 
	11110100001000001011100011001000001101000010001000: 1 
GMgMGmgMgm: 389 boxes
	11101100010010110010011001000100011110011100: 3 
	11101100010010110010011001010110001100101110: 1 
	11101100010010110010011011010100001100001100: 386 
GMgMNgMGm: 53 boxes
	111011000100101100100110010001010111100101: 15 
	11101110010000110000011001100110110101001011: 37 
	11101110010000110000011011100100110101101111: 2 
GMgMNgMgMNgM: 198 boxes
	11101100010000010011010001101111111010101010111011: 1 
	111011000100000100110100111011001110111100001011: 6 
	111011000100000100110100111111001000011110111101: 1 
	111011000100000100110100111111001001111110101110: 1 
	111011000100000100110100111111001010111001101101: 6 
	111011000100000100110100111111001100011000111011: 1 
	111011000100000100111100110010000101110110101011: 1 
	111011000100000100111100110010000111010101110000: 1 
	111011000100000100111100110010000111100011110001: 4 
	111011000100000100111100110010000111110000101101: 1 
	1110110001000001001111001100100001111101010110000: 1 
	1110110001000001001111001100101001001010110110110: 1 
	111011000100000100111100110010100101001010110110: 2 
	11101100010000010011110011001010010100111011010: 1 
	11101100010000010011110011001010010100111111011: 1 
	111011000100000100111100110010100101101110011011: 5 
	111011000100000100111100110010100101101110011100: 3 
	111011000100000100111100110010100111001000110000: 3 
	1110110001000001001111001100101001111010000110000: 2 
	111011000100000100111100110010101100100011100011: 7 
	11101100010000010011110011001100011001001011001001: 3 
	11101100010000010011110011001100011001011111001011: 1 
	1110110001000001001111001100110001101100100010111: 7 
	11101100010000010011110011001100011011001001101010: 1 
	11101100010000010011110011001100011011001001111110: 2 
	1110110001000001001111001100110001101100110000100: 1 
	1110110001000001001111001100110001101100110001101: 2 
	1110110001000001001111001100110001101101010111101: 2 
	11101100010000010011110011001100011011011101100010: 1 
	1110110001000001001111001100110001111101100111001: 1 
	111011000100000100111100110011000111110110100100: 9 
	1110110001000001001111001100110001111101101010111: 1 
	11101100010000010011110011001101011000010010011100: 1 
	111011000100000100111100110011100110000100011011: 2 
	111011000100000100111100110011100110001011010011: 3 
	111011000100000100111100110011100110001011110101: 14 
	11101100010000010011110011001110011010100010101: 1 
	1110110001000001001111001100111001101010110111010: 1 
	111011000100000100111100110011100111101100011111: 9 
	11101100010000010011110011001110011110110010010: 1 
	111011000100000100111100110011101110100011100000: 24 
	111011000100000100111100110110000001010101110111: 1 
	111011000100000100111100110110000101010001110001: 1 
	11101100010000010011110011011010000100110111001: 1 
	11101100010000010011110011011010000110110101101: 1 
	111011000100000100111100110110101001100011110001: 1 
	1110110001000001001111001101110000101100000110011: 2 
	1110110001000001001111001101110000101100010110111: 2 
	111011000100000100111100110111000100010000110101: 1 
	11101100010000010011110011011100010011000010001: 1 
	1110110001000001001111001101111000100000010110001: 18 
	11101100010000010011110011011110001100000111010: 1 
	1110110001000001001111001101111000110100000010110: 1 
	1110110001000001001111001101111000110110000000101: 2 
	11101100010000010011111011000100010001000011000101: 1 
	1110110001000001001111101100010001001100010000010: 1 
	11101100010000010011111011000100010011000100101111: 1 
	1110110001000001001111101100010001011000011110001: 2 
	1110110001000001001111101100010001011100000010111: 1 
	1110110001000001001111101100010001011100001011010: 1 
	111011000100000100111110110001100101001000010001: 2 
	111011000100000100111110110001100101001001010100: 4 
	111011000100000100111110110001100101001001100001: 1 
	1110110001000001001111101100011001011010010010000: 1 
	11101100010010010001110000001101110011111111011: 1 
	11101100010010010001110000001101111011000001100: 4 
	11101100010010010001110000001101111011100101001: 1 
	111011000100100100011100010010001101000011101110: 1 
	111011000100100100011100010010001101000111101101: 1 
	1110110001001001000111000100110011110001001010110: 1 
	111011000100100100011100010011001111000100101101: 1 
	11101100010010010001110001011000100100001100000: 1 
	11101100010010010001110001011100001100100100100: 1 
	11101100010010010001110001011100100100001010011: 1 
	111011000100100100011100010111001011000001101000: 2 
GMgMgMGMn: 235 boxes
	1111010000101000100110100000000010001111011: 1 
	1111010000101000100110100010001001001101000: 1 
	11110100001010001001101000100010010111010: 145 
	111101000010100010011010101101101000101100: 89 
GMgMgMGmn: 5 boxes
	111001000110100110011100001011100111100001: 6 
GMgMgMGn: 2637 boxes
	11100100011000011011011011110100110000100100: 2 
	111001000110100110011110000000011101000010: 3 
	11100100011010011001111010110110100110100110: 2 
	11110100001000001011000001101100010111101101: 1 
	11110100001000001011000001101110110110001100: 182 
	1111010000101000100110001010111010110001000: 2360 m007(1/1) 
	1111010000101000101010000110111110110111111: 88 
GMgMgMMNgMgM: 160 boxes
	11100100011000011011011001100101010111111110011: 1 
	11100100011000011011011001100101011111010101100: 12 
	11100100011000011011011001100111010101111100001: 1 
	111001000110000110110110011001110111011001100011: 1 
	11100100011000011011011001100111011101101010000: 1 
	111001000110000110110110011001110111011101001111: 1 
	11100100011000011011011001100111011101111010000: 1 
	11100100011000011011011001100111011110101001110: 2 
	111001000110000110110110011001110111111001001101: 19 
	11100100011000011011011001100111111100010111000: 17 
	11100100011000011011011001100111111110011010100: 1 
	11100100011000011011011001110110100111101111011: 3 
	111001000110000110110110011101101001111111010001: 1 
	111001000110000110110110011101101011111001110000: 1 
	11100100011000011011011001110111000100101111111: 3 
	111001000110000110110110011101110001001111011001: 1 
	11100100011000011011011001110111000101101100001: 9 
	11100100011000011011011001110111001101010101110: 11 
	11100100011000011011011001110111001101110110010: 9 
	11100100011000011011011001110111001110110101111: 3 
	111001000110000110110110011101110011110011011001: 1 
	11100100011000011011011001110111001111100110001: 1 
	11100100011000011011011001110111010101101100001: 1 
	11100100011000011011011001110111011101110100000: 1 
	11100100011000011011011001110111011110100101100: 1 
	11100100011000011011011001110111011110100101111: 1 
	111001000110000110110110011101111001000011010101: 1 
	111001000110000110110110011101111001000111100001: 2 
	11100100011000011011011011100100111101111001010: 1 
	111001000110000110110110111001001111111101010111: 1 
	111001000110000110110110111001011111000001010111: 1 
	11100100011000011011011011100101111100010110101: 26 
	11100100011000011011011011110100101101100101011: 4 
	111001000110000110110110111101011011000101000011: 1 
	11100100011001011010011000011100110110110111010: 3 
	11100100011001011010011000100100011100000110011: 1 
	11100100011001011010011000100100011110010110001: 1 
	11100100011001011010011000110100001110010110001: 9 
	11100100011001011010011000110100011100010110011: 1 
	11100100011001011010011000110100011110010100001: 2 
	11110100001000001011001001100101001101000111100: 1 
	11110100001001001010001000001100100101000110110: 1 
	11110100001001001010001000100100001100000100001: 1 
GMgMgMNgMgM: 48 boxes
	111101000010000010110010011001111111101001100110: 1 
	111101000010000010110010011001111111101101100001: 1 
	11110100001000001011001011100100111001101101100: 1 
	11110100001000001011001011100100111101100001111: 2 
	111101000010000010111010110001000111010101110000: 14 
	11110100001000001011101011000100011111010100110: 21 
	11110100001000001011101011000110011100101001000: 3 
	11110100001000001011101011000110011100110101001: 3 
	11110100001000001011101011000110011100111011010: 1 
	111101000010000010111010110101000001010011100011: 1 
	111101000010000010111010110101000011110001010001: 1 
GMgNgMGm: 3115 boxes
	111011000100000110100100111001001101011100: 189 
	1110110001000001101011001101010000000100001: 46 
	11101100010000011010110011010101010000000110: 3 
	11101100010010010000111011101000010100101011: 1 
	11101100010010010010111001100000111110001011: 1 
	11101100010010110010011001000010011110001001: 16 
	11101100010010110010011011000000111100001011: 1 
	11101100010010110010011011000010011110100001: 11 
	11101100010010110010011011000010111010000111: 1 
	11101110010000110000011001000000111000100111: 19 
	11101110010000110000011001100000011010000101: 1 
	11101110010000110000011001100010011000100101: 18 
	1110111001000011000001100111011000101101010: 2 
	11101110010000110000011011110100010001111111: 1 
	111111000000100000001010111101010011001011: 2799 m009(1/1) 
	11111100000010000010101011100100101101100101: 7 
GMgNgMGmgm: 477 boxes
	11111100000010100010001001010100001010001001: 108 
	11111100000010100010001011000000001000001100: 3 
	11111100000010100010001011000000001000110000: 1 
	11111100000010100010001011000010011010000001: 1 
	11111100000010100010001011100010001110001110: 365 
GMgNgMgNgM: 292 boxes
	11111100000000000011001001100010110111111111110011: 1 
	11111100000000000011001001110011100110100110111110: 1 
	11111100000000000011001001110011100110110110100110: 1 
	11111100000000000011001011110000100101100101111101: 1 
	1111110000000000001100101111010010000111001010011: 1 
	11111100000000000011100011001000011011011001110110: 1 
	11111100000000000011100011001000011011011010100110: 1 
	1111110000000000001110001100101001100010100100101: 1 
	1111110000000000001110001100101001100010100101001: 2 
	1111110000000000001110001100101001101011000011110: 2 
	111111000000000000111000110010101110100100100100: 1 
	1111110000000000001110001101100000101100110010011: 9 
	11111100000000000011100011011000001011001101100010: 1 
	11111100000000000011100011011000001110011111000: 5 
	1111110000000000001110001101100000111101000010101: 2 
	1111110000000000001110001101100000111101001011010: 1 
	111111000000000000111000110110100000001111110111: 1 
	1111110000000000001110001101101000001011110111110: 2 
	11111100000000000011100011011010000110111010111: 14 
	1111110000000000001110001101101000100010011101000: 15 
	1111110000000000001110001101101000101010010110100: 1 
	1111110000000000001110001101101000101010010111110: 1 
	11111100000000000011100011011010001100010001110: 4 
	1111110000000000001110001101101000111011000110000: 1 
	1111110000000000001110001101101000111011000111010: 1 
	111111000000000000111000110110101010100000100001: 10 
	11111100000000000011100011011100001001011011011001: 3 
	11111100000000000011100011011100001011011001101010: 1 
	1111110000000000001110001101110000101101110001101: 1 
	111111000000000000111000110111100010101010001111: 6 
	11111100000000000011100011011110001010110010111: 1 
	11111100000000000011100011011110001010111101110001: 1 
	111111000000000000111000110111101010100010100101: 13 
	111111000000000000111010100000110000011011010100: 1 
	1111110000000000001110101000001100001110010111110: 1 
	111111000000000000111010100000110001011100110110: 1 
	1111110000000000001110101000001100011111000110100: 1 
	111111000000000000111010100000110101111000011001: 6 
	1111110000000000001110101000001110011101001101001: 4 
	111111000000000000111010100101110001111001011010: 7 
	111111000000000000111010110000000000100111111101011: 1 
	11111100000000000011101011000000000011010000101010: 3 
	111111000000000000111010110000000001100110001000: 1 
	111111000000000000111010110000000001100110001101: 1 
	1111110000000000001110101100000000011001101011000: 1 
	11111100000000000011101011000000010001000011010100: 2 
	11111100000000000011101011000000010011000000100010: 7 
	111111000000000000111010110000000100110000001101110: 1 
	11111100000000000011101011000000010101011010000101: 1 
	1111110000000000001110101100000001011000000111111: 6 
	1111110000000000001110101100000001011000101010010: 1 
	11111100000000000011101011000000010110001101111111: 1 
	1111110000000000001110101100000001011001110110011: 1 
	111111000000000000111010110000100101000101001101: 10 
	111111000000000000111010110000100101001001000110: 5 
	11111100000000000011101011000100010001011010001000: 3 
	11111100000000000011101011000100010010011101111010: 1 
	1111110000000000001110101100010001001001111010100: 1 
	11111100000000000011101011000100011000010011000101: 1 
	1111110000000000001110101100010001111001000010001: 1 
	1111110000000000001110101101000000010100011000111: 2 
	11111100000000000011101011010000000101000111001000: 1 
	1111110000000000001110101101000000011100000010010: 1 
	11111100000000000011101011010100000001000011010000: 4 
	11111100000000000011101011010100000001001010000101: 1 
	11111100000000000011101011010100000001001010000110: 2 
	111111000000000000111010110101000000100000111000: 15 
	1111110000000000001110101101010000001000110110011: 7 
	1111110000000000001110101101010000001100000001000: 1 
	1111110000000000001110101101010000001100000011001: 4 
	11111100000000000011101011010100000011000100111010: 1 
	1111110000000000001110101101010000001101000000010: 2 
	1111110000000000001110101101010000001101000010011: 7 
	1111110000000000001110101101010000001101010000110: 1 
	1111110000000000001110101101010000001101010001011: 1 
	11111100000000000011101011010100000011010110101100: 1 
	1111110000000000001110101101010000011000001111100: 8 
	1111110000000000001110101101010000011000100100000: 1 
	1111110000000000001110101101010000011000100101001: 1 
	1111110000000000001110101101010000011001001100110: 1 
	1111110000000000001110101101010000011001011111001: 2 
	11111100000000000011101011010100000111010010110000: 1 
	11111100000000000011101011010110000100100001011010: 1 
	111111000000000000111010110101100001001010000001: 8 
	111111000000000000111010110101100001001100010000: 15 
	11111100000000000011101011010110000100110001001110: 1 
	1111110000000000001110101101011000010011000101011: 2 
	111111000000000000111010110101100001001101100001: 1 
	11111100000000000011101011010110000110100100111000: 1 
	1111110000000000001110101101011000011011010010000: 1 
	111111000000100000011000000111011010010010111000: 11 
	11111100000010000001100000011101101011010001110: 1 
	11111100000010000001100000011101101011110101001: 5 
	11111100000010000001100000011111101001100000110: 1 
	11111100000010000001100000011111101001110000000: 1 
	1111110000001000000110000101100010010001111011100: 1 
	11111100000010000001101000000001000000100101100: 1 
GMgmNgMGm: 2287 boxes
	11101100010010010000111011110010111110011011: 1 
	111111000000000000101010110010000111110111: 2 
	11111100000000000010101011001010011110111101: 1 
	11111100000000001010100011010100000001010010: 3 
	11111100000010000000101011101000000000101111: 20 
	11111100000010000000101011110010101111111111: 2 
	11111100000010000000101011111100000001001: 483 
	11111100000010100010001001000000001010010011: 1775 
	1111110000001010001000101101010000101111101: 1 
GNGmnGmGmGmn: 29 boxes
	11100100011001011000011010101111011011010101101101: 2 
	11100100011001011000011010101111011011011100101110: 1 
	11100100011001011000011010101111011011011101101100: 2 
	11100100011001011000011010101111011111011001101001: 1 
	11101100010001010000010010100111010011010101000100: 1 
	11101100010001010000010010100111010101001011010011: 4 
	11101100010001010000010010100111010111000001111001: 2 
	11101100010001010000010010100111010111001000011000: 3 
	11101100010001010000010010100111010111001000110011: 1 
	11101100010001010000010010100111010111001001111101: 1 
	11101100010001010000010010100111010111010000001001: 2 
	11101100010001010000010010100111010111010000100010: 1 
	11101100010001010000010010100111010111011001000100: 1 
	11101100010001010000010010100111011001000111000111: 1 
	11101100010001010000010010100111011101000011001010: 3 
	11101100010001010000010010100111011101001011000011: 1 
	11101100010001010000010010100111011101001011001111: 1 
	11101100010001010000010010100111011111000001100001: 1 
	111011000100010100000100111001100101100100001000010: 1 
GmGmnGmnGmGn: 1 boxes
	111011000100000100110110011101100111011011101010: 1 
	1110110001000001001101100111011011110101110100001: 1 
