PossiblePower GG 0 0 0 0 G^2 ~ 0 n=1 base=1 
PossiblePower GGG 0 0 0 0 G^3 ~ 0 n=1 base=1 
PossiblePower GGGG 0 0 0 0 G^4 ~ 0 n=1 base=1 
PossiblePower GGGGG 0 0 0 0 G^5 ~ 0 n=1 base=1 
PossiblePower GGGGGmG 0 1 0 0 G^6 ~ 5 n=1 base=1 
PossiblePower GGGGGmG 0 1 0 0 G^6 ~ 5 n=1 base=2 
PossiblePower GGGGGmG 0 1 0 0 GG^3 ~ 5 n=2 base=2 {PossiblePower GG 0 0 0 0 G^2 ~ 0 n=1 base=1 }
PossiblePower GGGGGmG 0 1 0 0 GGmG^2 ~ 2 n=3 base=3 {PossiblePower GGmG 0 1 0 0 G^3 ~ 2 n=1 base=1 }
PossiblePower GGGGGmGG 0 1 0 0 G^7 ~ 5 n=1 base=1 
PossiblePower GGGGGmGG 0 1 0 0 G^7 ~ 5 n=1 base=2 
PossiblePower GGGGGnG 0 1 0 0 G^6 ~ 5 n=1 base=1 
PossiblePower GGGGGnG 0 1 0 0 G^6 ~ 5 n=1 base=2 
PossiblePower GGGGGnG 0 1 0 0 GG^3 ~ 5 n=2 base=2 {PossiblePower GG 0 0 0 0 G^2 ~ 0 n=1 base=1 }
PossiblePower GGGGGnG 0 1 0 0 GGnG^2 ~ 2 n=3 base=3 {PossiblePower GGnG 0 1 0 0 G^3 ~ 2 n=1 base=1 }
PossiblePower GGGGMGG 0 1 0 0 G^6 ~ 4 n=1 base=1 
PossiblePower GGGGMGG 0 1 0 0 G^6 ~ 4 n=1 base=2 
PossiblePower GGGGMGG 0 1 0 0 GG^3 ~ 4 n=2 base=2 {PossiblePower GG 0 0 0 0 G^2 ~ 0 n=1 base=1 }
PossiblePower GGGGMGG 0 1 -1 0 MGG^3 ~ 2 n=2 base=4 {PossiblePower MGG 0 0 1 0 G^2 ~ 0 n=1 base=1 }
PossiblePower GGGGMGG 0 1 0 0 GMGG^2 ~ 1 n=3 base=3 {PossiblePower GMGG 0 1 0 0 G^3 ~ 1 n=1 base=2 }
PossiblePower GGGGmGGG 0 1 0 0 G^7 ~ 4 n=1 base=1 
PossiblePower GGGGmGGG 0 1 0 0 G^7 ~ 4 n=1 base=2 
PossiblePower GGGGmGGGGG 0 1 0 0 G^9 ~ 4 n=1 base=1 
PossiblePower GGGGmGGGGG 0 1 0 0 G^9 ~ 4 n=1 base=2 
PossiblePower GGGGmGGGGG 0 1 0 0 GGG^3 ~ 4 n=3 base=6 {PossiblePower GGG 0 0 0 0 G^3 ~ 0 n=1 base=1 }
PossiblePower GGGGnGGG 0 1 0 0 G^7 ~ 4 n=1 base=1 
PossiblePower GGGGnGGG 0 1 0 0 G^7 ~ 4 n=1 base=2 
PossiblePower GGGMG 0 1 0 0 G^4 ~ 3 n=1 base=1 
PossiblePower GGGMG 0 1 0 0 G^4 ~ 3 n=1 base=2 
PossiblePower GGGMG 0 1 0 0 GMG^2 ~ 1 n=2 base=2 {PossiblePower GMG 0 0 -1 0 MG^2 ~ 0 n=1 base=1 }
PossiblePower GGGMGG 0 1 0 0 G^5 ~ 3 n=1 base=1 
PossiblePower GGGMGG 0 1 0 0 G^5 ~ 3 n=1 base=2 
PossiblePower GGGMnG 0 1 0 0 G^4 ~ 3 n=1 base=1 
PossiblePower GGGMnG 0 1 0 0 G^4 ~ 3 n=1 base=2 
PossiblePower GGGMnG 0 1 0 0 GMnG^2 ~ 1 n=2 base=2 {PossiblePower GMnG 0 0 -1 1 MnG^2 ~ 0 n=1 base=1 }
PossiblePower GGGMnGG 0 1 0 0 G^5 ~ 3 n=1 base=1 
PossiblePower GGGMnGG 0 1 0 0 G^5 ~ 3 n=1 base=2 
PossiblePower GGGMnGGG 0 0 -1 1 MnGGG^2 ~ 0 n=3 base=3 {PossiblePower MnGGG 0 0 1 -1 G^3 ~ 0 n=1 base=1 }
PossiblePower GGGNG 0 1 0 0 G^4 ~ 3 n=1 base=1 
PossiblePower GGGNG 0 1 0 0 G^4 ~ 3 n=1 base=2 
PossiblePower GGGNG 0 1 0 0 GNG^2 ~ 1 n=2 base=2 {PossiblePower GNG 0 0 0 -1 NG^2 ~ 0 n=1 base=1 }
PossiblePower GGGNGG 0 1 0 0 G^5 ~ 3 n=1 base=1 
PossiblePower GGGNGG 0 1 0 0 G^5 ~ 3 n=1 base=2 
PossiblePower GGGNGGG 0 0 0 -1 NGGG^2 ~ 0 n=3 base=3 {PossiblePower NGGG 0 0 0 1 G^3 ~ 0 n=1 base=1 }
PossiblePower GGGmG 0 1 0 0 G^4 ~ 3 n=1 base=1 
PossiblePower GGGmG 0 1 0 0 G^4 ~ 3 n=1 base=2 
PossiblePower GGGmG 0 1 0 0 GmG^2 ~ 1 n=2 base=2 {PossiblePower GmG 0 0 1 0 mG^2 ~ 0 n=1 base=1 }
PossiblePower GGGmGG 0 1 0 0 G^5 ~ 3 n=1 base=1 
PossiblePower GGGmGG 0 1 0 0 G^5 ~ 3 n=1 base=2 
PossiblePower GGGmGGG 0 0 1 0 mGGG^2 ~ 0 n=3 base=3 {PossiblePower mGGG 0 0 -1 0 G^3 ~ 0 n=1 base=1 }
PossiblePower GGGmGGGG 0 1 0 0 G^7 ~ 3 n=1 base=1 
PossiblePower GGGmGGGG 0 1 0 0 G^7 ~ 3 n=1 base=2 
PossiblePower GGGmGGGGmG 0 0 0 0 GGGmG^2 ~ 0 n=4 base=4 {PossiblePower GGGmG 0 1 0 0 GmG^2 ~ 1 n=2 base=2 {PossiblePower GmG 0 0 1 0 mG^2 ~ 0 n=1 base=1 }}
PossiblePower GGGmGmGG 0 1 1 0 mGmGG^2 ~ 1 n=3 base=3 {PossiblePower mGmGG 0 1 0 0 mG^3 ~ 2 n=1 base=1 }
PossiblePower GGGmNG 0 1 0 0 G^4 ~ 3 n=1 base=1 
PossiblePower GGGmNG 0 1 0 0 G^4 ~ 3 n=1 base=2 
PossiblePower GGGmNG 0 1 0 0 GmNG^2 ~ 1 n=2 base=2 {PossiblePower GmNG 0 0 1 -1 mNG^2 ~ 0 n=1 base=1 }
PossiblePower GGGmnGG 0 1 0 0 G^5 ~ 3 n=1 base=1 
PossiblePower GGGmnGG 0 1 0 0 G^5 ~ 3 n=1 base=2 
PossiblePower GGGmnGGG 0 0 1 1 mnGGG^2 ~ 0 n=3 base=3 {PossiblePower mnGGG 0 0 -1 -1 G^3 ~ 0 n=1 base=1 }
PossiblePower GGGnG 0 1 0 0 G^4 ~ 3 n=1 base=1 
PossiblePower GGGnG 0 1 0 0 G^4 ~ 3 n=1 base=2 
PossiblePower GGGnG 0 1 0 0 GnG^2 ~ 1 n=2 base=2 {PossiblePower GnG 0 0 0 1 nG^2 ~ 0 n=1 base=1 }
PossiblePower GGGnGG 0 1 0 0 G^5 ~ 3 n=1 base=1 
PossiblePower GGGnGG 0 1 0 0 G^5 ~ 3 n=1 base=2 
PossiblePower GGGnGGG 0 0 0 1 nGGG^2 ~ 0 n=3 base=3 {PossiblePower nGGG 0 0 0 -1 G^3 ~ 0 n=1 base=1 }
PossiblePower GGGnGGGG 0 1 0 0 G^7 ~ 3 n=1 base=1 
PossiblePower GGGnGGGG 0 1 0 0 G^7 ~ 3 n=1 base=2 
PossiblePower GGMG 0 1 0 0 G^3 ~ 2 n=1 base=1 
PossiblePower GGMG 0 1 -1 0 MG^3 ~ 1 n=1 base=2 
PossiblePower GGMGG 0 0 -1 0 MGG^2 ~ 0 n=2 base=2 {PossiblePower MGG 0 0 1 0 G^2 ~ 0 n=1 base=1 }
PossiblePower GGMGGMGG 0 0 -1 0 MGG^3 ~ 0 n=2 base=2 {PossiblePower MGG 0 0 1 0 G^2 ~ 0 n=1 base=1 }
PossiblePower GGMnG 0 1 0 0 G^3 ~ 2 n=1 base=1 
PossiblePower GGMnG 0 1 -1 1 MnG^3 ~ 1 n=1 base=2 
PossiblePower GGMnGG 0 0 -1 1 MnGG^2 ~ 0 n=2 base=2 {PossiblePower MnGG 0 0 1 -1 G^2 ~ 0 n=1 base=1 }
PossiblePower GGMnGGG 0 1 0 0 G^5 ~ 2 n=1 base=1 
PossiblePower GGMnGGMGG 0 1 -1 1 MnGG^3 ~ 4 n=2 base=2 {PossiblePower MnGG 0 0 1 -1 G^2 ~ 0 n=1 base=1 }
PossiblePower GGMnGGMGG 0 1 -1 0 MGG^3 ~ 2 n=2 base=4 {PossiblePower MGG 0 0 1 0 G^2 ~ 0 n=1 base=1 }
PossiblePower GGMnGGMnGG 0 0 -1 1 MnGG^3 ~ 0 n=2 base=2 {PossiblePower MnGG 0 0 1 -1 G^2 ~ 0 n=1 base=1 }
PossiblePower GGMnGGnGG 0 1 -1 1 MnGG^3 ~ 4 n=2 base=2 {PossiblePower MnGG 0 0 1 -1 G^2 ~ 0 n=1 base=1 }
PossiblePower GGMnGGnGG 0 1 0 1 nGG^3 ~ 2 n=2 base=4 {PossiblePower nGG 0 0 0 -1 G^2 ~ 0 n=1 base=1 }
PossiblePower GGMnnGG 0 0 -1 2 MnnGG^2 ~ 0 n=2 base=2 {PossiblePower MnnGG 0 0 1 -2 G^2 ~ 0 n=1 base=1 }
PossiblePower GGNG 0 1 0 0 G^3 ~ 2 n=1 base=1 
PossiblePower GGNG 0 1 0 -1 NG^3 ~ 1 n=1 base=2 
PossiblePower GGNGG 0 0 0 -1 NGG^2 ~ 0 n=2 base=2 {PossiblePower NGG 0 0 0 1 G^2 ~ 0 n=1 base=1 }
PossiblePower GGNGGNGG 0 0 0 -1 NGG^3 ~ 0 n=2 base=2 {PossiblePower NGG 0 0 0 1 G^2 ~ 0 n=1 base=1 }
PossiblePower GGmG 0 1 0 0 G^3 ~ 2 n=1 base=1 
PossiblePower GGmG 0 1 1 0 mG^3 ~ 1 n=1 base=2 
PossiblePower GGmGG 0 0 1 0 mGG^2 ~ 0 n=2 base=2 {PossiblePower mGG 0 0 -1 0 G^2 ~ 0 n=1 base=1 }
PossiblePower GGmGGG 0 1 0 0 G^5 ~ 2 n=1 base=1 
PossiblePower GGmGGmGG 0 0 1 0 mGG^3 ~ 0 n=2 base=2 {PossiblePower mGG 0 0 -1 0 G^2 ~ 0 n=1 base=1 }
PossiblePower GGmGGmnGG 0 1 1 0 mGG^3 ~ 4 n=2 base=2 {PossiblePower mGG 0 0 -1 0 G^2 ~ 0 n=1 base=1 }
PossiblePower GGmGGmnGG 0 1 1 1 mnGG^3 ~ 2 n=2 base=4 {PossiblePower mnGG 0 0 -1 -1 G^2 ~ 0 n=1 base=1 }
PossiblePower GGmGmG 0 1 1 0 mG^4 ~ 1 n=1 base=2 
PossiblePower GGmGmG 0 1 1 0 mGmG^2 ~ 1 n=2 base=2 {PossiblePower mGmG 0 0 0 0 mG^2 ~ 0 n=1 base=1 }
PossiblePower GGmGmGGG 0 1 1 0 mGGG^2 ~ 2 n=3 base=3 {PossiblePower mGGG 0 0 -1 0 G^3 ~ 0 n=1 base=1 }
PossiblePower GGmGmGGmGmGmG 0 1 0 0 GmGmGmG^2 ~ 1 n=4 base=4 {PossiblePower GmGmGmG 0 0 1 0 mG^4 ~ 0 n=1 base=1 }
PossiblePower GGmGmGGnG 1 1 1 0 mGGnG^2 ~ 2 n=3 base=3 
PossiblePower GGmGmGmGG 0 1 1 0 mGG^3 ~ 3 n=2 base=4 {PossiblePower mGG 0 0 -1 0 G^2 ~ 0 n=1 base=1 }
PossiblePower GGmGnG 0 1 1 0 mGnG^2 ~ 1 n=2 base=2 {PossiblePower mGnG 0 0 -1 1 nG^2 ~ 0 n=1 base=1 }
PossiblePower GGmNG 0 1 0 0 G^3 ~ 2 n=1 base=1 
PossiblePower GGmNG 0 1 1 -1 mNG^3 ~ 1 n=1 base=2 
PossiblePower GGmNGG 0 0 1 -1 mNGG^2 ~ 0 n=2 base=2 {PossiblePower mNGG 0 0 -1 1 G^2 ~ 0 n=1 base=1 }
PossiblePower GGmNGGG 0 1 0 0 G^5 ~ 2 n=1 base=1 
PossiblePower GGmNGGGmG 0 1 0 0 GGmG^2 ~ 2 n=3 base=3 {PossiblePower GGmG 0 1 0 0 G^3 ~ 2 n=1 base=1 }
PossiblePower GGmNGGNGG 0 1 1 -1 mNGG^3 ~ 4 n=2 base=2 {PossiblePower mNGG 0 0 -1 1 G^2 ~ 0 n=1 base=1 }
PossiblePower GGmNGGNGG 0 1 0 -1 NGG^3 ~ 2 n=2 base=4 {PossiblePower NGG 0 0 0 1 G^2 ~ 0 n=1 base=1 }
PossiblePower GGmgmGGmg 1 0 1 0 mGGmg^2 ~ 0 n=3 base=3 
PossiblePower GGmmnGG 0 0 2 1 mmnGG^2 ~ 0 n=2 base=2 {PossiblePower mmnGG 0 0 -2 -1 G^2 ~ 0 n=1 base=1 }
PossiblePower GGmnG 0 1 0 0 G^3 ~ 2 n=1 base=1 
PossiblePower GGmnG 0 1 1 1 mnG^3 ~ 1 n=1 base=2 
PossiblePower GGmnGG 0 0 1 1 mnGG^2 ~ 0 n=2 base=2 {PossiblePower mnGG 0 0 -1 -1 G^2 ~ 0 n=1 base=1 }
PossiblePower GGmnGGG 0 1 0 0 G^5 ~ 2 n=1 base=1 
PossiblePower GGmnGGmGG 0 1 1 1 mnGG^3 ~ 4 n=2 base=2 {PossiblePower mnGG 0 0 -1 -1 G^2 ~ 0 n=1 base=1 }
PossiblePower GGmnGGmGG 0 1 1 0 mGG^3 ~ 2 n=2 base=4 {PossiblePower mGG 0 0 -1 0 G^2 ~ 0 n=1 base=1 }
PossiblePower GGmnGGmmnGG 0 1 1 1 mnGG^3 ~ 4 n=2 base=2 {PossiblePower mnGG 0 0 -1 -1 G^2 ~ 0 n=1 base=1 }
PossiblePower GGmnGGmmnGG 0 1 2 1 mmnGG^3 ~ 2 n=2 base=4 {PossiblePower mmnGG 0 0 -2 -1 G^2 ~ 0 n=1 base=1 }
PossiblePower GGmnGGmnGG 0 0 1 1 mnGG^3 ~ 0 n=2 base=2 {PossiblePower mnGG 0 0 -1 -1 G^2 ~ 0 n=1 base=1 }
PossiblePower GGmnGGnGG 0 1 1 1 mnGG^3 ~ 4 n=2 base=2 {PossiblePower mnGG 0 0 -1 -1 G^2 ~ 0 n=1 base=1 }
PossiblePower GGmnGGnGG 0 1 0 1 nGG^3 ~ 2 n=2 base=4 {PossiblePower nGG 0 0 0 -1 G^2 ~ 0 n=1 base=1 }
PossiblePower GGmnGMGmnGG 0 1 1 1 mnGG^3 ~ 3 n=2 base=4 {PossiblePower mnGG 0 0 -1 -1 G^2 ~ 0 n=1 base=1 }
PossiblePower GGmnGmGmnGG 0 1 1 1 mnGG^3 ~ 3 n=2 base=4 {PossiblePower mnGG 0 0 -1 -1 G^2 ~ 0 n=1 base=1 }
PossiblePower GGmnGnGmnGG 0 1 1 1 mnGG^3 ~ 3 n=2 base=4 {PossiblePower mnGG 0 0 -1 -1 G^2 ~ 0 n=1 base=1 }
PossiblePower GGmnnGG 0 0 1 2 mnnGG^2 ~ 0 n=2 base=2 {PossiblePower mnnGG 0 0 -1 -2 G^2 ~ 0 n=1 base=1 }
PossiblePower GGnG 0 1 0 0 G^3 ~ 2 n=1 base=1 
PossiblePower GGnG 0 1 0 1 nG^3 ~ 1 n=1 base=2 
PossiblePower GGnGG 0 0 0 1 nGG^2 ~ 0 n=2 base=2 {PossiblePower nGG 0 0 0 -1 G^2 ~ 0 n=1 base=1 }
PossiblePower GGnGGG 0 1 0 0 G^5 ~ 2 n=1 base=1 
PossiblePower GGnGGGmG 0 1 0 0 GGmG^2 ~ 2 n=3 base=3 {PossiblePower GGmG 0 1 0 0 G^3 ~ 2 n=1 base=1 }
PossiblePower GGnGGGnG 0 0 0 0 GGnG^2 ~ 0 n=3 base=3 {PossiblePower GGnG 0 1 0 0 G^3 ~ 2 n=1 base=1 }
PossiblePower GGnGGMnGG 0 1 0 1 nGG^3 ~ 4 n=2 base=2 {PossiblePower nGG 0 0 0 -1 G^2 ~ 0 n=1 base=1 }
PossiblePower GGnGGMnGG 0 1 -1 1 MnGG^3 ~ 2 n=2 base=4 {PossiblePower MnGG 0 0 1 -1 G^2 ~ 0 n=1 base=1 }
PossiblePower GGnGGmnGG 0 1 0 1 nGG^3 ~ 4 n=2 base=2 {PossiblePower nGG 0 0 0 -1 G^2 ~ 0 n=1 base=1 }
PossiblePower GGnGGmnGG 0 1 1 1 mnGG^3 ~ 2 n=2 base=4 {PossiblePower mnGG 0 0 -1 -1 G^2 ~ 0 n=1 base=1 }
PossiblePower GGnGGnGG 0 0 0 1 nGG^3 ~ 0 n=2 base=2 {PossiblePower nGG 0 0 0 -1 G^2 ~ 0 n=1 base=1 }
PossiblePower GGnGMG 0 1 0 1 nGMG^2 ~ 1 n=2 base=2 {PossiblePower nGMG 0 0 -1 -1 MG^2 ~ 0 n=1 base=1 }
PossiblePower GGnGMGnGG 0 1 0 1 nGG^3 ~ 3 n=2 base=4 {PossiblePower nGG 0 0 0 -1 G^2 ~ 0 n=1 base=1 }
PossiblePower GGnGMnGnGG 0 1 0 1 nGG^3 ~ 3 n=2 base=4 {PossiblePower nGG 0 0 0 -1 G^2 ~ 0 n=1 base=1 }
PossiblePower GGnGmG 0 1 0 1 nGmG^2 ~ 1 n=2 base=2 {PossiblePower nGmG 0 0 1 -1 mG^2 ~ 0 n=1 base=1 }
PossiblePower GGnGmGmGnG 0 1 1 0 mGmGnG^2 ~ 1 n=3 base=3 {PossiblePower mGmGnG 0 1 0 0 mG^3 ~ 2 n=1 base=1 }
PossiblePower GGnGmGnGG 0 1 0 1 nGG^3 ~ 3 n=2 base=4 {PossiblePower nGG 0 0 0 -1 G^2 ~ 0 n=1 base=1 }
PossiblePower GGnGnG 0 1 0 1 nG^4 ~ 1 n=1 base=2 
PossiblePower GGnGnG 0 1 0 1 nGnG^2 ~ 1 n=2 base=2 {PossiblePower nGnG 0 0 0 0 nG^2 ~ 0 n=1 base=1 }
PossiblePower GGnGnGGmG 1 1 0 1 nGGmG^2 ~ 2 n=3 base=3 
PossiblePower GGnGnGGmnG 1 1 0 1 nGGmnG^2 ~ 2 n=3 base=3 
PossiblePower GGnGnGnG 0 1 0 1 nG^5 ~ 1 n=1 base=2 
PossiblePower GGnGnGnGG 0 1 0 1 nGG^3 ~ 3 n=2 base=4 {PossiblePower nGG 0 0 0 -1 G^2 ~ 0 n=1 base=1 }
PossiblePower GMGGG 0 1 0 0 G^4 ~ 1 n=1 base=2 
PossiblePower GMGGG 0 1 0 0 GG^2 ~ 1 n=2 base=2 {PossiblePower GG 0 0 0 0 G^2 ~ 0 n=1 base=1 }
PossiblePower GMGGnG 0 1 0 0 GnG^2 ~ 1 n=2 base=2 {PossiblePower GnG 0 0 0 1 nG^2 ~ 0 n=1 base=1 }
PossiblePower GMGMnGG 0 1 -1 1 MnGG^2 ~ 1 n=2 base=2 {PossiblePower MnGG 0 0 1 -1 G^2 ~ 0 n=1 base=1 }
PossiblePower GMGmnGG 0 1 1 1 mnGG^2 ~ 1 n=2 base=2 {PossiblePower mnGG 0 0 -1 -1 G^2 ~ 0 n=1 base=1 }
PossiblePower GMGnGG 0 1 0 1 nGG^2 ~ 1 n=2 base=2 {PossiblePower nGG 0 0 0 -1 G^2 ~ 0 n=1 base=1 }
PossiblePower GMgMGGMgMG 1 0 0 0 GMgMG^2 ~ 0 n=3 base=3 
PossiblePower GMgMGMGMgMG 1 0 -1 0 MGMgMG^2 ~ 0 n=3 base=3 
PossiblePower GMgMGMg 1 0 -1 0 MGMg^2 ~ 0 n=2 base=2 
PossiblePower GMgMGMgMGMg 1 0 -1 0 MGMg^3 ~ 0 n=2 base=2 
PossiblePower GMgMGMgMGMg 1 0 -1 0 MGMg^3 ~ 0 n=2 base=4 
PossiblePower GMgMGMnGMgMG 1 0 -1 1 MnGMgMG^2 ~ 0 n=3 base=3 
PossiblePower GMgMGmnGMgMG 1 0 1 1 mnGMgMG^2 ~ 0 n=3 base=3 
PossiblePower GMgMGnGMgMG 1 0 0 1 nGMgMG^2 ~ 0 n=3 base=3 
PossiblePower GMgMNgMGMgMNg 1 0 -1 0 MGMgMNg^2 ~ 0 n=3 base=3 
PossiblePower GMgMNgMGMgNg 1 1 -1 0 MGMgNg^2 ~ 2 n=3 base=3 
PossiblePower GMgMgMGMgMg 1 0 -1 0 MGMgMg^2 ~ 0 n=3 base=3 
PossiblePower GMgMgMGMgg 1 1 -1 0 MGMgg^2 ~ 2 n=3 base=3 
PossiblePower GMgNgMGMgNg 1 0 -1 0 MGMgNg^2 ~ 0 n=3 base=3 
PossiblePower GMgNgMGMgmNg 1 1 -1 0 MGMgmNg^2 ~ 2 n=3 base=3 
PossiblePower GMggMGMgg 1 0 -1 0 MGMgg^2 ~ 0 n=3 base=3 
PossiblePower GMgmGMg 1 0 1 0 mGMg^2 ~ 0 n=2 base=2 
PossiblePower GMgmGMgmGMg 1 0 1 0 mGMg^3 ~ 0 n=2 base=2 
PossiblePower GMgmGMgmGMg 1 0 1 0 mGMg^3 ~ 0 n=2 base=4 
PossiblePower GMnGG 0 1 -1 1 MnG^3 ~ 2 n=1 base=1 
PossiblePower GMnGG 0 1 0 0 G^3 ~ 1 n=1 base=2 
PossiblePower GMnGGG 0 1 0 0 G^4 ~ 1 n=1 base=2 
PossiblePower GMnGGG 0 1 0 0 GG^2 ~ 1 n=2 base=2 {PossiblePower GG 0 0 0 0 G^2 ~ 0 n=1 base=1 }
PossiblePower GMnGGGMGG 0 1 0 0 GMGG^2 ~ 1 n=3 base=3 {PossiblePower GMGG 0 1 0 0 G^3 ~ 1 n=1 base=2 }
PossiblePower GMnGGGMnGG 0 0 0 0 GMnGG^2 ~ 0 n=3 base=3 {PossiblePower GMnGG 0 1 0 0 G^3 ~ 1 n=1 base=2 }
PossiblePower GMnGGMnGMnGG 0 0 -1 1 MnGMnGG^2 ~ 0 n=3 base=3 {PossiblePower MnGMnGG 0 1 0 0 MnG^3 ~ 2 n=1 base=1 }
PossiblePower GMnGGnG 0 1 0 0 GnG^2 ~ 1 n=2 base=2 {PossiblePower GnG 0 0 0 1 nG^2 ~ 0 n=1 base=1 }
PossiblePower GMnGGnGGMnG 0 1 0 0 GMnG^3 ~ 3 n=2 base=4 {PossiblePower GMnG 0 0 -1 1 MnG^2 ~ 0 n=1 base=1 }
PossiblePower GMnGGnGnGG 0 1 0 1 nGnGG^2 ~ 1 n=3 base=3 {PossiblePower nGnGG 0 1 0 0 nG^3 ~ 2 n=1 base=1 }
PossiblePower GMnGMnGG 0 1 -1 1 MnG^4 ~ 3 n=1 base=1 
PossiblePower GMnGMnGG 0 1 -1 1 MnG^4 ~ 3 n=1 base=2 
PossiblePower GMnGMnGG 0 1 -1 1 MnGG^2 ~ 1 n=2 base=2 {PossiblePower MnGG 0 0 1 -1 G^2 ~ 0 n=1 base=1 }
PossiblePower GMnGnG 0 1 -1 1 MnG^3 ~ 2 n=1 base=1 
PossiblePower GMnGnG 0 1 0 1 nG^3 ~ 1 n=1 base=2 
PossiblePower GMnGnGG 0 1 0 1 nGG^2 ~ 1 n=2 base=2 {PossiblePower nGG 0 0 0 -1 G^2 ~ 0 n=1 base=1 }
PossiblePower GMnGnGGGnG 0 1 0 0 GGnG^2 ~ 1 n=3 base=3 {PossiblePower GGnG 0 1 0 0 G^3 ~ 2 n=1 base=1 }
PossiblePower GNGG 0 1 0 -1 NG^3 ~ 2 n=1 base=1 
PossiblePower GNGG 0 1 0 0 G^3 ~ 1 n=1 base=2 
PossiblePower GNGGG 0 1 0 0 G^4 ~ 1 n=1 base=2 
PossiblePower GNGGG 0 1 0 0 GG^2 ~ 1 n=2 base=2 {PossiblePower GG 0 0 0 0 G^2 ~ 0 n=1 base=1 }
PossiblePower GmG 0 0 1 0 mG^2 ~ 0 n=1 base=1 
PossiblePower GmGG 0 1 1 0 mG^3 ~ 2 n=1 base=1 
PossiblePower GmGG 0 1 0 0 G^3 ~ 1 n=1 base=2 
PossiblePower GmGGG 0 1 0 0 G^4 ~ 1 n=1 base=2 
PossiblePower GmGGG 0 1 0 0 GG^2 ~ 1 n=2 base=2 {PossiblePower GG 0 0 0 0 G^2 ~ 0 n=1 base=1 }
PossiblePower GmGGGG 0 1 0 0 G^5 ~ 1 n=1 base=2 
PossiblePower GmGGGGG 0 1 0 0 G^6 ~ 1 n=1 base=2 
PossiblePower GmGGGGG 0 1 0 0 GG^3 ~ 1 n=2 base=2 {PossiblePower GG 0 0 0 0 G^2 ~ 0 n=1 base=1 }
PossiblePower GmGGGGG 0 1 0 0 GG^3 ~ 1 n=2 base=4 {PossiblePower GG 0 0 0 0 G^2 ~ 0 n=1 base=1 }
PossiblePower GmGGGGG 0 1 0 0 GGG^2 ~ 1 n=3 base=3 {PossiblePower GGG 0 0 0 0 G^3 ~ 0 n=1 base=1 }
PossiblePower GmGGGGGmGGGG 0 0 0 0 GmGGGG^2 ~ 0 n=5 base=5 {PossiblePower GmGGGG 0 1 0 0 G^5 ~ 1 n=1 base=2 }
PossiblePower GmGGGGmG 0 1 0 0 GmG^3 ~ 3 n=2 base=4 {PossiblePower GmG 0 0 1 0 mG^2 ~ 0 n=1 base=1 }
PossiblePower GmGGGGmGGG 0 0 0 0 GmGGG^2 ~ 0 n=4 base=4 {PossiblePower GmGGG 0 1 0 0 GG^2 ~ 1 n=2 base=2 {PossiblePower GG 0 0 0 0 G^2 ~ 0 n=1 base=1 }}
PossiblePower GmGGGGmGGGGG 0 1 1 0 mGGGGG^2 ~ 1 n=5 base=5 {PossiblePower mGGGGG 0 0 -1 0 G^5 ~ 0 n=1 base=1 }
PossiblePower GmGGGmGG 0 0 0 0 GmGG^2 ~ 0 n=3 base=3 {PossiblePower GmGG 0 1 0 0 G^3 ~ 1 n=1 base=2 }
PossiblePower GmGGGmGGGG 0 1 1 0 mGGGG^2 ~ 1 n=4 base=4 {PossiblePower mGGGG 0 0 -1 0 G^4 ~ 0 n=1 base=1 }
PossiblePower GmGGGmGmG 0 1 0 0 GmGmG^2 ~ 2 n=3 base=3 {PossiblePower GmGmG 0 0 1 0 mG^3 ~ 0 n=1 base=1 }
PossiblePower GmGGGmGmnG 1 1 0 0 GmGmnG^2 ~ 2 n=3 base=3 
PossiblePower GmGGGmGnG 1 1 0 0 GmGnG^2 ~ 2 n=3 base=3 
PossiblePower GmGGGmNGG 0 1 0 0 GmNGG^2 ~ 1 n=3 base=3 {PossiblePower GmNGG 0 1 0 0 G^3 ~ 1 n=1 base=2 }
PossiblePower GmGGmG 0 0 0 0 GmG^2 ~ 0 n=2 base=2 {PossiblePower GmG 0 0 1 0 mG^2 ~ 0 n=1 base=1 }
PossiblePower GmGGmGGG 0 1 0 0 GmG^3 ~ 5 n=2 base=2 {PossiblePower GmG 0 0 1 0 mG^2 ~ 0 n=1 base=1 }
PossiblePower GmGGmGGG 0 1 1 0 mGGG^2 ~ 1 n=3 base=3 {PossiblePower mGGG 0 0 -1 0 G^3 ~ 0 n=1 base=1 }
PossiblePower GmGGmGGmG 0 0 0 0 GmG^3 ~ 0 n=2 base=2 {PossiblePower GmG 0 0 1 0 mG^2 ~ 0 n=1 base=1 }
PossiblePower GmGGmGmGG 0 0 1 0 mGmGG^2 ~ 0 n=3 base=3 {PossiblePower mGmGG 0 1 0 0 mG^3 ~ 2 n=1 base=1 }
PossiblePower GmGGmnGGmG 0 1 0 0 GmG^3 ~ 3 n=2 base=4 {PossiblePower GmG 0 0 1 0 mG^2 ~ 0 n=1 base=1 }
PossiblePower GmGGmnGmnGG 0 1 1 1 mnGmnGG^2 ~ 1 n=3 base=3 {PossiblePower mnGmnGG 0 1 0 0 mnG^3 ~ 2 n=1 base=1 }
PossiblePower GmGGnG 0 1 0 0 GnG^2 ~ 1 n=2 base=2 {PossiblePower GnG 0 0 0 1 nG^2 ~ 0 n=1 base=1 }
PossiblePower GmGGnGGmG 0 1 0 0 GmG^3 ~ 3 n=2 base=4 {PossiblePower GmG 0 0 1 0 mG^2 ~ 0 n=1 base=1 }
PossiblePower GmGGnGnGG 0 1 0 1 nGnGG^2 ~ 1 n=3 base=3 {PossiblePower nGnGG 0 1 0 0 nG^3 ~ 2 n=1 base=1 }
PossiblePower GmGMgMGmGMg 1 0 -1 0 MGmGMg^2 ~ 0 n=3 base=3 
PossiblePower GmGMnGG 0 1 -1 1 MnGG^2 ~ 1 n=2 base=2 {PossiblePower MnGG 0 0 1 -1 G^2 ~ 0 n=1 base=1 }
PossiblePower GmGNGmG 0 0 0 -1 NGmG^2 ~ 0 n=2 base=2 {PossiblePower NGmG 0 0 1 1 mG^2 ~ 0 n=1 base=1 }
PossiblePower GmGNGmGmGG 0 1 1 0 mGmGG^2 ~ 2 n=3 base=3 {PossiblePower mGmGG 0 1 0 0 mG^3 ~ 2 n=1 base=1 }
PossiblePower GmGmG 0 0 1 0 mG^3 ~ 0 n=1 base=1 
PossiblePower GmGmGG 0 1 1 0 mG^4 ~ 3 n=1 base=1 
PossiblePower GmGmGG 0 1 1 0 mG^4 ~ 3 n=1 base=2 
PossiblePower GmGmGG 0 1 1 0 mGG^2 ~ 1 n=2 base=2 {PossiblePower mGG 0 0 -1 0 G^2 ~ 0 n=1 base=1 }
PossiblePower GmGmGGmG 0 1 1 0 mG^5 ~ 3 n=1 base=1 
PossiblePower GmGmGGmG 0 1 1 0 mG^5 ~ 3 n=1 base=2 
PossiblePower GmGmGGmGmGmGG 0 0 1 0 mGmGmGG^2 ~ 0 n=4 base=4 {PossiblePower mGmGmGG 0 1 0 0 mGG^2 ~ 1 n=2 base=2 {PossiblePower mGG 0 0 -1 0 G^2 ~ 0 n=1 base=1 }}
PossiblePower GmGmGGmnGGmGG 0 1 1 1 mnGGmGG^2 ~ 1 n=4 base=4 {PossiblePower mnGGmGG 0 0 0 -1 mGG^2 ~ 0 n=2 base=2 {PossiblePower mGG 0 0 -1 0 G^2 ~ 0 n=1 base=1 }}
PossiblePower GmGmGNGmG 0 1 1 0 mG^5 ~ 3 n=1 base=1 
PossiblePower GmGmGNGmG 0 1 1 0 mG^5 ~ 3 n=1 base=2 
PossiblePower GmGmGNGmGmG 0 0 0 -1 NGmGmG^2 ~ 0 n=3 base=3 {PossiblePower NGmGmG 0 0 1 1 mG^3 ~ 0 n=1 base=1 }
PossiblePower GmGmGmG 0 0 1 0 mG^4 ~ 0 n=1 base=1 
PossiblePower GmGmGmGG 0 1 1 0 mG^5 ~ 4 n=1 base=1 
PossiblePower GmGmGmGG 0 1 1 0 mG^5 ~ 4 n=1 base=2 
PossiblePower GmGmGmGmG 0 0 1 0 mG^5 ~ 0 n=1 base=1 
PossiblePower GmGmGmGmGG 0 1 1 0 mG^6 ~ 5 n=1 base=1 
PossiblePower GmGmGmGmGG 0 1 1 0 mG^6 ~ 5 n=1 base=2 
PossiblePower GmGmGmGmGG 0 1 1 0 mGmG^3 ~ 5 n=2 base=2 {PossiblePower mGmG 0 0 0 0 mG^2 ~ 0 n=1 base=1 }
PossiblePower GmGmGmGmGG 0 1 1 0 mGmGG^2 ~ 2 n=3 base=3 {PossiblePower mGmGG 0 1 0 0 mG^3 ~ 2 n=1 base=1 }
PossiblePower GmGmGmGmGmG 0 0 1 0 mG^6 ~ 0 n=1 base=1 
PossiblePower GmGmGmGmGmGG 0 1 1 0 mG^7 ~ 6 n=1 base=1 
PossiblePower GmGmGmGmGmGG 0 1 1 0 mG^7 ~ 6 n=1 base=2 
PossiblePower GmGmGmNGmG 0 1 1 0 mG^5 ~ 3 n=1 base=1 
PossiblePower GmGmGmNGmG 0 1 1 0 mG^5 ~ 3 n=1 base=2 
PossiblePower GmGmGmNGmGmG 0 0 1 -1 mNGmGmG^2 ~ 0 n=3 base=3 {PossiblePower mNGmGmG 0 0 0 1 mG^3 ~ 0 n=1 base=1 }
PossiblePower GmGmGmnGmG 0 1 1 0 mG^5 ~ 3 n=1 base=1 
PossiblePower GmGmGmnGmG 0 1 1 0 mG^5 ~ 3 n=1 base=2 
PossiblePower GmGmGmnGmGmG 0 0 1 1 mnGmGmG^2 ~ 0 n=3 base=3 {PossiblePower mnGmGmG 0 0 0 -1 mG^3 ~ 0 n=1 base=1 }
PossiblePower GmGmGnG 0 1 1 0 mG^4 ~ 3 n=1 base=1 
PossiblePower GmGmGnG 0 1 1 0 mG^4 ~ 3 n=1 base=2 
PossiblePower GmGmGnG 0 1 1 0 mGnG^2 ~ 1 n=2 base=2 {PossiblePower mGnG 0 0 -1 1 nG^2 ~ 0 n=1 base=1 }
PossiblePower GmGmNG 0 1 1 0 mG^3 ~ 2 n=1 base=1 
PossiblePower GmGmNG 0 1 1 -1 mNG^3 ~ 1 n=1 base=2 
PossiblePower GmGmNGmG 0 0 1 -1 mNGmG^2 ~ 0 n=2 base=2 {PossiblePower mNGmG 0 0 0 1 mG^2 ~ 0 n=1 base=1 }
PossiblePower GmGmNGmGmGG 0 1 1 0 mGmGG^2 ~ 2 n=3 base=3 {PossiblePower mGmGG 0 1 0 0 mG^3 ~ 2 n=1 base=1 }
PossiblePower GmGmgmGmGmg 1 0 1 0 mGmGmg^2 ~ 0 n=3 base=3 
PossiblePower GmGmgmGmmGmg 1 1 1 0 mGmmGmg^2 ~ 1 n=3 base=3 
PossiblePower GmGmnG 0 1 1 0 mG^3 ~ 2 n=1 base=1 
PossiblePower GmGmnG 0 1 1 1 mnG^3 ~ 1 n=1 base=2 
PossiblePower GmGmnGG 0 1 1 1 mnGG^2 ~ 1 n=2 base=2 {PossiblePower mnGG 0 0 -1 -1 G^2 ~ 0 n=1 base=1 }
PossiblePower GmGmnGGGmnG 0 1 0 0 GGmnG^2 ~ 1 n=3 base=3 {PossiblePower GGmnG 0 1 0 0 G^3 ~ 2 n=1 base=1 }
PossiblePower GmGmnGGmnGG 0 1 1 1 mnGG^3 ~ 1 n=2 base=2 {PossiblePower mnGG 0 0 -1 -1 G^2 ~ 0 n=1 base=1 }
PossiblePower GmGmnGGmnGG 0 1 1 1 mnGG^3 ~ 1 n=2 base=4 {PossiblePower mnGG 0 0 -1 -1 G^2 ~ 0 n=1 base=1 }
PossiblePower GmGmnGGmnGmG 0 1 1 1 mnGmG^3 ~ 3 n=2 base=4 {PossiblePower mnGmG 0 0 0 -1 mG^2 ~ 0 n=1 base=1 }
PossiblePower GmGmnGGnGGmnGG 0 1 0 1 nGGmnGG^2 ~ 1 n=4 base=4 {PossiblePower nGGmnGG 0 0 1 0 mnGG^2 ~ 0 n=2 base=2 {PossiblePower mnGG 0 0 -1 -1 G^2 ~ 0 n=1 base=1 }}
PossiblePower GmGmnGmG 0 0 1 1 mnGmG^2 ~ 0 n=2 base=2 {PossiblePower mnGmG 0 0 0 -1 mG^2 ~ 0 n=1 base=1 }
PossiblePower GmGmnGmGmG 0 1 1 0 mG^5 ~ 2 n=1 base=1 
PossiblePower GmGmnGmGmGmnG 0 0 1 0 mGmGmnG^2 ~ 0 n=3 base=3 {PossiblePower mGmGmnG 0 1 0 0 mG^3 ~ 2 n=1 base=1 }
PossiblePower GmGmnGmGmnGmG 0 0 1 1 mnGmG^3 ~ 0 n=2 base=2 {PossiblePower mnGmG 0 0 0 -1 mG^2 ~ 0 n=1 base=1 }
PossiblePower GmGmnGmnG 0 1 1 1 mnG^4 ~ 1 n=1 base=2 
PossiblePower GmGmnGmnG 0 1 1 1 mnGmnG^2 ~ 1 n=2 base=2 {PossiblePower mnGmnG 0 0 0 0 mnG^2 ~ 0 n=1 base=1 }
PossiblePower GmGmnGmnGmGG 1 1 1 1 mnGmGG^2 ~ 2 n=3 base=3 
PossiblePower GmGmnGmnGmGmnG 0 0 1 1 mnGmGmnG^2 ~ 0 n=3 base=3 {PossiblePower mnGmGmnG 0 1 0 0 mnG^3 ~ 1 n=1 base=2 }
PossiblePower GmGmnGmnGmGnG 1 1 1 1 mnGmGnG^2 ~ 2 n=3 base=3 
PossiblePower GmGnG 0 1 1 0 mG^3 ~ 2 n=1 base=1 
PossiblePower GmGnG 0 1 0 1 nG^3 ~ 1 n=1 base=2 
PossiblePower GmGnGG 0 1 0 1 nGG^2 ~ 1 n=2 base=2 {PossiblePower nGG 0 0 0 -1 G^2 ~ 0 n=1 base=1 }
PossiblePower GmGnGGGnG 0 1 0 0 GGnG^2 ~ 1 n=3 base=3 {PossiblePower GGnG 0 1 0 0 G^3 ~ 2 n=1 base=1 }
PossiblePower GmGnGGMnGGnGG 0 1 -1 1 MnGGnGG^2 ~ 1 n=4 base=4 {PossiblePower MnGGnGG 0 0 1 0 nGG^2 ~ 0 n=2 base=2 {PossiblePower nGG 0 0 0 -1 G^2 ~ 0 n=1 base=1 }}
PossiblePower GmGnGGnGG 0 1 0 1 nGG^3 ~ 1 n=2 base=2 {PossiblePower nGG 0 0 0 -1 G^2 ~ 0 n=1 base=1 }
PossiblePower GmGnGGnGG 0 1 0 1 nGG^3 ~ 1 n=2 base=4 {PossiblePower nGG 0 0 0 -1 G^2 ~ 0 n=1 base=1 }
PossiblePower GmGnGGnGmG 0 1 0 1 nGmG^3 ~ 3 n=2 base=4 {PossiblePower nGmG 0 0 1 -1 mG^2 ~ 0 n=1 base=1 }
PossiblePower GmGnGGnGmGnGG 0 0 0 1 nGmGnGG^2 ~ 0 n=4 base=4 {PossiblePower nGmGnGG 0 1 0 0 nGG^2 ~ 1 n=2 base=2 {PossiblePower nGG 0 0 0 -1 G^2 ~ 0 n=1 base=1 }}
PossiblePower GmGnGmG 0 0 0 1 nGmG^2 ~ 0 n=2 base=2 {PossiblePower nGmG 0 0 1 -1 mG^2 ~ 0 n=1 base=1 }
PossiblePower GmGnGmGnGG 0 1 0 1 nGmG^3 ~ 5 n=2 base=2 {PossiblePower nGmG 0 0 1 -1 mG^2 ~ 0 n=1 base=1 }
PossiblePower GmGnGmnG 0 1 0 1 nGmnG^2 ~ 1 n=2 base=2 {PossiblePower nGmnG 0 0 1 0 mnG^2 ~ 0 n=1 base=1 }
PossiblePower GmGnGmnGmnGnG 0 1 1 1 mnGmnGnG^2 ~ 1 n=3 base=3 {PossiblePower mnGmnGnG 0 1 0 0 mnG^3 ~ 2 n=1 base=1 }
PossiblePower GmGnGnG 0 1 0 1 nG^4 ~ 1 n=1 base=2 
PossiblePower GmGnGnG 0 1 0 1 nGnG^2 ~ 1 n=2 base=2 {PossiblePower nGnG 0 0 0 0 nG^2 ~ 0 n=1 base=1 }
PossiblePower GmGnGnGmGG 1 1 0 1 nGmGG^2 ~ 2 n=3 base=3 
PossiblePower GmGnGnGmGnG 0 0 0 1 nGmGnG^2 ~ 0 n=3 base=3 {PossiblePower nGmGnG 0 1 0 0 nG^3 ~ 1 n=1 base=2 }
PossiblePower GmNGGG 0 1 0 0 G^4 ~ 1 n=1 base=2 
PossiblePower GmNGGG 0 1 0 0 GG^2 ~ 1 n=2 base=2 {PossiblePower GG 0 0 0 0 G^2 ~ 0 n=1 base=1 }
PossiblePower GmgMGmg 1 0 -1 0 MGmg^2 ~ 0 n=2 base=2 
PossiblePower GmgMGmgMGmg 1 0 -1 0 MGmg^3 ~ 0 n=2 base=2 
PossiblePower GmgMGmgMGmg 1 0 -1 0 MGmg^3 ~ 0 n=2 base=4 
PossiblePower GmgMNgmGmgMNg 1 0 1 0 mGmgMNg^2 ~ 0 n=3 base=3 
PossiblePower GmgNgmGmgMNg 1 1 1 0 mGmgMNg^2 ~ 2 n=3 base=3 
PossiblePower GmgNgmGmgNg 1 0 1 0 mGmgNg^2 ~ 0 n=3 base=3 
PossiblePower GmgggmGmggg 1 0 1 0 mGmggg^2 ~ 0 n=4 base=4 
PossiblePower GmggmGmgMg 1 1 1 0 mGmgMg^2 ~ 2 n=3 base=3 
PossiblePower GmggmGmgg 1 0 1 0 mGmgg^2 ~ 0 n=3 base=3 
PossiblePower GmgmGGmgmG 1 0 0 0 GmgmG^2 ~ 0 n=3 base=3 
PossiblePower GmgmGmGmgmG 1 0 1 0 mGmgmG^2 ~ 0 n=3 base=3 
PossiblePower GmgmGmg 1 0 1 0 mGmg^2 ~ 0 n=2 base=2 
PossiblePower GmgmGmgmGmg 1 0 1 0 mGmg^3 ~ 0 n=2 base=2 
PossiblePower GmgmGmgmGmg 1 0 1 0 mGmg^3 ~ 0 n=2 base=4 
PossiblePower GmgmGmnGmgmG 1 0 1 1 mnGmgmG^2 ~ 0 n=3 base=3 
PossiblePower GmgmNgmGmgNg 1 1 1 0 mGmgNg^2 ~ 2 n=3 base=3 
PossiblePower GmgmgmGmgg 1 1 1 0 mGmgg^2 ~ 2 n=3 base=3 
PossiblePower GmmnGG 0 1 2 1 mmnG^3 ~ 2 n=1 base=1 
PossiblePower GmmnGG 0 1 0 0 G^3 ~ 1 n=1 base=2 
PossiblePower GmnG 0 0 1 1 mnG^2 ~ 0 n=1 base=1 
PossiblePower GmnGG 0 1 1 1 mnG^3 ~ 2 n=1 base=1 
PossiblePower GmnGG 0 1 0 0 G^3 ~ 1 n=1 base=2 
PossiblePower GmnGGG 0 1 0 0 G^4 ~ 1 n=1 base=2 
PossiblePower GmnGGG 0 1 0 0 GG^2 ~ 1 n=2 base=2 {PossiblePower GG 0 0 0 0 G^2 ~ 0 n=1 base=1 }
PossiblePower GmnGGGmGG 0 1 0 0 GmGG^2 ~ 1 n=3 base=3 {PossiblePower GmGG 0 1 0 0 G^3 ~ 1 n=1 base=2 }
PossiblePower GmnGGGmnGG 0 0 0 0 GmnGG^2 ~ 0 n=3 base=3 {PossiblePower GmnGG 0 1 0 0 G^3 ~ 1 n=1 base=2 }
PossiblePower GmnGGGmnGmG 1 1 0 0 GmnGmG^2 ~ 2 n=3 base=3 
PossiblePower GmnGGGnGG 0 1 0 0 GnGG^2 ~ 1 n=3 base=3 {PossiblePower GnGG 0 1 0 0 G^3 ~ 1 n=1 base=2 }
PossiblePower GmnGGmG 0 1 0 0 GmG^2 ~ 1 n=2 base=2 {PossiblePower GmG 0 0 1 0 mG^2 ~ 0 n=1 base=1 }
PossiblePower GmnGGmGGmnG 0 1 0 0 GmnG^3 ~ 3 n=2 base=4 {PossiblePower GmnG 0 0 1 1 mnG^2 ~ 0 n=1 base=1 }
PossiblePower GmnGGmGmGG 0 1 1 0 mGmGG^2 ~ 1 n=3 base=3 {PossiblePower mGmGG 0 1 0 0 mG^3 ~ 2 n=1 base=1 }
PossiblePower GmnGGmmnGGmnG 0 1 0 0 GmnG^3 ~ 3 n=2 base=4 {PossiblePower GmnG 0 0 1 1 mnG^2 ~ 0 n=1 base=1 }
PossiblePower GmnGGmnG 0 0 0 0 GmnG^2 ~ 0 n=2 base=2 {PossiblePower GmnG 0 0 1 1 mnG^2 ~ 0 n=1 base=1 }
PossiblePower GmnGGmnGGmnG 0 0 0 0 GmnG^3 ~ 0 n=2 base=2 {PossiblePower GmnG 0 0 1 1 mnG^2 ~ 0 n=1 base=1 }
PossiblePower GmnGGmnGmnG 0 1 1 1 mnG^5 ~ 2 n=1 base=1 
PossiblePower GmnGGmnGmnGG 0 0 1 1 mnGmnGG^2 ~ 0 n=3 base=3 {PossiblePower mnGmnGG 0 1 0 0 mnG^3 ~ 2 n=1 base=1 }
PossiblePower GmnGGnG 0 1 0 0 GnG^2 ~ 1 n=2 base=2 {PossiblePower GnG 0 0 0 1 nG^2 ~ 0 n=1 base=1 }
PossiblePower GmnGGnGGmnG 0 1 0 0 GmnG^3 ~ 3 n=2 base=4 {PossiblePower GmnG 0 0 1 1 mnG^2 ~ 0 n=1 base=1 }
PossiblePower GmnGGnGGnG 0 1 0 0 GnG^3 ~ 1 n=2 base=2 {PossiblePower GnG 0 0 0 1 nG^2 ~ 0 n=1 base=1 }
PossiblePower GmnGGnGGnG 0 1 0 0 GnG^3 ~ 1 n=2 base=4 {PossiblePower GnG 0 0 0 1 nG^2 ~ 0 n=1 base=1 }
PossiblePower GmnGGnGnGG 0 1 0 1 nGnGG^2 ~ 1 n=3 base=3 {PossiblePower nGnGG 0 1 0 0 nG^3 ~ 2 n=1 base=1 }
PossiblePower GmnGMgMGmnGMg 1 0 -1 0 MGmnGMg^2 ~ 0 n=3 base=3 
PossiblePower GmnGMgMGnGMg 1 1 -1 0 MGnGMg^2 ~ 1 n=3 base=3 
PossiblePower GmnGmG 0 1 1 1 mnG^3 ~ 2 n=1 base=1 
PossiblePower GmnGmG 0 1 1 0 mG^3 ~ 1 n=1 base=2 
PossiblePower GmnGmGG 0 1 1 0 mGG^2 ~ 1 n=2 base=2 {PossiblePower mGG 0 0 -1 0 G^2 ~ 0 n=1 base=1 }
PossiblePower GmnGmGGGmG 0 1 0 0 GGmG^2 ~ 1 n=3 base=3 {PossiblePower GGmG 0 1 0 0 G^3 ~ 2 n=1 base=1 }
PossiblePower GmnGmGmG 0 1 1 0 mG^4 ~ 1 n=1 base=2 
PossiblePower GmnGmGmG 0 1 1 0 mGmG^2 ~ 1 n=2 base=2 {PossiblePower mGmG 0 0 0 0 mG^2 ~ 0 n=1 base=1 }
PossiblePower GmnGmGmGmG 0 1 1 0 mG^5 ~ 1 n=1 base=2 
PossiblePower GmnGmGmGmnGG 1 1 1 0 mGmnGG^2 ~ 2 n=3 base=3 
PossiblePower GmnGmGmnG 0 0 1 0 mGmnG^2 ~ 0 n=2 base=2 {PossiblePower mGmnG 0 0 0 1 mnG^2 ~ 0 n=1 base=1 }
PossiblePower GmnGmGmnGmGmnG 0 0 1 0 mGmnG^3 ~ 0 n=2 base=2 {PossiblePower mGmnG 0 0 0 1 mnG^2 ~ 0 n=1 base=1 }
PossiblePower GmnGmGmnGmGnG 0 1 1 0 mGmnG^3 ~ 5 n=2 base=2 {PossiblePower mGmnG 0 0 0 1 mnG^2 ~ 0 n=1 base=1 }
PossiblePower GmnGmGmnGmnG 0 1 1 1 mnG^5 ~ 2 n=1 base=1 
PossiblePower GmnGmGmnGmnGG 0 1 1 1 mnGmnGG^2 ~ 2 n=3 base=3 {PossiblePower mnGmnGG 0 1 0 0 mnG^3 ~ 2 n=1 base=1 }
PossiblePower GmnGmGmnGmnGmG 0 0 1 1 mnGmnGmG^2 ~ 0 n=3 base=3 {PossiblePower mnGmnGmG 0 1 0 0 mnG^3 ~ 2 n=1 base=1 }
PossiblePower GmnGmGnG 0 1 1 0 mGnG^2 ~ 1 n=2 base=2 {PossiblePower mGnG 0 0 -1 1 nG^2 ~ 0 n=1 base=1 }
PossiblePower GmnGmGnGmGmnG 0 1 1 0 mGmnG^3 ~ 3 n=2 base=4 {PossiblePower mGmnG 0 0 0 1 mnG^2 ~ 0 n=1 base=1 }
PossiblePower GmnGmgmGmnGmg 1 0 1 0 mGmnGmg^2 ~ 0 n=3 base=3 
PossiblePower GmnGmmnGmnG 0 0 2 1 mmnGmnG^2 ~ 0 n=2 base=2 {PossiblePower mmnGmnG 0 0 -1 0 mnG^2 ~ 0 n=1 base=1 }
PossiblePower GmnGmnGG 0 1 1 1 mnG^4 ~ 3 n=1 base=1 
PossiblePower GmnGmnGG 0 1 1 1 mnG^4 ~ 3 n=1 base=2 
PossiblePower GmnGmnGG 0 1 1 1 mnGG^2 ~ 1 n=2 base=2 {PossiblePower mnGG 0 0 -1 -1 G^2 ~ 0 n=1 base=1 }
PossiblePower GmnGmnGmG 0 1 1 1 mnG^4 ~ 3 n=1 base=1 
PossiblePower GmnGmnGmG 0 1 1 1 mnG^4 ~ 3 n=1 base=2 
PossiblePower GmnGmnGmG 0 1 1 1 mnGmG^2 ~ 1 n=2 base=2 {PossiblePower mnGmG 0 0 0 -1 mG^2 ~ 0 n=1 base=1 }
PossiblePower GmnGmnGmGmnG 0 1 1 1 mnG^5 ~ 3 n=1 base=1 
PossiblePower GmnGmnGmGmnG 0 1 1 1 mnG^5 ~ 3 n=1 base=2 
PossiblePower GmnGmnGmmnGmnGmnG 0 0 2 1 mmnGmnGmnG^2 ~ 0 n=3 base=3 {PossiblePower mmnGmnGmnG 0 0 -1 0 mnG^3 ~ 0 n=1 base=1 }
PossiblePower GmnGmnGmnG 0 0 1 1 mnG^4 ~ 0 n=1 base=1 
PossiblePower GmnGmnGmnGmmnGmnG 0 1 1 1 mnG^6 ~ 4 n=1 base=1 
PossiblePower GmnGmnGmnGmmnGmnG 0 1 1 1 mnG^6 ~ 4 n=1 base=2 
PossiblePower GmnGmnGmnGmmnGmnG 0 1 1 1 mnGmnG^3 ~ 4 n=2 base=2 {PossiblePower mnGmnG 0 0 0 0 mnG^2 ~ 0 n=1 base=1 }
PossiblePower GmnGmnGmnGmmnGmnG 0 1 2 1 mmnGmnG^3 ~ 2 n=2 base=4 {PossiblePower mmnGmnG 0 0 -1 0 mnG^2 ~ 0 n=1 base=1 }
PossiblePower GmnGmnGmnGmmnGmnG 0 1 1 1 mnGmmnGmnG^2 ~ 1 n=3 base=3 {PossiblePower mnGmmnGmnG 0 1 0 0 mnG^3 ~ 1 n=1 base=2 }
PossiblePower GmnGmnGmnGmnG 0 0 1 1 mnG^5 ~ 0 n=1 base=1 
PossiblePower GmnGmnGmnGmnGnG 0 1 1 1 mnG^6 ~ 5 n=1 base=1 
PossiblePower GmnGmnGmnGmnGnG 0 1 1 1 mnG^6 ~ 5 n=1 base=2 
PossiblePower GmnGmnGmnGmnGnG 0 1 1 1 mnGmnG^3 ~ 5 n=2 base=2 {PossiblePower mnGmnG 0 0 0 0 mnG^2 ~ 0 n=1 base=1 }
PossiblePower GmnGmnGmnGmnGnG 0 1 1 1 mnGmnGnG^2 ~ 2 n=3 base=3 {PossiblePower mnGmnGnG 0 1 0 0 mnG^3 ~ 2 n=1 base=1 }
PossiblePower GmnGmnGmnGnGmnG 0 1 1 1 mnG^6 ~ 4 n=1 base=1 
PossiblePower GmnGmnGmnGnGmnG 0 1 1 1 mnG^6 ~ 4 n=1 base=2 
PossiblePower GmnGmnGmnGnGmnG 0 1 1 1 mnGmnG^3 ~ 4 n=2 base=2 {PossiblePower mnGmnG 0 0 0 0 mnG^2 ~ 0 n=1 base=1 }
PossiblePower GmnGmnGmnGnGmnG 0 1 0 1 nGmnG^3 ~ 2 n=2 base=4 {PossiblePower nGmnG 0 0 1 0 mnG^2 ~ 0 n=1 base=1 }
PossiblePower GmnGmnGmnGnGmnG 0 1 1 1 mnGnGmnG^2 ~ 1 n=3 base=3 {PossiblePower mnGnGmnG 0 1 0 0 mnG^3 ~ 1 n=1 base=2 }
PossiblePower GmnGmnGnG 0 1 1 1 mnG^4 ~ 3 n=1 base=1 
PossiblePower GmnGmnGnG 0 1 1 1 mnG^4 ~ 3 n=1 base=2 
PossiblePower GmnGmnGnG 0 1 1 1 mnGnG^2 ~ 1 n=2 base=2 {PossiblePower mnGnG 0 0 -1 0 nG^2 ~ 0 n=1 base=1 }
PossiblePower GmnGmnGnGmnG 0 1 1 1 mnG^5 ~ 3 n=1 base=1 
PossiblePower GmnGmnGnGmnG 0 1 1 1 mnG^5 ~ 3 n=1 base=2 
PossiblePower GmnGmnGnGmnGnG 0 1 1 1 mnGnG^3 ~ 1 n=2 base=2 {PossiblePower mnGnG 0 0 -1 0 nG^2 ~ 0 n=1 base=1 }
PossiblePower GmnGmnGnGmnGnG 0 1 1 1 mnGnG^3 ~ 1 n=2 base=4 {PossiblePower mnGnG 0 0 -1 0 nG^2 ~ 0 n=1 base=1 }
PossiblePower GmnGmnGnGmnGnG 0 1 0 1 nGmnGnG^2 ~ 2 n=3 base=3 {PossiblePower nGmnGnG 0 1 0 0 nG^3 ~ 1 n=1 base=2 }
PossiblePower GmnGnG 0 1 1 1 mnG^3 ~ 2 n=1 base=1 
PossiblePower GmnGnG 0 1 0 1 nG^3 ~ 1 n=1 base=2 
PossiblePower GmnGnGmG 0 1 0 1 nGmG^2 ~ 1 n=2 base=2 {PossiblePower nGmG 0 0 1 -1 mG^2 ~ 0 n=1 base=1 }
PossiblePower GmnGnGmnG 0 0 0 1 nGmnG^2 ~ 0 n=2 base=2 {PossiblePower nGmnG 0 0 1 0 mnG^2 ~ 0 n=1 base=1 }
PossiblePower GmnGnGmnGmnG 0 1 1 1 mnG^5 ~ 2 n=1 base=1 
PossiblePower GmnGnGmnGmnGnG 0 0 1 1 mnGmnGnG^2 ~ 0 n=3 base=3 {PossiblePower mnGmnGnG 0 1 0 0 mnG^3 ~ 2 n=1 base=1 }
PossiblePower GmnGnGmnGnGmnG 0 0 0 1 nGmnG^3 ~ 0 n=2 base=2 {PossiblePower nGmnG 0 0 1 0 mnG^2 ~ 0 n=1 base=1 }
PossiblePower GmnGnGmnGnGnG 0 1 0 1 nGmnG^3 ~ 5 n=2 base=2 {PossiblePower nGmnG 0 0 1 0 mnG^2 ~ 0 n=1 base=1 }
PossiblePower GmnGnGmnGnGnG 0 1 1 1 mnGnGnG^2 ~ 1 n=3 base=3 {PossiblePower mnGnGnG 0 0 -1 0 nG^3 ~ 0 n=1 base=1 }
PossiblePower GmnGnGnG 0 1 0 1 nG^4 ~ 1 n=1 base=2 
PossiblePower GmnGnGnG 0 1 0 1 nGnG^2 ~ 1 n=2 base=2 {PossiblePower nGnG 0 0 0 0 nG^2 ~ 0 n=1 base=1 }
PossiblePower GmnGnGnGmnGnG 0 0 0 1 nGmnGnG^2 ~ 0 n=3 base=3 {PossiblePower nGmnGnG 0 1 0 0 nG^3 ~ 1 n=1 base=2 }
PossiblePower GmnGnGnGnGmnG 0 1 0 1 nGmnG^3 ~ 3 n=2 base=4 {PossiblePower nGmnG 0 0 1 0 mnG^2 ~ 0 n=1 base=1 }
PossiblePower GnG 0 0 0 1 nG^2 ~ 0 n=1 base=1 
PossiblePower GnGG 0 1 0 1 nG^3 ~ 2 n=1 base=1 
PossiblePower GnGG 0 1 0 0 G^3 ~ 1 n=1 base=2 
PossiblePower GnGGG 0 1 0 0 G^4 ~ 1 n=1 base=2 
PossiblePower GnGGG 0 1 0 0 GG^2 ~ 1 n=2 base=2 {PossiblePower GG 0 0 0 0 G^2 ~ 0 n=1 base=1 }
PossiblePower GnGGGG 0 1 0 0 G^5 ~ 1 n=1 base=2 
PossiblePower GnGGGMGG 0 1 0 0 GMGG^2 ~ 1 n=3 base=3 {PossiblePower GMGG 0 1 0 0 G^3 ~ 1 n=1 base=2 }
PossiblePower GnGGGMnGG 0 1 0 0 GMnGG^2 ~ 1 n=3 base=3 {PossiblePower GMnGG 0 1 0 0 G^3 ~ 1 n=1 base=2 }
PossiblePower GnGGGmGG 0 1 0 0 GmGG^2 ~ 1 n=3 base=3 {PossiblePower GmGG 0 1 0 0 G^3 ~ 1 n=1 base=2 }
PossiblePower GnGGGnGG 0 0 0 0 GnGG^2 ~ 0 n=3 base=3 {PossiblePower GnGG 0 1 0 0 G^3 ~ 1 n=1 base=2 }
PossiblePower GnGGGnGGGG 0 1 0 1 nGGGG^2 ~ 1 n=4 base=4 {PossiblePower nGGGG 0 0 0 -1 G^4 ~ 0 n=1 base=1 }
PossiblePower GnGGGnGmG 1 1 0 0 GnGmG^2 ~ 2 n=3 base=3 
PossiblePower GnGGMG 0 1 0 0 GMG^2 ~ 1 n=2 base=2 {PossiblePower GMG 0 0 -1 0 MG^2 ~ 0 n=1 base=1 }
PossiblePower GnGGMnGGnG 0 1 0 0 GnG^3 ~ 3 n=2 base=4 {PossiblePower GnG 0 0 0 1 nG^2 ~ 0 n=1 base=1 }
PossiblePower GnGGMnGMnGG 0 1 -1 1 MnGMnGG^2 ~ 1 n=3 base=3 {PossiblePower MnGMnGG 0 1 0 0 MnG^3 ~ 2 n=1 base=1 }
PossiblePower GnGGmG 0 1 0 0 GmG^2 ~ 1 n=2 base=2 {PossiblePower GmG 0 0 1 0 mG^2 ~ 0 n=1 base=1 }
PossiblePower GnGGmGGnG 0 1 0 0 GnG^3 ~ 3 n=2 base=4 {PossiblePower GnG 0 0 0 1 nG^2 ~ 0 n=1 base=1 }
PossiblePower GnGGmGmGG 0 1 1 0 mGmGG^2 ~ 1 n=3 base=3 {PossiblePower mGmGG 0 1 0 0 mG^3 ~ 2 n=1 base=1 }
PossiblePower GnGGmnGGmnG 0 1 0 0 GmnG^3 ~ 1 n=2 base=2 {PossiblePower GmnG 0 0 1 1 mnG^2 ~ 0 n=1 base=1 }
PossiblePower GnGGmnGGmnG 0 1 0 0 GmnG^3 ~ 1 n=2 base=4 {PossiblePower GmnG 0 0 1 1 mnG^2 ~ 0 n=1 base=1 }
PossiblePower GnGGmnGGnG 0 1 0 0 GnG^3 ~ 3 n=2 base=4 {PossiblePower GnG 0 0 0 1 nG^2 ~ 0 n=1 base=1 }
PossiblePower GnGGmnGmnGG 0 1 1 1 mnGmnGG^2 ~ 1 n=3 base=3 {PossiblePower mnGmnGG 0 1 0 0 mnG^3 ~ 2 n=1 base=1 }
PossiblePower GnGGnG 0 0 0 0 GnG^2 ~ 0 n=2 base=2 {PossiblePower GnG 0 0 0 1 nG^2 ~ 0 n=1 base=1 }
PossiblePower GnGGnGGMnG 0 1 0 0 GnG^3 ~ 5 n=2 base=2 {PossiblePower GnG 0 0 0 1 nG^2 ~ 0 n=1 base=1 }
PossiblePower GnGGnGGmnG 0 1 0 0 GnG^3 ~ 5 n=2 base=2 {PossiblePower GnG 0 0 0 1 nG^2 ~ 0 n=1 base=1 }
PossiblePower GnGGnGGnG 0 0 0 0 GnG^3 ~ 0 n=2 base=2 {PossiblePower GnG 0 0 0 1 nG^2 ~ 0 n=1 base=1 }
PossiblePower GnGGnGmGnG 0 1 0 0 GnG^3 ~ 4 n=2 base=2 {PossiblePower GnG 0 0 0 1 nG^2 ~ 0 n=1 base=1 }
PossiblePower GnGGnGmGnG 0 1 1 0 mGnG^3 ~ 2 n=2 base=4 {PossiblePower mGnG 0 0 -1 1 nG^2 ~ 0 n=1 base=1 }
PossiblePower GnGGnGnGG 0 0 0 1 nGnGG^2 ~ 0 n=3 base=3 {PossiblePower nGnGG 0 1 0 0 nG^3 ~ 2 n=1 base=1 }
PossiblePower GnGMgMGMnGMg 1 1 -1 0 MGMnGMg^2 ~ 1 n=3 base=3 
PossiblePower GnGMgMGnGMg 1 0 -1 0 MGnGMg^2 ~ 0 n=3 base=3 
PossiblePower GnGMnG 0 1 0 1 nG^3 ~ 2 n=1 base=1 
PossiblePower GnGMnG 0 1 -1 1 MnG^3 ~ 1 n=1 base=2 
PossiblePower GnGMnGnG 0 0 -1 1 MnGnG^2 ~ 0 n=2 base=2 {PossiblePower MnGnG 0 0 1 0 nG^2 ~ 0 n=1 base=1 }
PossiblePower GnGmG 0 1 0 1 nG^3 ~ 2 n=1 base=1 
PossiblePower GnGmG 0 1 1 0 mG^3 ~ 1 n=1 base=2 
PossiblePower GnGmGG 0 1 1 0 mGG^2 ~ 1 n=2 base=2 {PossiblePower mGG 0 0 -1 0 G^2 ~ 0 n=1 base=1 }
PossiblePower GnGmGGGmG 0 1 0 0 GGmG^2 ~ 1 n=3 base=3 {PossiblePower GGmG 0 1 0 0 G^3 ~ 2 n=1 base=1 }
PossiblePower GnGmGmG 0 1 1 0 mG^4 ~ 1 n=1 base=2 
PossiblePower GnGmGmG 0 1 1 0 mGmG^2 ~ 1 n=2 base=2 {PossiblePower mGmG 0 0 0 0 mG^2 ~ 0 n=1 base=1 }
PossiblePower GnGmGmGnGG 1 1 1 0 mGnGG^2 ~ 2 n=3 base=3 
PossiblePower GnGmGmnGmGmnG 0 1 1 0 mGmnG^3 ~ 1 n=2 base=2 {PossiblePower mGmnG 0 0 0 1 mnG^2 ~ 0 n=1 base=1 }
PossiblePower GnGmGmnGmGmnG 0 1 1 0 mGmnG^3 ~ 1 n=2 base=4 {PossiblePower mGmnG 0 0 0 1 mnG^2 ~ 0 n=1 base=1 }
PossiblePower GnGmGmnGmnGmG 0 1 1 1 mnGmnGmG^2 ~ 1 n=3 base=3 {PossiblePower mnGmnGmG 0 1 0 0 mnG^3 ~ 2 n=1 base=1 }
PossiblePower GnGmGnG 0 0 1 0 mGnG^2 ~ 0 n=2 base=2 {PossiblePower mGnG 0 0 -1 1 nG^2 ~ 0 n=1 base=1 }
PossiblePower GnGmGnGmGnG 0 0 1 0 mGnG^3 ~ 0 n=2 base=2 {PossiblePower mGnG 0 0 -1 1 nG^2 ~ 0 n=1 base=1 }
PossiblePower GnGmGnGnG 0 1 0 1 nG^5 ~ 2 n=1 base=1 
PossiblePower GnGmGnGnGmG 0 0 0 1 nGnGmG^2 ~ 0 n=3 base=3 {PossiblePower nGnGmG 0 1 0 0 nG^3 ~ 2 n=1 base=1 }
PossiblePower GnGmgmGmnGmg 1 1 1 0 mGmnGmg^2 ~ 1 n=3 base=3 
PossiblePower GnGmgmGnGmg 1 0 1 0 mGnGmg^2 ~ 0 n=3 base=3 
PossiblePower GnGmnGG 0 1 1 1 mnGG^2 ~ 1 n=2 base=2 {PossiblePower mnGG 0 0 -1 -1 G^2 ~ 0 n=1 base=1 }
PossiblePower GnGmnGGGmnG 0 1 0 0 GGmnG^2 ~ 1 n=3 base=3 {PossiblePower GGmnG 0 1 0 0 G^3 ~ 2 n=1 base=1 }
PossiblePower GnGmnGmnGmnGnG 0 1 1 1 mnGnG^3 ~ 3 n=2 base=4 {PossiblePower mnGnG 0 0 -1 0 nG^2 ~ 0 n=1 base=1 }
PossiblePower GnGmnGmnGnGmnG 0 0 1 1 mnGnGmnG^2 ~ 0 n=3 base=3 {PossiblePower mnGnGmnG 0 1 0 0 mnG^3 ~ 1 n=1 base=2 }
PossiblePower GnGmnGnG 0 0 1 1 mnGnG^2 ~ 0 n=2 base=2 {PossiblePower mnGnG 0 0 -1 0 nG^2 ~ 0 n=1 base=1 }
PossiblePower GnGmnGnGmnGnG 0 0 1 1 mnGnG^3 ~ 0 n=2 base=2 {PossiblePower mnGnG 0 0 -1 0 nG^2 ~ 0 n=1 base=1 }
PossiblePower GnGmnGnGnG 0 1 0 1 nG^5 ~ 2 n=1 base=1 
PossiblePower GnGmnGnGnGmG 0 1 0 1 nGnGmG^2 ~ 2 n=3 base=3 {PossiblePower nGnGmG 0 1 0 0 nG^3 ~ 2 n=1 base=1 }
PossiblePower GnGmnGnGnGmnG 0 0 0 1 nGnGmnG^2 ~ 0 n=3 base=3 {PossiblePower nGnGmnG 0 1 0 0 nG^3 ~ 2 n=1 base=1 }
PossiblePower GnGnG 0 0 0 1 nG^3 ~ 0 n=1 base=1 
PossiblePower GnGnGG 0 1 0 1 nG^4 ~ 3 n=1 base=1 
PossiblePower GnGnGG 0 1 0 1 nG^4 ~ 3 n=1 base=2 
PossiblePower GnGnGG 0 1 0 1 nGG^2 ~ 1 n=2 base=2 {PossiblePower nGG 0 0 0 -1 G^2 ~ 0 n=1 base=1 }
PossiblePower GnGnGGnG 0 1 0 1 nG^5 ~ 3 n=1 base=1 
PossiblePower GnGnGGnG 0 1 0 1 nG^5 ~ 3 n=1 base=2 
PossiblePower GnGnGMnG 0 1 0 1 nG^4 ~ 3 n=1 base=1 
PossiblePower GnGnGMnG 0 1 0 1 nG^4 ~ 3 n=1 base=2 
PossiblePower GnGnGMnG 0 1 0 1 nGMnG^2 ~ 1 n=2 base=2 {PossiblePower nGMnG 0 0 -1 0 MnG^2 ~ 0 n=1 base=1 }
PossiblePower GnGnGMnGnG 0 1 0 1 nG^5 ~ 3 n=1 base=1 
PossiblePower GnGnGMnGnG 0 1 0 1 nG^5 ~ 3 n=1 base=2 
PossiblePower GnGnGmG 0 1 0 1 nG^4 ~ 3 n=1 base=1 
PossiblePower GnGnGmG 0 1 0 1 nG^4 ~ 3 n=1 base=2 
PossiblePower GnGnGmG 0 1 0 1 nGmG^2 ~ 1 n=2 base=2 {PossiblePower nGmG 0 0 1 -1 mG^2 ~ 0 n=1 base=1 }
PossiblePower GnGnGmnGnG 0 1 0 1 nG^5 ~ 3 n=1 base=1 
PossiblePower GnGnGmnGnG 0 1 0 1 nG^5 ~ 3 n=1 base=2 
PossiblePower GnGnGmnGnGmnG 0 1 0 1 nGmnG^3 ~ 1 n=2 base=2 {PossiblePower nGmnG 0 0 1 0 mnG^2 ~ 0 n=1 base=1 }
PossiblePower GnGnGmnGnGmnG 0 1 0 1 nGmnG^3 ~ 1 n=2 base=4 {PossiblePower nGmnG 0 0 1 0 mnG^2 ~ 0 n=1 base=1 }
PossiblePower GnGnGmnGnGmnG 0 1 1 1 mnGnGmnG^2 ~ 2 n=3 base=3 {PossiblePower mnGnGmnG 0 1 0 0 mnG^3 ~ 1 n=1 base=2 }
PossiblePower GnGnGmnGnGnG 0 0 1 1 mnGnGnG^2 ~ 0 n=3 base=3 {PossiblePower mnGnGnG 0 0 -1 0 nG^3 ~ 0 n=1 base=1 }
PossiblePower GnGnGnG 0 0 0 1 nG^4 ~ 0 n=1 base=1 
PossiblePower GnGnGnGG 0 1 0 1 nG^5 ~ 4 n=1 base=1 
PossiblePower GnGnGnGG 0 1 0 1 nG^5 ~ 4 n=1 base=2 
PossiblePower GnGnGnGMnG 0 1 0 1 nG^5 ~ 4 n=1 base=1 
PossiblePower GnGnGnGMnG 0 1 0 1 nG^5 ~ 4 n=1 base=2 
PossiblePower GnGnGnGMnGnG 0 1 0 1 nG^6 ~ 4 n=1 base=1 
PossiblePower GnGnGnGMnGnG 0 1 0 1 nG^6 ~ 4 n=1 base=2 
PossiblePower GnGnGnGMnGnG 0 1 0 1 nGnG^3 ~ 4 n=2 base=2 {PossiblePower nGnG 0 0 0 0 nG^2 ~ 0 n=1 base=1 }
PossiblePower GnGnGnGMnGnG 0 1 -1 1 MnGnG^3 ~ 2 n=2 base=4 {PossiblePower MnGnG 0 0 1 0 nG^2 ~ 0 n=1 base=1 }
PossiblePower GnGnGnGMnGnG 0 1 0 1 nGMnGnG^2 ~ 1 n=3 base=3 {PossiblePower nGMnGnG 0 1 0 0 nG^3 ~ 1 n=1 base=2 }
PossiblePower GnGnGnGnG 0 0 0 1 nG^5 ~ 0 n=1 base=1 
PossiblePower GnGnGnGnGG 0 1 0 1 nG^6 ~ 5 n=1 base=1 
PossiblePower GnGnGnGnGG 0 1 0 1 nG^6 ~ 5 n=1 base=2 
PossiblePower GnGnGnGnGG 0 1 0 1 nGnG^3 ~ 5 n=2 base=2 {PossiblePower nGnG 0 0 0 0 nG^2 ~ 0 n=1 base=1 }
PossiblePower GnGnGnGnGG 0 1 0 1 nGnGG^2 ~ 2 n=3 base=3 {PossiblePower nGnGG 0 1 0 0 nG^3 ~ 2 n=1 base=1 }
PossiblePower GnGnGnGnGmnG 0 1 0 1 nG^6 ~ 5 n=1 base=1 
PossiblePower GnGnGnGnGmnG 0 1 0 1 nG^6 ~ 5 n=1 base=2 
PossiblePower GnGnGnGnGmnG 0 1 0 1 nGnG^3 ~ 5 n=2 base=2 {PossiblePower nGnG 0 0 0 0 nG^2 ~ 0 n=1 base=1 }
PossiblePower GnGnGnGnGmnG 0 1 0 1 nGnGmnG^2 ~ 2 n=3 base=3 {PossiblePower nGnGmnG 0 1 0 0 nG^3 ~ 2 n=1 base=1 }
PossiblePower gMGGGMgMGGG 1 0 -1 0 MgMGGG^2 ~ 0 n=4 base=4 
PossiblePower gMGGMgMGG 1 0 -1 0 MgMGG^2 ~ 0 n=3 base=3 
PossiblePower gMGGMgMGmG 1 1 -1 0 MgMGmG^2 ~ 2 n=3 base=3 
PossiblePower gMGGMgMMNgMGGMg 1 0 -2 -1 MMNgMGGMg^2 ~ 0 n=4 base=4 
PossiblePower gMGGMgNgMGGMg 1 0 0 -1 NgMGGMg^2 ~ 0 n=4 base=4 
PossiblePower gMGGMgmNgMGGMg 1 0 1 -1 mNgMGGMg^2 ~ 0 n=4 base=4 
PossiblePower gMGMgMGMgMG 1 0 -1 0 MgMG^3 ~ 0 n=2 base=2 
PossiblePower gMGMgMGMgMG 1 0 -1 0 MgMG^3 ~ 0 n=2 base=4 
PossiblePower gMGMgMMNgMGMg 1 0 -2 -1 MMNgMGMg^2 ~ 0 n=3 base=3 
PossiblePower gMGMgMMgMGMg 1 0 -2 0 MMgMGMg^2 ~ 0 n=3 base=3 
PossiblePower gMGMgMNgMGMg 1 0 -1 -1 MNgMGMg^2 ~ 0 n=3 base=3 
PossiblePower gMGMgMgMGMg 1 0 -1 0 MgMGMg^2 ~ 0 n=3 base=3 
PossiblePower gMGMgNgMGMg 1 0 0 -1 NgMGMg^2 ~ 0 n=3 base=3 
PossiblePower gMGMggMGMg 1 0 0 0 gMGMg^2 ~ 0 n=3 base=3 
PossiblePower gMGMnGMgMGnG 1 1 -1 0 MgMGnG^2 ~ 2 n=3 base=3 
PossiblePower gMGmGMgmNgMGGMg 1 1 1 -1 mNgMGGMg^2 ~ 2 n=4 base=4 
PossiblePower gMGmgMG 1 0 1 0 mgMG^2 ~ 0 n=2 base=2 
PossiblePower gMGmgMGmgMG 1 0 1 0 mgMG^3 ~ 0 n=2 base=2 
PossiblePower gMGmgMGmgMG 1 0 1 0 mgMG^3 ~ 0 n=2 base=4 
PossiblePower gMGnGMgMGmnG 1 1 -1 0 MgMGmnG^2 ~ 2 n=3 base=3 
PossiblePower gMGnGMgMGnG 1 0 -1 0 MgMGnG^2 ~ 0 n=3 base=3 
PossiblePower gMMNgg 0 1 -2 -1 MMNg^3 ~ 2 n=1 base=1 
PossiblePower gMMNgg 0 1 0 0 g^3 ~ 1 n=1 base=2 
PossiblePower gMNNgg 0 1 -1 -2 MNNg^3 ~ 2 n=1 base=1 
PossiblePower gMNNgg 0 1 0 0 g^3 ~ 1 n=1 base=2 
PossiblePower gMNg 0 0 -1 -1 MNg^2 ~ 0 n=1 base=1 
PossiblePower gMNgMMNgMNgMNg 0 1 -1 -1 MNg^5 ~ 2 n=1 base=1 
PossiblePower gMNgMNg 0 0 -1 -1 MNg^3 ~ 0 n=1 base=1 
PossiblePower gMNgMNgMMNgMNg 0 1 -1 -1 MNg^5 ~ 3 n=1 base=1 
PossiblePower gMNgMNgMMNgMNg 0 1 -1 -1 MNg^5 ~ 3 n=1 base=2 
PossiblePower gMNgMNgMMNgMNgMNg 0 0 -2 -1 MMNgMNgMNg^2 ~ 0 n=3 base=3 {PossiblePower MMNgMNgMNg 0 0 1 0 MNg^3 ~ 0 n=1 base=1 }
PossiblePower gMNgMNgMNgMMNg 0 1 -1 -1 MNg^5 ~ 4 n=1 base=1 
PossiblePower gMNgMNgMNgMMNg 0 1 -1 -1 MNg^5 ~ 4 n=1 base=2 
PossiblePower gMNgMNgMNgMNg 0 0 -1 -1 MNg^5 ~ 0 n=1 base=1 
PossiblePower gMNgMNgMNgMNgMNg 0 0 -1 -1 MNg^6 ~ 0 n=1 base=1 
PossiblePower gMNgMNgMNgMNgNg 0 1 -1 -1 MNg^6 ~ 5 n=1 base=1 
PossiblePower gMNgMNgMNgMNgNg 0 1 -1 -1 MNg^6 ~ 5 n=1 base=2 
PossiblePower gMNgMNgMNgMNgNg 0 1 -1 -1 MNgMNg^3 ~ 5 n=2 base=2 {PossiblePower MNgMNg 0 0 0 0 MNg^2 ~ 0 n=1 base=1 }
PossiblePower gMNgMNgMNgMNgNg 0 1 -1 -1 MNgMNgNg^2 ~ 2 n=3 base=3 {PossiblePower MNgMNgNg 0 1 0 0 MNg^3 ~ 2 n=1 base=1 }
PossiblePower gMNgMNgMNgMg 0 1 -1 -1 MNg^5 ~ 4 n=1 base=1 
PossiblePower gMNgMNgMNgMg 0 1 -1 -1 MNg^5 ~ 4 n=1 base=2 
PossiblePower gMNgMNgMNgNg 0 1 -1 -1 MNg^5 ~ 4 n=1 base=1 
PossiblePower gMNgMNgMNgNg 0 1 -1 -1 MNg^5 ~ 4 n=1 base=2 
PossiblePower gMNgMNgMNgNgMNg 0 1 -1 -1 MNg^6 ~ 4 n=1 base=1 
PossiblePower gMNgMNgMNgNgMNg 0 1 -1 -1 MNg^6 ~ 4 n=1 base=2 
PossiblePower gMNgMNgMNgNgMNg 0 1 -1 -1 MNgMNg^3 ~ 4 n=2 base=2 {PossiblePower MNgMNg 0 0 0 0 MNg^2 ~ 0 n=1 base=1 }
PossiblePower gMNgMNgMNgNgMNg 0 1 0 -1 NgMNg^3 ~ 2 n=2 base=4 {PossiblePower NgMNg 0 0 -1 0 MNg^2 ~ 0 n=1 base=1 }
PossiblePower gMNgMNgMNgNgMNg 0 1 -1 -1 MNgNgMNg^2 ~ 1 n=3 base=3 {PossiblePower MNgNgMNg 0 1 0 0 MNg^3 ~ 1 n=1 base=2 }
PossiblePower gMNgMNgMNgNgMNgMNg 0 1 -1 -1 MNg^7 ~ 4 n=1 base=1 
PossiblePower gMNgMNgMNgNgMNgMNg 0 1 -1 -1 MNg^7 ~ 4 n=1 base=2 
PossiblePower gMNgMNgMg 0 1 -1 -1 MNg^4 ~ 3 n=1 base=1 
PossiblePower gMNgMNgMg 0 1 -1 -1 MNg^4 ~ 3 n=1 base=2 
PossiblePower gMNgMNgMg 0 1 -1 -1 MNgMg^2 ~ 1 n=2 base=2 {PossiblePower MNgMg 0 0 0 1 Mg^2 ~ 0 n=1 base=1 }
PossiblePower gMNgMNgMgMNgMNg 0 0 -1 0 MgMNgMNg^2 ~ 0 n=3 base=3 {PossiblePower MgMNgMNg 0 0 0 -1 MNg^3 ~ 0 n=1 base=1 }
PossiblePower gMNgMNgNg 0 1 -1 -1 MNg^4 ~ 3 n=1 base=1 
PossiblePower gMNgMNgNg 0 1 -1 -1 MNg^4 ~ 3 n=1 base=2 
PossiblePower gMNgMNgNg 0 1 -1 -1 MNgNg^2 ~ 1 n=2 base=2 {PossiblePower MNgNg 0 0 1 0 Ng^2 ~ 0 n=1 base=1 }
PossiblePower gMNgMNgNgMNg 0 1 -1 -1 MNg^5 ~ 3 n=1 base=1 
PossiblePower gMNgMNgNgMNg 0 1 -1 -1 MNg^5 ~ 3 n=1 base=2 
PossiblePower gMNgMNgNgMNgMNg 0 0 0 -1 NgMNgMNg^2 ~ 0 n=3 base=3 {PossiblePower NgMNgMNg 0 0 -1 0 MNg^3 ~ 0 n=1 base=1 }
PossiblePower gMNgMNgNgMNgMNgMNg 0 1 -1 -1 MNg^7 ~ 3 n=1 base=1 
PossiblePower gMNgMNgNgMNgMNgMNg 0 1 -1 -1 MNg^7 ~ 3 n=1 base=2 
PossiblePower gMNgMNgNgMNgNg 0 1 -1 -1 MNgNg^3 ~ 1 n=2 base=2 {PossiblePower MNgNg 0 0 1 0 Ng^2 ~ 0 n=1 base=1 }
PossiblePower gMNgMNgNgMNgNg 0 1 -1 -1 MNgNg^3 ~ 1 n=2 base=4 {PossiblePower MNgNg 0 0 1 0 Ng^2 ~ 0 n=1 base=1 }
PossiblePower gMNgMNgNgMNgNg 0 1 0 -1 NgMNgNg^2 ~ 2 n=3 base=3 {PossiblePower NgMNgNg 0 1 0 0 Ng^3 ~ 1 n=1 base=2 }
PossiblePower gMNgMNgg 0 1 -1 -1 MNg^4 ~ 3 n=1 base=1 
PossiblePower gMNgMNgg 0 1 -1 -1 MNg^4 ~ 3 n=1 base=2 
PossiblePower gMNgMNgg 0 1 -1 -1 MNgg^2 ~ 1 n=2 base=2 {PossiblePower MNgg 0 0 1 1 g^2 ~ 0 n=1 base=1 }
PossiblePower gMNgMg 0 1 -1 -1 MNg^3 ~ 2 n=1 base=1 
PossiblePower gMNgMg 0 1 -1 0 Mg^3 ~ 1 n=1 base=2 
PossiblePower gMNgMgMNgMNg 0 1 -1 -1 MNg^5 ~ 2 n=1 base=1 
PossiblePower gMNgMgMNgMNgMg 0 0 -1 -1 MNgMNgMg^2 ~ 0 n=3 base=3 {PossiblePower MNgMNgMg 0 1 0 0 MNg^3 ~ 2 n=1 base=1 }
PossiblePower gMNgMgMNgMNgg 0 1 -1 -1 MNgMNgg^2 ~ 2 n=3 base=3 {PossiblePower MNgMNgg 0 1 0 0 MNg^3 ~ 2 n=1 base=1 }
PossiblePower gMNgMgMNgMgMNg 0 0 -1 0 MgMNg^3 ~ 0 n=2 base=2 {PossiblePower MgMNg 0 0 0 -1 MNg^2 ~ 0 n=1 base=1 }
PossiblePower gMNgMgMNgMgNg 0 1 -1 0 MgMNg^3 ~ 5 n=2 base=2 {PossiblePower MgMNg 0 0 0 -1 MNg^2 ~ 0 n=1 base=1 }
PossiblePower gMNgMgMgMNgMg 0 0 -1 0 MgMNgMg^2 ~ 0 n=3 base=3 {PossiblePower MgMNgMg 0 1 0 0 Mg^3 ~ 1 n=1 base=2 }
PossiblePower gMNgMgMgMNgg 1 1 -1 0 MgMNgg^2 ~ 2 n=3 base=3 
PossiblePower gMNgMgNg 0 1 -1 0 MgNg^2 ~ 1 n=2 base=2 {PossiblePower MgNg 0 0 1 -1 Ng^2 ~ 0 n=1 base=1 }
PossiblePower gMNgMgNgMgMNg 0 1 -1 0 MgMNg^3 ~ 3 n=2 base=4 {PossiblePower MgMNg 0 0 0 -1 MNg^2 ~ 0 n=1 base=1 }
PossiblePower gMNgMgggMg 0 1 0 0 ggMg^2 ~ 1 n=3 base=3 {PossiblePower ggMg 0 1 0 0 g^3 ~ 2 n=1 base=1 }
PossiblePower gMNgNg 0 1 -1 -1 MNg^3 ~ 2 n=1 base=1 
PossiblePower gMNgNg 0 1 0 -1 Ng^3 ~ 1 n=1 base=2 
PossiblePower gMNgNgMNgMNgNg 0 0 -1 -1 MNgMNgNg^2 ~ 0 n=3 base=3 {PossiblePower MNgMNgNg 0 1 0 0 MNg^3 ~ 2 n=1 base=1 }
PossiblePower gMNgNgMNgMNgg 0 1 -1 -1 MNgMNgg^2 ~ 2 n=3 base=3 {PossiblePower MNgMNgg 0 1 0 0 MNg^3 ~ 2 n=1 base=1 }
PossiblePower gMNgNgMNgNgMNg 0 0 0 -1 NgMNg^3 ~ 0 n=2 base=2 {PossiblePower NgMNg 0 0 -1 0 MNg^2 ~ 0 n=1 base=1 }
PossiblePower gMNgNgMNgNgNg 0 1 0 -1 NgMNg^3 ~ 5 n=2 base=2 {PossiblePower NgMNg 0 0 -1 0 MNg^2 ~ 0 n=1 base=1 }
PossiblePower gMNgNgMNgNgNg 0 1 -1 -1 MNgNgNg^2 ~ 1 n=3 base=3 {PossiblePower MNgNgNg 0 0 1 0 Ng^3 ~ 0 n=1 base=1 }
PossiblePower gMNgNgMgNgMNg 0 1 0 -1 NgMNg^3 ~ 3 n=2 base=4 {PossiblePower NgMNg 0 0 -1 0 MNg^2 ~ 0 n=1 base=1 }
PossiblePower gMNgNgNg 0 1 0 -1 Ng^4 ~ 1 n=1 base=2 
PossiblePower gMNgNgNg 0 1 0 -1 NgNg^2 ~ 1 n=2 base=2 {PossiblePower NgNg 0 0 0 0 Ng^2 ~ 0 n=1 base=1 }
PossiblePower gMNgNgNgMNgNg 0 0 0 -1 NgMNgNg^2 ~ 0 n=3 base=3 {PossiblePower NgMNgNg 0 1 0 0 Ng^3 ~ 1 n=1 base=2 }
PossiblePower gMNgNgNgMNgg 1 1 0 -1 NgMNgg^2 ~ 2 n=3 base=3 
PossiblePower gMNgNgNgNg 0 1 0 -1 Ng^5 ~ 1 n=1 base=2 
PossiblePower gMNgNgNgNgMNg 0 1 0 -1 NgMNg^3 ~ 3 n=2 base=4 {PossiblePower NgMNg 0 0 -1 0 MNg^2 ~ 0 n=1 base=1 }
PossiblePower gMNgNgNgNgNg 0 1 0 -1 Ng^6 ~ 1 n=1 base=2 
PossiblePower gMNgNgNgNgNg 0 1 0 -1 NgNg^3 ~ 1 n=2 base=2 {PossiblePower NgNg 0 0 0 0 Ng^2 ~ 0 n=1 base=1 }
PossiblePower gMNgNgNgNgNg 0 1 0 -1 NgNg^3 ~ 1 n=2 base=4 {PossiblePower NgNg 0 0 0 0 Ng^2 ~ 0 n=1 base=1 }
PossiblePower gMNgNgNgNgNg 0 1 0 -1 NgNgNg^2 ~ 1 n=3 base=3 {PossiblePower NgNgNg 0 0 0 0 Ng^3 ~ 0 n=1 base=1 }
PossiblePower gMNgg 0 1 -1 -1 MNg^3 ~ 2 n=1 base=1 
PossiblePower gMNgg 0 1 0 0 g^3 ~ 1 n=1 base=2 
PossiblePower gMNggMMNggMNg 0 1 0 0 gMNg^3 ~ 3 n=2 base=4 {PossiblePower gMNg 0 0 -1 -1 MNg^2 ~ 0 n=1 base=1 }
PossiblePower gMNggMNg 0 0 0 0 gMNg^2 ~ 0 n=2 base=2 {PossiblePower gMNg 0 0 -1 -1 MNg^2 ~ 0 n=1 base=1 }
PossiblePower gMNggMNgMNg 0 1 -1 -1 MNg^5 ~ 2 n=1 base=1 
PossiblePower gMNggMNgMNgg 0 0 -1 -1 MNgMNgg^2 ~ 0 n=3 base=3 {PossiblePower MNgMNgg 0 1 0 0 MNg^3 ~ 2 n=1 base=1 }
PossiblePower gMNggMNggMNg 0 0 0 0 gMNg^3 ~ 0 n=2 base=2 {PossiblePower gMNg 0 0 -1 -1 MNg^2 ~ 0 n=1 base=1 }
PossiblePower gMNggMNggNg 0 1 0 0 gMNg^3 ~ 5 n=2 base=2 {PossiblePower gMNg 0 0 -1 -1 MNg^2 ~ 0 n=1 base=1 }
PossiblePower gMNggMg 0 1 0 0 gMg^2 ~ 1 n=2 base=2 {PossiblePower gMg 0 0 -1 0 Mg^2 ~ 0 n=1 base=1 }
PossiblePower gMNggMgMgg 0 1 -1 0 MgMgg^2 ~ 1 n=3 base=3 {PossiblePower MgMgg 0 1 0 0 Mg^3 ~ 2 n=1 base=1 }
PossiblePower gMNggMggMNg 0 1 0 0 gMNg^3 ~ 3 n=2 base=4 {PossiblePower gMNg 0 0 -1 -1 MNg^2 ~ 0 n=1 base=1 }
PossiblePower gMNggNg 0 1 0 0 gNg^2 ~ 1 n=2 base=2 {PossiblePower gNg 0 0 0 -1 Ng^2 ~ 0 n=1 base=1 }
PossiblePower gMNggNgNgg 0 1 0 -1 NgNgg^2 ~ 1 n=3 base=3 {PossiblePower NgNgg 0 1 0 0 Ng^3 ~ 2 n=1 base=1 }
PossiblePower gMNggNggMNg 0 1 0 0 gMNg^3 ~ 3 n=2 base=4 {PossiblePower gMNg 0 0 -1 -1 MNg^2 ~ 0 n=1 base=1 }
PossiblePower gMNggNggMNggNg 0 0 0 0 gMNggNg^2 ~ 0 n=4 base=4 {PossiblePower gMNggNg 0 1 0 0 gNg^2 ~ 1 n=2 base=2 {PossiblePower gNg 0 0 0 -1 Ng^2 ~ 0 n=1 base=1 }}
PossiblePower gMNggNggMNggg 0 1 0 0 gMNggg^2 ~ 3 n=4 base=4 {PossiblePower gMNggg 0 1 0 0 gg^2 ~ 1 n=2 base=2 {PossiblePower gg 0 0 0 0 g^2 ~ 0 n=1 base=1 }}
PossiblePower gMNggNggNg 0 1 0 0 gNg^3 ~ 1 n=2 base=2 {PossiblePower gNg 0 0 0 -1 Ng^2 ~ 0 n=1 base=1 }
PossiblePower gMNggNggNg 0 1 0 0 gNg^3 ~ 1 n=2 base=4 {PossiblePower gNg 0 0 0 -1 Ng^2 ~ 0 n=1 base=1 }
PossiblePower gMNggg 0 1 0 0 g^4 ~ 1 n=1 base=2 
PossiblePower gMNggg 0 1 0 0 gg^2 ~ 1 n=2 base=2 {PossiblePower gg 0 0 0 0 g^2 ~ 0 n=1 base=1 }
PossiblePower gMNgggMNgMg 1 1 0 0 gMNgMg^2 ~ 2 n=3 base=3 
PossiblePower gMNgggMNgNg 1 1 0 0 gMNgNg^2 ~ 2 n=3 base=3 
PossiblePower gMNgggMNgg 0 0 0 0 gMNgg^2 ~ 0 n=3 base=3 {PossiblePower gMNgg 0 1 0 0 g^3 ~ 1 n=1 base=2 }
PossiblePower gMNgggMgg 0 1 0 0 gMgg^2 ~ 1 n=3 base=3 {PossiblePower gMgg 0 1 0 0 g^3 ~ 1 n=1 base=2 }
PossiblePower gMNgggNgg 0 1 0 0 gNgg^2 ~ 1 n=3 base=3 {PossiblePower gNgg 0 1 0 0 g^3 ~ 1 n=1 base=2 }
PossiblePower gMNgmg 0 1 -1 -1 MNg^3 ~ 2 n=1 base=1 
PossiblePower gMNgmg 0 1 1 0 mg^3 ~ 1 n=1 base=2 
PossiblePower gMgMGMgMgMG 1 0 -1 0 MgMgMG^2 ~ 0 n=3 base=3 
PossiblePower gMgMNg 0 1 -1 0 Mg^3 ~ 2 n=1 base=1 
PossiblePower gMgMNg 0 1 -1 -1 MNg^3 ~ 1 n=1 base=2 
PossiblePower gMgMNgMNg 0 1 -1 -1 MNg^4 ~ 1 n=1 base=2 
PossiblePower gMgMNgMNg 0 1 -1 -1 MNgMNg^2 ~ 1 n=2 base=2 {PossiblePower MNgMNg 0 0 0 0 MNg^2 ~ 0 n=1 base=1 }
PossiblePower gMgMNgMNgMNgMg 0 1 -1 -1 MNgMg^3 ~ 3 n=2 base=4 {PossiblePower MNgMg 0 0 0 1 Mg^2 ~ 0 n=1 base=1 }
PossiblePower gMgMNgMNgMgMNg 0 0 -1 -1 MNgMgMNg^2 ~ 0 n=3 base=3 {PossiblePower MNgMgMNg 0 1 0 0 MNg^3 ~ 1 n=1 base=2 }
PossiblePower gMgMNgMNgMgNg 1 1 -1 -1 MNgMgNg^2 ~ 2 n=3 base=3 
PossiblePower gMgMNgMNgMgg 1 1 -1 -1 MNgMgg^2 ~ 2 n=3 base=3 
PossiblePower gMgMNgMg 0 0 -1 -1 MNgMg^2 ~ 0 n=2 base=2 {PossiblePower MNgMg 0 0 0 1 Mg^2 ~ 0 n=1 base=1 }
PossiblePower gMgMNgMgMNgMg 0 0 -1 -1 MNgMg^3 ~ 0 n=2 base=2 {PossiblePower MNgMg 0 0 0 1 Mg^2 ~ 0 n=1 base=1 }
PossiblePower gMgMNgMgMNgg 0 1 -1 -1 MNgMg^3 ~ 5 n=2 base=2 {PossiblePower MNgMg 0 0 0 1 Mg^2 ~ 0 n=1 base=1 }
PossiblePower gMgMNgMgMg 0 1 -1 0 Mg^5 ~ 2 n=1 base=1 
PossiblePower gMgMNgMgMgMNg 0 0 -1 0 MgMgMNg^2 ~ 0 n=3 base=3 {PossiblePower MgMgMNg 0 1 0 0 Mg^3 ~ 2 n=1 base=1 }
PossiblePower gMgMNgg 0 1 -1 -1 MNgg^2 ~ 1 n=2 base=2 {PossiblePower MNgg 0 0 1 1 g^2 ~ 0 n=1 base=1 }
PossiblePower gMgMNggMNgMg 0 1 -1 -1 MNgMg^3 ~ 3 n=2 base=4 {PossiblePower MNgMg 0 0 0 1 Mg^2 ~ 0 n=1 base=1 }
PossiblePower gMgMNggMNgg 0 1 -1 -1 MNgg^3 ~ 1 n=2 base=2 {PossiblePower MNgg 0 0 1 1 g^2 ~ 0 n=1 base=1 }
PossiblePower gMgMNggMNgg 0 1 -1 -1 MNgg^3 ~ 1 n=2 base=4 {PossiblePower MNgg 0 0 1 1 g^2 ~ 0 n=1 base=1 }
PossiblePower gMgMNggNggMNgg 0 1 0 -1 NggMNgg^2 ~ 1 n=4 base=4 {PossiblePower NggMNgg 0 0 -1 0 MNgg^2 ~ 0 n=2 base=2 {PossiblePower MNgg 0 0 1 1 g^2 ~ 0 n=1 base=1 }}
PossiblePower gMgMNgggMNg 0 1 0 0 ggMNg^2 ~ 1 n=3 base=3 {PossiblePower ggMNg 0 1 0 0 g^3 ~ 2 n=1 base=1 }
PossiblePower gMgMg 0 0 -1 0 Mg^3 ~ 0 n=1 base=1 
PossiblePower gMgMgMNg 0 1 -1 0 Mg^4 ~ 3 n=1 base=1 
PossiblePower gMgMgMNg 0 1 -1 0 Mg^4 ~ 3 n=1 base=2 
PossiblePower gMgMgMNg 0 1 -1 0 MgMNg^2 ~ 1 n=2 base=2 {PossiblePower MgMNg 0 0 0 -1 MNg^2 ~ 0 n=1 base=1 }
PossiblePower gMgMgMNgMg 0 1 -1 0 Mg^5 ~ 3 n=1 base=1 
PossiblePower gMgMgMNgMg 0 1 -1 0 Mg^5 ~ 3 n=1 base=2 
PossiblePower gMgMgMNgMgMg 0 0 -1 -1 MNgMgMg^2 ~ 0 n=3 base=3 {PossiblePower MNgMgMg 0 0 0 1 Mg^3 ~ 0 n=1 base=1 }
PossiblePower gMgMgMg 0 0 -1 0 Mg^4 ~ 0 n=1 base=1 
PossiblePower gMgMgMgMNg 0 1 -1 0 Mg^5 ~ 4 n=1 base=1 
PossiblePower gMgMgMgMNg 0 1 -1 0 Mg^5 ~ 4 n=1 base=2 
PossiblePower gMgMgMgMg 0 0 -1 0 Mg^5 ~ 0 n=1 base=1 
PossiblePower gMgMgMgMgMNg 0 1 -1 0 Mg^6 ~ 5 n=1 base=1 
PossiblePower gMgMgMgMgMNg 0 1 -1 0 Mg^6 ~ 5 n=1 base=2 
PossiblePower gMgMgMgMgMNg 0 1 -1 0 MgMg^3 ~ 5 n=2 base=2 {PossiblePower MgMg 0 0 0 0 Mg^2 ~ 0 n=1 base=1 }
PossiblePower gMgMgMgMgMNg 0 1 -1 0 MgMgMNg^2 ~ 2 n=3 base=3 {PossiblePower MgMgMNg 0 1 0 0 Mg^3 ~ 2 n=1 base=1 }
PossiblePower gMgMgMgMgMg 0 0 -1 0 Mg^6 ~ 0 n=1 base=1 
PossiblePower gMgMgMgMgMgg 0 1 -1 0 Mg^7 ~ 6 n=1 base=1 
PossiblePower gMgMgMgMgMgg 0 1 -1 0 Mg^7 ~ 6 n=1 base=2 
PossiblePower gMgMgMgMgg 0 1 -1 0 Mg^6 ~ 5 n=1 base=1 
PossiblePower gMgMgMgMgg 0 1 -1 0 Mg^6 ~ 5 n=1 base=2 
PossiblePower gMgMgMgMgg 0 1 -1 0 MgMg^3 ~ 5 n=2 base=2 {PossiblePower MgMg 0 0 0 0 Mg^2 ~ 0 n=1 base=1 }
PossiblePower gMgMgMgMgg 0 1 -1 0 MgMgg^2 ~ 2 n=3 base=3 {PossiblePower MgMgg 0 1 0 0 Mg^3 ~ 2 n=1 base=1 }
PossiblePower gMgMgMgg 0 1 -1 0 Mg^5 ~ 4 n=1 base=1 
PossiblePower gMgMgMgg 0 1 -1 0 Mg^5 ~ 4 n=1 base=2 
PossiblePower gMgMgMngMg 0 1 -1 0 Mg^5 ~ 3 n=1 base=1 
PossiblePower gMgMgMngMg 0 1 -1 0 Mg^5 ~ 3 n=1 base=2 
PossiblePower gMgMgMngMgMg 0 0 -1 1 MngMgMg^2 ~ 0 n=3 base=3 {PossiblePower MngMgMg 0 0 0 -1 Mg^3 ~ 0 n=1 base=1 }
PossiblePower gMgMgNg 0 1 -1 0 Mg^4 ~ 3 n=1 base=1 
PossiblePower gMgMgNg 0 1 -1 0 Mg^4 ~ 3 n=1 base=2 
PossiblePower gMgMgNg 0 1 -1 0 MgNg^2 ~ 1 n=2 base=2 {PossiblePower MgNg 0 0 1 -1 Ng^2 ~ 0 n=1 base=1 }
PossiblePower gMgMgNgMg 0 1 -1 0 Mg^5 ~ 3 n=1 base=1 
PossiblePower gMgMgNgMg 0 1 -1 0 Mg^5 ~ 3 n=1 base=2 
PossiblePower gMgMgg 0 1 -1 0 Mg^4 ~ 3 n=1 base=1 
PossiblePower gMgMgg 0 1 -1 0 Mg^4 ~ 3 n=1 base=2 
PossiblePower gMgMgg 0 1 -1 0 Mgg^2 ~ 1 n=2 base=2 {PossiblePower Mgg 0 0 1 0 g^2 ~ 0 n=1 base=1 }
PossiblePower gMgMggMNggMgg 0 1 -1 -1 MNggMgg^2 ~ 1 n=4 base=4 {PossiblePower MNggMgg 0 0 0 1 Mgg^2 ~ 0 n=2 base=2 {PossiblePower Mgg 0 0 1 0 g^2 ~ 0 n=1 base=1 }}
PossiblePower gMgMggMg 0 1 -1 0 Mg^5 ~ 3 n=1 base=1 
PossiblePower gMgMggMg 0 1 -1 0 Mg^5 ~ 3 n=1 base=2 
PossiblePower gMgMggMgMgMgg 0 0 -1 0 MgMgMgg^2 ~ 0 n=4 base=4 {PossiblePower MgMgMgg 0 1 0 0 Mgg^2 ~ 1 n=2 base=2 {PossiblePower Mgg 0 0 1 0 g^2 ~ 0 n=1 base=1 }}
PossiblePower gMgMgggMg 0 1 0 0 ggMg^2 ~ 1 n=3 base=3 {PossiblePower ggMg 0 1 0 0 g^3 ~ 2 n=1 base=1 }
PossiblePower gMgMgggMgMgg 1 0 0 0 gMgMgg^2 ~ 0 n=4 base=4 
PossiblePower gMgMgngMg 0 1 -1 0 Mg^5 ~ 3 n=1 base=1 
PossiblePower gMgMgngMg 0 1 -1 0 Mg^5 ~ 3 n=1 base=2 
PossiblePower gMgMgngMgMg 0 0 0 1 ngMgMg^2 ~ 0 n=3 base=3 {PossiblePower ngMgMg 0 0 -1 -1 Mg^3 ~ 0 n=1 base=1 }
PossiblePower gMgMngMgMgg 0 1 -1 0 MgMgg^2 ~ 2 n=3 base=3 {PossiblePower MgMgg 0 1 0 0 Mg^3 ~ 2 n=1 base=1 }
PossiblePower gMgNg 0 1 -1 0 Mg^3 ~ 2 n=1 base=1 
PossiblePower gMgNg 0 1 0 -1 Ng^3 ~ 1 n=1 base=2 
PossiblePower gMgNgMNg 0 1 0 -1 NgMNg^2 ~ 1 n=2 base=2 {PossiblePower NgMNg 0 0 -1 0 MNg^2 ~ 0 n=1 base=1 }
PossiblePower gMgNgMNgMNgNg 0 1 -1 -1 MNgMNgNg^2 ~ 1 n=3 base=3 {PossiblePower MNgMNgNg 0 1 0 0 MNg^3 ~ 2 n=1 base=1 }
PossiblePower gMgNgMNgNgMg 0 1 0 -1 NgMg^3 ~ 3 n=2 base=4 {PossiblePower NgMg 0 0 -1 1 Mg^2 ~ 0 n=1 base=1 }
PossiblePower gMgNgMgMg 0 1 -1 0 Mg^5 ~ 2 n=1 base=1 
PossiblePower gMgNgMgMgNg 0 0 -1 0 MgMgNg^2 ~ 0 n=3 base=3 {PossiblePower MgMgNg 0 1 0 0 Mg^3 ~ 2 n=1 base=1 }
PossiblePower gMgNgMgNgMg 0 0 0 -1 NgMg^3 ~ 0 n=2 base=2 {PossiblePower NgMg 0 0 -1 1 Mg^2 ~ 0 n=1 base=1 }
PossiblePower gMgNgMgNgg 0 1 0 -1 NgMg^3 ~ 5 n=2 base=2 {PossiblePower NgMg 0 0 -1 1 Mg^2 ~ 0 n=1 base=1 }
PossiblePower gMgNgNg 0 1 0 -1 Ng^4 ~ 1 n=1 base=2 
PossiblePower gMgNgNg 0 1 0 -1 NgNg^2 ~ 1 n=2 base=2 {PossiblePower NgNg 0 0 0 0 Ng^2 ~ 0 n=1 base=1 }
PossiblePower gMgNgNgMNgNg 0 1 0 -1 NgMNgNg^2 ~ 1 n=3 base=3 {PossiblePower NgMNgNg 0 1 0 0 Ng^3 ~ 1 n=1 base=2 }
PossiblePower gMgNgNgMgNg 0 0 0 -1 NgMgNg^2 ~ 0 n=3 base=3 {PossiblePower NgMgNg 0 1 0 0 Ng^3 ~ 1 n=1 base=2 }
PossiblePower gMgNgNgMgg 1 1 0 -1 NgMgg^2 ~ 2 n=3 base=3 
PossiblePower gMgNgg 0 1 0 -1 Ngg^2 ~ 1 n=2 base=2 {PossiblePower Ngg 0 0 0 1 g^2 ~ 0 n=1 base=1 }
PossiblePower gMgNggNgMg 0 1 0 -1 NgMg^3 ~ 3 n=2 base=4 {PossiblePower NgMg 0 0 -1 1 Mg^2 ~ 0 n=1 base=1 }
PossiblePower gMgNggNgMgNgg 0 0 0 -1 NgMgNgg^2 ~ 0 n=4 base=4 {PossiblePower NgMgNgg 0 1 0 0 Ngg^2 ~ 1 n=2 base=2 {PossiblePower Ngg 0 0 0 1 g^2 ~ 0 n=1 base=1 }}
PossiblePower gMgNggNgg 0 1 0 -1 Ngg^3 ~ 1 n=2 base=2 {PossiblePower Ngg 0 0 0 1 g^2 ~ 0 n=1 base=1 }
PossiblePower gMgNggNgg 0 1 0 -1 Ngg^3 ~ 1 n=2 base=4 {PossiblePower Ngg 0 0 0 1 g^2 ~ 0 n=1 base=1 }
PossiblePower gMgNgggNg 0 1 0 0 ggNg^2 ~ 1 n=3 base=3 {PossiblePower ggNg 0 1 0 0 g^3 ~ 2 n=1 base=1 }
PossiblePower gMgNggggNgg 0 1 0 0 ggNgg^2 ~ 1 n=4 base=4 {PossiblePower ggNgg 0 0 0 -1 Ngg^2 ~ 0 n=2 base=2 {PossiblePower Ngg 0 0 0 1 g^2 ~ 0 n=1 base=1 }}
PossiblePower gMgg 0 1 -1 0 Mg^3 ~ 2 n=1 base=1 
PossiblePower gMgg 0 1 0 0 g^3 ~ 1 n=1 base=2 
PossiblePower gMggMNg 0 1 0 0 gMNg^2 ~ 1 n=2 base=2 {PossiblePower gMNg 0 0 -1 -1 MNg^2 ~ 0 n=1 base=1 }
PossiblePower gMggMNgMNgg 0 1 -1 -1 MNgMNgg^2 ~ 1 n=3 base=3 {PossiblePower MNgMNgg 0 1 0 0 MNg^3 ~ 2 n=1 base=1 }
PossiblePower gMggMNggMg 0 1 0 0 gMg^3 ~ 3 n=2 base=4 {PossiblePower gMg 0 0 -1 0 Mg^2 ~ 0 n=1 base=1 }
PossiblePower gMggMg 0 0 0 0 gMg^2 ~ 0 n=2 base=2 {PossiblePower gMg 0 0 -1 0 Mg^2 ~ 0 n=1 base=1 }
PossiblePower gMggMgMgg 0 0 -1 0 MgMgg^2 ~ 0 n=3 base=3 {PossiblePower MgMgg 0 1 0 0 Mg^3 ~ 2 n=1 base=1 }
PossiblePower gMggMggMNg 0 1 0 0 gMg^3 ~ 5 n=2 base=2 {PossiblePower gMg 0 0 -1 0 Mg^2 ~ 0 n=1 base=1 }
PossiblePower gMggMggMg 0 0 0 0 gMg^3 ~ 0 n=2 base=2 {PossiblePower gMg 0 0 -1 0 Mg^2 ~ 0 n=1 base=1 }
PossiblePower gMggMggg 0 1 0 0 gMg^3 ~ 5 n=2 base=2 {PossiblePower gMg 0 0 -1 0 Mg^2 ~ 0 n=1 base=1 }
PossiblePower gMggMggg 0 1 -1 0 Mggg^2 ~ 1 n=3 base=3 {PossiblePower Mggg 0 0 1 0 g^3 ~ 0 n=1 base=1 }
PossiblePower gMggNg 0 1 0 0 gNg^2 ~ 1 n=2 base=2 {PossiblePower gNg 0 0 0 -1 Ng^2 ~ 0 n=1 base=1 }
PossiblePower gMggNgNgg 0 1 0 -1 NgNgg^2 ~ 1 n=3 base=3 {PossiblePower NgNgg 0 1 0 0 Ng^3 ~ 2 n=1 base=1 }
PossiblePower gMggNggMg 0 1 0 0 gMg^3 ~ 3 n=2 base=4 {PossiblePower gMg 0 0 -1 0 Mg^2 ~ 0 n=1 base=1 }
PossiblePower gMggg 0 1 0 0 g^4 ~ 1 n=1 base=2 
PossiblePower gMggg 0 1 0 0 gg^2 ~ 1 n=2 base=2 {PossiblePower gg 0 0 0 0 g^2 ~ 0 n=1 base=1 }
PossiblePower gMgggMgMNg 1 1 0 0 gMgMNg^2 ~ 2 n=3 base=3 
PossiblePower gMgggMgMggg 1 0 -1 0 MgMggg^2 ~ 0 n=4 base=4 
PossiblePower gMgggMgNg 1 1 0 0 gMgNg^2 ~ 2 n=3 base=3 
PossiblePower gMgggMgg 0 0 0 0 gMgg^2 ~ 0 n=3 base=3 {PossiblePower gMgg 0 1 0 0 g^3 ~ 1 n=1 base=2 }
PossiblePower gMgggMgggg 0 1 -1 0 Mgggg^2 ~ 1 n=4 base=4 {PossiblePower Mgggg 0 0 1 0 g^4 ~ 0 n=1 base=1 }
PossiblePower gMgggMngg 0 1 0 0 gMngg^2 ~ 1 n=3 base=3 {PossiblePower gMngg 0 1 0 0 g^3 ~ 1 n=1 base=2 }
PossiblePower gMgggg 0 1 0 0 g^5 ~ 1 n=1 base=2 
PossiblePower gMggggMg 0 1 0 0 gMg^3 ~ 3 n=2 base=4 {PossiblePower gMg 0 0 -1 0 Mg^2 ~ 0 n=1 base=1 }
PossiblePower gMggggMggg 0 0 0 0 gMggg^2 ~ 0 n=4 base=4 {PossiblePower gMggg 0 1 0 0 gg^2 ~ 1 n=2 base=2 {PossiblePower gg 0 0 0 0 g^2 ~ 0 n=1 base=1 }}
PossiblePower gMggggMggggg 0 1 -1 0 Mggggg^2 ~ 1 n=5 base=5 {PossiblePower Mggggg 0 0 1 0 g^5 ~ 0 n=1 base=1 }
PossiblePower gMggggg 0 1 0 0 g^6 ~ 1 n=1 base=2 
PossiblePower gMggggg 0 1 0 0 gg^3 ~ 1 n=2 base=2 {PossiblePower gg 0 0 0 0 g^2 ~ 0 n=1 base=1 }
PossiblePower gMggggg 0 1 0 0 gg^3 ~ 1 n=2 base=4 {PossiblePower gg 0 0 0 0 g^2 ~ 0 n=1 base=1 }
PossiblePower gMggggg 0 1 0 0 ggg^2 ~ 1 n=3 base=3 {PossiblePower ggg 0 0 0 0 g^3 ~ 0 n=1 base=1 }
PossiblePower gMgggggMgggg 0 0 0 0 gMgggg^2 ~ 0 n=5 base=5 {PossiblePower gMgggg 0 1 0 0 g^5 ~ 1 n=1 base=2 }
PossiblePower gMgggngg 0 1 0 0 gngg^2 ~ 1 n=3 base=3 {PossiblePower gngg 0 1 0 0 g^3 ~ 1 n=1 base=2 }
PossiblePower gMgmGmgMgmG 1 0 1 0 mgMgmG^2 ~ 0 n=3 base=3 
PossiblePower gMgmNg 0 1 -1 0 Mg^3 ~ 2 n=1 base=1 
PossiblePower gMgmNg 0 1 1 -1 mNg^3 ~ 1 n=1 base=2 
PossiblePower gMgng 0 1 -1 0 Mg^3 ~ 2 n=1 base=1 
PossiblePower gMgng 0 1 0 1 ng^3 ~ 1 n=1 base=2 
PossiblePower gMgngMgMgg 0 1 -1 0 MgMgg^2 ~ 2 n=3 base=3 {PossiblePower MgMgg 0 1 0 0 Mg^3 ~ 2 n=1 base=1 }
PossiblePower gMngg 0 1 -1 1 Mng^3 ~ 2 n=1 base=1 
PossiblePower gMngg 0 1 0 0 g^3 ~ 1 n=1 base=2 
PossiblePower gMnggg 0 1 0 0 g^4 ~ 1 n=1 base=2 
PossiblePower gMnggg 0 1 0 0 gg^2 ~ 1 n=2 base=2 {PossiblePower gg 0 0 0 0 g^2 ~ 0 n=1 base=1 }
PossiblePower gNg 0 0 0 -1 Ng^2 ~ 0 n=1 base=1 
PossiblePower gNgMNg 0 1 0 -1 Ng^3 ~ 2 n=1 base=1 
PossiblePower gNgMNg 0 1 -1 -1 MNg^3 ~ 1 n=1 base=2 
PossiblePower gNgMNgMNg 0 1 -1 -1 MNg^4 ~ 1 n=1 base=2 
PossiblePower gNgMNgMNg 0 1 -1 -1 MNgMNg^2 ~ 1 n=2 base=2 {PossiblePower MNgMNg 0 0 0 0 MNg^2 ~ 0 n=1 base=1 }
PossiblePower gNgMNgMNgMNgNg 0 1 -1 -1 MNgNg^3 ~ 3 n=2 base=4 {PossiblePower MNgNg 0 0 1 0 Ng^2 ~ 0 n=1 base=1 }
PossiblePower gNgMNgMNgNgMNg 0 0 -1 -1 MNgNgMNg^2 ~ 0 n=3 base=3 {PossiblePower MNgNgMNg 0 1 0 0 MNg^3 ~ 1 n=1 base=2 }
PossiblePower gNgMNgMNgNgMg 1 1 -1 -1 MNgNgMg^2 ~ 2 n=3 base=3 
PossiblePower gNgMNgNg 0 0 -1 -1 MNgNg^2 ~ 0 n=2 base=2 {PossiblePower MNgNg 0 0 1 0 Ng^2 ~ 0 n=1 base=1 }
PossiblePower gNgMNgNgMNgMNg 0 1 -1 -1 MNgNg^3 ~ 5 n=2 base=2 {PossiblePower MNgNg 0 0 1 0 Ng^2 ~ 0 n=1 base=1 }
PossiblePower gNgMNgNgMNgMNg 0 1 0 -1 NgMNgMNg^2 ~ 1 n=3 base=3 {PossiblePower NgMNgMNg 0 0 -1 0 MNg^3 ~ 0 n=1 base=1 }
PossiblePower gNgMNgNgMNgNg 0 0 -1 -1 MNgNg^3 ~ 0 n=2 base=2 {PossiblePower MNgNg 0 0 1 0 Ng^2 ~ 0 n=1 base=1 }
PossiblePower gNgMNgNgNg 0 1 0 -1 Ng^5 ~ 2 n=1 base=1 
PossiblePower gNgMNgNgNgMNg 0 0 0 -1 NgNgMNg^2 ~ 0 n=3 base=3 {PossiblePower NgNgMNg 0 1 0 0 Ng^3 ~ 2 n=1 base=1 }
PossiblePower gNgMNgNgNgMg 0 1 0 -1 NgNgMg^2 ~ 2 n=3 base=3 {PossiblePower NgNgMg 0 1 0 0 Ng^3 ~ 2 n=1 base=1 }
PossiblePower gNgMNgg 0 1 -1 -1 MNgg^2 ~ 1 n=2 base=2 {PossiblePower MNgg 0 0 1 1 g^2 ~ 0 n=1 base=1 }
PossiblePower gNgMNggMNgNg 0 1 -1 -1 MNgNg^3 ~ 3 n=2 base=4 {PossiblePower MNgNg 0 0 1 0 Ng^2 ~ 0 n=1 base=1 }
PossiblePower gNgMNggMggMNgg 0 1 -1 0 MggMNgg^2 ~ 1 n=4 base=4 {PossiblePower MggMNgg 0 0 0 -1 MNgg^2 ~ 0 n=2 base=2 {PossiblePower MNgg 0 0 1 1 g^2 ~ 0 n=1 base=1 }}
PossiblePower gNgMNgggMNg 0 1 0 0 ggMNg^2 ~ 1 n=3 base=3 {PossiblePower ggMNg 0 1 0 0 g^3 ~ 2 n=1 base=1 }
PossiblePower gNgMg 0 1 0 -1 Ng^3 ~ 2 n=1 base=1 
PossiblePower gNgMg 0 1 -1 0 Mg^3 ~ 1 n=1 base=2 
PossiblePower gNgMgMNg 0 1 -1 0 MgMNg^2 ~ 1 n=2 base=2 {PossiblePower MgMNg 0 0 0 -1 MNg^2 ~ 0 n=1 base=1 }
PossiblePower gNgMgMNgMNgMg 0 1 -1 -1 MNgMNgMg^2 ~ 1 n=3 base=3 {PossiblePower MNgMNgMg 0 1 0 0 MNg^3 ~ 2 n=1 base=1 }
PossiblePower gNgMgMNgMgMNg 0 1 -1 0 MgMNg^3 ~ 1 n=2 base=2 {PossiblePower MgMNg 0 0 0 -1 MNg^2 ~ 0 n=1 base=1 }
PossiblePower gNgMgMNgMgMNg 0 1 -1 0 MgMNg^3 ~ 1 n=2 base=4 {PossiblePower MgMNg 0 0 0 -1 MNg^2 ~ 0 n=1 base=1 }
PossiblePower gNgMgMNgMgNg 0 1 -1 0 MgNg^3 ~ 3 n=2 base=4 {PossiblePower MgNg 0 0 1 -1 Ng^2 ~ 0 n=1 base=1 }
PossiblePower gNgMgMgNgMg 0 0 -1 0 MgNgMg^2 ~ 0 n=3 base=3 {PossiblePower MgNgMg 0 1 0 0 Mg^3 ~ 1 n=1 base=2 }
PossiblePower gNgMgMgNgg 1 1 -1 0 MgNgg^2 ~ 2 n=3 base=3 
PossiblePower gNgMgNg 0 0 -1 0 MgNg^2 ~ 0 n=2 base=2 {PossiblePower MgNg 0 0 1 -1 Ng^2 ~ 0 n=1 base=1 }
PossiblePower gNgMgNgMgNg 0 0 -1 0 MgNg^3 ~ 0 n=2 base=2 {PossiblePower MgNg 0 0 1 -1 Ng^2 ~ 0 n=1 base=1 }
PossiblePower gNgMgNgMgg 0 1 -1 0 MgNg^3 ~ 5 n=2 base=2 {PossiblePower MgNg 0 0 1 -1 Ng^2 ~ 0 n=1 base=1 }
PossiblePower gNgMgNgNg 0 1 0 -1 Ng^5 ~ 2 n=1 base=1 
PossiblePower gNgMgNgNgMg 0 0 0 -1 NgNgMg^2 ~ 0 n=3 base=3 {PossiblePower NgNgMg 0 1 0 0 Ng^3 ~ 2 n=1 base=1 }
PossiblePower gNgMgNgNgg 0 1 0 -1 NgNgg^2 ~ 2 n=3 base=3 {PossiblePower NgNgg 0 1 0 0 Ng^3 ~ 2 n=1 base=1 }
PossiblePower gNgMgg 0 1 -1 0 Mgg^2 ~ 1 n=2 base=2 {PossiblePower Mgg 0 0 1 0 g^2 ~ 0 n=1 base=1 }
PossiblePower gNgMgggMg 0 1 0 0 ggMg^2 ~ 1 n=3 base=3 {PossiblePower ggMg 0 1 0 0 g^3 ~ 2 n=1 base=1 }
PossiblePower gNgNg 0 0 0 -1 Ng^3 ~ 0 n=1 base=1 
PossiblePower gNgNgMNg 0 1 0 -1 Ng^4 ~ 3 n=1 base=1 
PossiblePower gNgNgMNg 0 1 0 -1 Ng^4 ~ 3 n=1 base=2 
PossiblePower gNgNgMNg 0 1 0 -1 NgMNg^2 ~ 1 n=2 base=2 {PossiblePower NgMNg 0 0 -1 0 MNg^2 ~ 0 n=1 base=1 }
PossiblePower gNgNgMNgNg 0 1 0 -1 Ng^5 ~ 3 n=1 base=1 
PossiblePower gNgNgMNgNg 0 1 0 -1 Ng^5 ~ 3 n=1 base=2 
PossiblePower gNgNgMNgNgMNg 0 1 0 -1 NgMNg^3 ~ 1 n=2 base=2 {PossiblePower NgMNg 0 0 -1 0 MNg^2 ~ 0 n=1 base=1 }
PossiblePower gNgNgMNgNgMNg 0 1 0 -1 NgMNg^3 ~ 1 n=2 base=4 {PossiblePower NgMNg 0 0 -1 0 MNg^2 ~ 0 n=1 base=1 }
PossiblePower gNgNgMNgNgMNg 0 1 -1 -1 MNgNgMNg^2 ~ 2 n=3 base=3 {PossiblePower MNgNgMNg 0 1 0 0 MNg^3 ~ 1 n=1 base=2 }
PossiblePower gNgNgMNgNgNg 0 0 -1 -1 MNgNgNg^2 ~ 0 n=3 base=3 {PossiblePower MNgNgNg 0 0 1 0 Ng^3 ~ 0 n=1 base=1 }
PossiblePower gNgNgMg 0 1 0 -1 Ng^4 ~ 3 n=1 base=1 
PossiblePower gNgNgMg 0 1 0 -1 Ng^4 ~ 3 n=1 base=2 
PossiblePower gNgNgMg 0 1 0 -1 NgMg^2 ~ 1 n=2 base=2 {PossiblePower NgMg 0 0 -1 1 Mg^2 ~ 0 n=1 base=1 }
PossiblePower gNgNgMgNg 0 1 0 -1 Ng^5 ~ 3 n=1 base=1 
PossiblePower gNgNgMgNg 0 1 0 -1 Ng^5 ~ 3 n=1 base=2 
PossiblePower gNgNgNg 0 0 0 -1 Ng^4 ~ 0 n=1 base=1 
PossiblePower gNgNgNgMNg 0 1 0 -1 Ng^5 ~ 4 n=1 base=1 
PossiblePower gNgNgNgMNg 0 1 0 -1 Ng^5 ~ 4 n=1 base=2 
PossiblePower gNgNgNgMNgNg 0 1 0 -1 Ng^6 ~ 4 n=1 base=1 
PossiblePower gNgNgNgMNgNg 0 1 0 -1 Ng^6 ~ 4 n=1 base=2 
PossiblePower gNgNgNgMNgNg 0 1 0 -1 NgNg^3 ~ 4 n=2 base=2 {PossiblePower NgNg 0 0 0 0 Ng^2 ~ 0 n=1 base=1 }
PossiblePower gNgNgNgMNgNg 0 1 -1 -1 MNgNg^3 ~ 2 n=2 base=4 {PossiblePower MNgNg 0 0 1 0 Ng^2 ~ 0 n=1 base=1 }
PossiblePower gNgNgNgMNgNg 0 1 0 -1 NgMNgNg^2 ~ 1 n=3 base=3 {PossiblePower NgMNgNg 0 1 0 0 Ng^3 ~ 1 n=1 base=2 }
PossiblePower gNgNgNgMNgNgNg 0 1 0 -1 Ng^7 ~ 4 n=1 base=1 
PossiblePower gNgNgNgMNgNgNg 0 1 0 -1 Ng^7 ~ 4 n=1 base=2 
PossiblePower gNgNgNgNg 0 0 0 -1 Ng^5 ~ 0 n=1 base=1 
PossiblePower gNgNgNgNgMNg 0 1 0 -1 Ng^6 ~ 5 n=1 base=1 
PossiblePower gNgNgNgNgMNg 0 1 0 -1 Ng^6 ~ 5 n=1 base=2 
PossiblePower gNgNgNgNgMNg 0 1 0 -1 NgNg^3 ~ 5 n=2 base=2 {PossiblePower NgNg 0 0 0 0 Ng^2 ~ 0 n=1 base=1 }
PossiblePower gNgNgNgNgMNg 0 1 0 -1 NgNgMNg^2 ~ 2 n=3 base=3 {PossiblePower NgNgMNg 0 1 0 0 Ng^3 ~ 2 n=1 base=1 }
PossiblePower gNgNgNgNgg 0 1 0 -1 Ng^6 ~ 5 n=1 base=1 
PossiblePower gNgNgNgNgg 0 1 0 -1 Ng^6 ~ 5 n=1 base=2 
PossiblePower gNgNgNgNgg 0 1 0 -1 NgNg^3 ~ 5 n=2 base=2 {PossiblePower NgNg 0 0 0 0 Ng^2 ~ 0 n=1 base=1 }
PossiblePower gNgNgNgNgg 0 1 0 -1 NgNgg^2 ~ 2 n=3 base=3 {PossiblePower NgNgg 0 1 0 0 Ng^3 ~ 2 n=1 base=1 }
PossiblePower gNgNgNgg 0 1 0 -1 Ng^5 ~ 4 n=1 base=1 
PossiblePower gNgNgNgg 0 1 0 -1 Ng^5 ~ 4 n=1 base=2 
PossiblePower gNgNgNgmNg 0 1 0 -1 Ng^5 ~ 4 n=1 base=1 
PossiblePower gNgNgNgmNg 0 1 0 -1 Ng^5 ~ 4 n=1 base=2 
PossiblePower gNgNgNgmNgNg 0 1 0 -1 Ng^6 ~ 4 n=1 base=1 
PossiblePower gNgNgNgmNgNg 0 1 0 -1 Ng^6 ~ 4 n=1 base=2 
PossiblePower gNgNgNgmNgNg 0 1 0 -1 NgNg^3 ~ 4 n=2 base=2 {PossiblePower NgNg 0 0 0 0 Ng^2 ~ 0 n=1 base=1 }
PossiblePower gNgNgNgmNgNg 0 1 1 -1 mNgNg^3 ~ 2 n=2 base=4 {PossiblePower mNgNg 0 0 -1 0 Ng^2 ~ 0 n=1 base=1 }
PossiblePower gNgNgNgmNgNg 0 1 0 -1 NgmNgNg^2 ~ 1 n=3 base=3 {PossiblePower NgmNgNg 0 1 0 0 Ng^3 ~ 1 n=1 base=2 }
PossiblePower gNgNgg 0 1 0 -1 Ng^4 ~ 3 n=1 base=1 
PossiblePower gNgNgg 0 1 0 -1 Ng^4 ~ 3 n=1 base=2 
PossiblePower gNgNgg 0 1 0 -1 Ngg^2 ~ 1 n=2 base=2 {PossiblePower Ngg 0 0 0 1 g^2 ~ 0 n=1 base=1 }
PossiblePower gNgNggMNggNgg 0 1 -1 -1 MNggNgg^2 ~ 1 n=4 base=4 {PossiblePower MNggNgg 0 0 1 0 Ngg^2 ~ 0 n=2 base=2 {PossiblePower Ngg 0 0 0 1 g^2 ~ 0 n=1 base=1 }}
PossiblePower gNgNggNg 0 1 0 -1 Ng^5 ~ 3 n=1 base=1 
PossiblePower gNgNggNg 0 1 0 -1 Ng^5 ~ 3 n=1 base=2 
PossiblePower gNgNgmNg 0 1 0 -1 Ng^4 ~ 3 n=1 base=1 
PossiblePower gNgNgmNg 0 1 0 -1 Ng^4 ~ 3 n=1 base=2 
PossiblePower gNgNgmNg 0 1 0 -1 NgmNg^2 ~ 1 n=2 base=2 {PossiblePower NgmNg 0 0 1 0 mNg^2 ~ 0 n=1 base=1 }
PossiblePower gNgNgmNgNg 0 1 0 -1 Ng^5 ~ 3 n=1 base=1 
PossiblePower gNgNgmNgNg 0 1 0 -1 Ng^5 ~ 3 n=1 base=2 
PossiblePower gNgNgmNgNgNg 0 0 1 -1 mNgNgNg^2 ~ 0 n=3 base=3 {PossiblePower mNgNgNg 0 0 -1 0 Ng^3 ~ 0 n=1 base=1 }
PossiblePower gNgNgmNgNgmNg 0 1 0 -1 NgmNg^3 ~ 1 n=2 base=2 {PossiblePower NgmNg 0 0 1 0 mNg^2 ~ 0 n=1 base=1 }
PossiblePower gNgNgmNgNgmNg 0 1 0 -1 NgmNg^3 ~ 1 n=2 base=4 {PossiblePower NgmNg 0 0 1 0 mNg^2 ~ 0 n=1 base=1 }
PossiblePower gNgNgmNgNgmNg 0 1 1 -1 mNgNgmNg^2 ~ 2 n=3 base=3 {PossiblePower mNgNgmNg 0 1 0 0 mNg^3 ~ 1 n=1 base=2 }
PossiblePower gNgg 0 1 0 -1 Ng^3 ~ 2 n=1 base=1 
PossiblePower gNgg 0 1 0 0 g^3 ~ 1 n=1 base=2 
PossiblePower gNggMNg 0 1 0 0 gMNg^2 ~ 1 n=2 base=2 {PossiblePower gMNg 0 0 -1 -1 MNg^2 ~ 0 n=1 base=1 }
PossiblePower gNggMNgMNgg 0 1 -1 -1 MNgMNgg^2 ~ 1 n=3 base=3 {PossiblePower MNgMNgg 0 1 0 0 MNg^3 ~ 2 n=1 base=1 }
PossiblePower gNggMNggMNg 0 1 0 0 gMNg^3 ~ 1 n=2 base=2 {PossiblePower gMNg 0 0 -1 -1 MNg^2 ~ 0 n=1 base=1 }
PossiblePower gNggMNggMNg 0 1 0 0 gMNg^3 ~ 1 n=2 base=4 {PossiblePower gMNg 0 0 -1 -1 MNg^2 ~ 0 n=1 base=1 }
PossiblePower gNggMNggNg 0 1 0 0 gNg^3 ~ 3 n=2 base=4 {PossiblePower gNg 0 0 0 -1 Ng^2 ~ 0 n=1 base=1 }
PossiblePower gNggMNggNggMNg 0 0 0 0 gNggMNg^2 ~ 0 n=4 base=4 {PossiblePower gNggMNg 0 1 0 0 gMNg^2 ~ 1 n=2 base=2 {PossiblePower gMNg 0 0 -1 -1 MNg^2 ~ 0 n=1 base=1 }}
PossiblePower gNggMg 0 1 0 0 gMg^2 ~ 1 n=2 base=2 {PossiblePower gMg 0 0 -1 0 Mg^2 ~ 0 n=1 base=1 }
PossiblePower gNggMgMgg 0 1 -1 0 MgMgg^2 ~ 1 n=3 base=3 {PossiblePower MgMgg 0 1 0 0 Mg^3 ~ 2 n=1 base=1 }
PossiblePower gNggMggNg 0 1 0 0 gNg^3 ~ 3 n=2 base=4 {PossiblePower gNg 0 0 0 -1 Ng^2 ~ 0 n=1 base=1 }
PossiblePower gNggNg 0 0 0 0 gNg^2 ~ 0 n=2 base=2 {PossiblePower gNg 0 0 0 -1 Ng^2 ~ 0 n=1 base=1 }
PossiblePower gNggNgMgNg 0 1 0 0 gNg^3 ~ 4 n=2 base=2 {PossiblePower gNg 0 0 0 -1 Ng^2 ~ 0 n=1 base=1 }
PossiblePower gNggNgMgNg 0 1 -1 0 MgNg^3 ~ 2 n=2 base=4 {PossiblePower MgNg 0 0 1 -1 Ng^2 ~ 0 n=1 base=1 }
PossiblePower gNggNgNgg 0 0 0 -1 NgNgg^2 ~ 0 n=3 base=3 {PossiblePower NgNgg 0 1 0 0 Ng^3 ~ 2 n=1 base=1 }
PossiblePower gNggNggMNg 0 1 0 0 gNg^3 ~ 5 n=2 base=2 {PossiblePower gNg 0 0 0 -1 Ng^2 ~ 0 n=1 base=1 }
PossiblePower gNggNggNg 0 0 0 0 gNg^3 ~ 0 n=2 base=2 {PossiblePower gNg 0 0 0 -1 Ng^2 ~ 0 n=1 base=1 }
PossiblePower gNggNggmNg 0 1 0 0 gNg^3 ~ 5 n=2 base=2 {PossiblePower gNg 0 0 0 -1 Ng^2 ~ 0 n=1 base=1 }
PossiblePower gNggNgmgNggNg 0 0 1 0 mgNggNg^2 ~ 0 n=4 base=4 {PossiblePower mgNggNg 0 0 -1 0 gNg^2 ~ 0 n=2 base=2 {PossiblePower gNg 0 0 0 -1 Ng^2 ~ 0 n=1 base=1 }}
PossiblePower gNggg 0 1 0 0 g^4 ~ 1 n=1 base=2 
PossiblePower gNggg 0 1 0 0 gg^2 ~ 1 n=2 base=2 {PossiblePower gg 0 0 0 0 g^2 ~ 0 n=1 base=1 }
PossiblePower gNgggMgg 0 1 0 0 gMgg^2 ~ 1 n=3 base=3 {PossiblePower gMgg 0 1 0 0 g^3 ~ 1 n=1 base=2 }
PossiblePower gNgggNgMg 1 1 0 0 gNgMg^2 ~ 2 n=3 base=3 
PossiblePower gNgggNgNggg 1 0 0 -1 NgNggg^2 ~ 0 n=4 base=4 
PossiblePower gNgggNgg 0 0 0 0 gNgg^2 ~ 0 n=3 base=3 {PossiblePower gNgg 0 1 0 0 g^3 ~ 1 n=1 base=2 }
PossiblePower gNgggNgggg 0 1 0 -1 Ngggg^2 ~ 1 n=4 base=4 {PossiblePower Ngggg 0 0 0 1 g^4 ~ 0 n=1 base=1 }
PossiblePower gNgggNgmNg 1 1 0 0 gNgmNg^2 ~ 2 n=3 base=3 
PossiblePower gNgggg 0 1 0 0 g^5 ~ 1 n=1 base=2 
PossiblePower gNggggNg 0 1 0 0 gNg^3 ~ 3 n=2 base=4 {PossiblePower gNg 0 0 0 -1 Ng^2 ~ 0 n=1 base=1 }
PossiblePower gNggggNggg 0 0 0 0 gNggg^2 ~ 0 n=4 base=4 {PossiblePower gNggg 0 1 0 0 gg^2 ~ 1 n=2 base=2 {PossiblePower gg 0 0 0 0 g^2 ~ 0 n=1 base=1 }}
PossiblePower gNgggmNgg 0 1 0 0 gmNgg^2 ~ 1 n=3 base=3 {PossiblePower gmNgg 0 1 0 0 g^3 ~ 1 n=1 base=2 }
PossiblePower gNgggmgg 0 1 0 0 gmgg^2 ~ 1 n=3 base=3 {PossiblePower gmgg 0 1 0 0 g^3 ~ 1 n=1 base=2 }
PossiblePower gNggmNg 0 1 0 0 gmNg^2 ~ 1 n=2 base=2 {PossiblePower gmNg 0 0 1 -1 mNg^2 ~ 0 n=1 base=1 }
PossiblePower gNggmNggNg 0 1 0 0 gNg^3 ~ 3 n=2 base=4 {PossiblePower gNg 0 0 0 -1 Ng^2 ~ 0 n=1 base=1 }
PossiblePower gNggmNggmNg 0 1 0 0 gmNg^3 ~ 1 n=2 base=2 {PossiblePower gmNg 0 0 1 -1 mNg^2 ~ 0 n=1 base=1 }
PossiblePower gNggmNggmNg 0 1 0 0 gmNg^3 ~ 1 n=2 base=4 {PossiblePower gmNg 0 0 1 -1 mNg^2 ~ 0 n=1 base=1 }
PossiblePower gNggmNgmNgg 0 1 1 -1 mNgmNgg^2 ~ 1 n=3 base=3 {PossiblePower mNgmNgg 0 1 0 0 mNg^3 ~ 2 n=1 base=1 }
PossiblePower gNggmg 0 1 0 0 gmg^2 ~ 1 n=2 base=2 {PossiblePower gmg 0 0 1 0 mg^2 ~ 0 n=1 base=1 }
PossiblePower gNgmGmgNgmG 1 0 1 0 mgNgmG^2 ~ 0 n=3 base=3 
PossiblePower gNgmNg 0 1 0 -1 Ng^3 ~ 2 n=1 base=1 
PossiblePower gNgmNg 0 1 1 -1 mNg^3 ~ 1 n=1 base=2 
PossiblePower gNgmNgNg 0 0 1 -1 mNgNg^2 ~ 0 n=2 base=2 {PossiblePower mNgNg 0 0 -1 0 Ng^2 ~ 0 n=1 base=1 }
PossiblePower gNgmNgNgNgg 0 1 0 -1 NgNgg^2 ~ 2 n=3 base=3 {PossiblePower NgNgg 0 1 0 0 Ng^3 ~ 2 n=1 base=1 }
PossiblePower gNgmNgNgmNgNg 0 0 1 -1 mNgNg^3 ~ 0 n=2 base=2 {PossiblePower mNgNg 0 0 -1 0 Ng^2 ~ 0 n=1 base=1 }
PossiblePower gg 0 0 0 0 g^2 ~ 0 n=1 base=1 
PossiblePower ggMGMgMgMG 1 1 -1 0 MgMgMG^2 ~ 1 n=3 base=3 
PossiblePower ggMMNggMMNgg 0 0 -2 -1 MMNgg^3 ~ 0 n=2 base=2 {PossiblePower MMNgg 0 0 2 1 g^2 ~ 0 n=1 base=1 }
PossiblePower ggMNNgg 0 0 -1 -2 MNNgg^2 ~ 0 n=2 base=2 {PossiblePower MNNgg 0 0 1 2 g^2 ~ 0 n=1 base=1 }
PossiblePower ggMNgMNggMg 1 1 -1 -1 MNggMg^2 ~ 2 n=3 base=3 
PossiblePower ggMNgMNggNg 1 1 -1 -1 MNggNg^2 ~ 2 n=3 base=3 
PossiblePower ggMNgMgMNgg 0 1 -1 -1 MNgg^3 ~ 3 n=2 base=4 {PossiblePower MNgg 0 0 1 1 g^2 ~ 0 n=1 base=1 }
PossiblePower ggMNgNgMNgg 0 1 -1 -1 MNgg^3 ~ 3 n=2 base=4 {PossiblePower MNgg 0 0 1 1 g^2 ~ 0 n=1 base=1 }
PossiblePower ggMNgg 0 0 -1 -1 MNgg^2 ~ 0 n=2 base=2 {PossiblePower MNgg 0 0 1 1 g^2 ~ 0 n=1 base=1 }
PossiblePower ggMNggMMNgg 0 1 -1 -1 MNgg^3 ~ 4 n=2 base=2 {PossiblePower MNgg 0 0 1 1 g^2 ~ 0 n=1 base=1 }
PossiblePower ggMNggMMNgg 0 1 -2 -1 MMNgg^3 ~ 2 n=2 base=4 {PossiblePower MMNgg 0 0 2 1 g^2 ~ 0 n=1 base=1 }
PossiblePower ggMNggMMNggMNgg 0 0 -2 -1 MMNggMNgg^2 ~ 0 n=4 base=4 {PossiblePower MMNggMNgg 0 0 1 0 MNgg^2 ~ 0 n=2 base=2 {PossiblePower MNgg 0 0 1 1 g^2 ~ 0 n=1 base=1 }}
PossiblePower ggMNggMNgg 0 0 -1 -1 MNgg^3 ~ 0 n=2 base=2 {PossiblePower MNgg 0 0 1 1 g^2 ~ 0 n=1 base=1 }
PossiblePower ggMNggMNggNgg 0 1 -1 -1 MNgg^4 ~ 6 n=2 base=2 {PossiblePower MNgg 0 0 1 1 g^2 ~ 0 n=1 base=1 }
PossiblePower ggMNggMNggNgg 0 1 -1 -1 MNgg^4 ~ 6 n=2 base=4 {PossiblePower MNgg 0 0 1 1 g^2 ~ 0 n=1 base=1 }
PossiblePower ggMNggMNggNgg 0 1 -1 -1 MNggNgg^2 ~ 2 n=4 base=4 {PossiblePower MNggNgg 0 0 1 0 Ngg^2 ~ 0 n=2 base=2 {PossiblePower Ngg 0 0 0 1 g^2 ~ 0 n=1 base=1 }}
PossiblePower ggMNggMgg 0 1 -1 -1 MNgg^3 ~ 4 n=2 base=2 {PossiblePower MNgg 0 0 1 1 g^2 ~ 0 n=1 base=1 }
PossiblePower ggMNggMgg 0 1 -1 0 Mgg^3 ~ 2 n=2 base=4 {PossiblePower Mgg 0 0 1 0 g^2 ~ 0 n=1 base=1 }
PossiblePower ggMNggMggMNgg 0 0 -1 0 MggMNgg^2 ~ 0 n=4 base=4 {PossiblePower MggMNgg 0 0 0 -1 MNgg^2 ~ 0 n=2 base=2 {PossiblePower MNgg 0 0 1 1 g^2 ~ 0 n=1 base=1 }}
PossiblePower ggMNggNgg 0 1 -1 -1 MNgg^3 ~ 4 n=2 base=2 {PossiblePower MNgg 0 0 1 1 g^2 ~ 0 n=1 base=1 }
PossiblePower ggMNggNgg 0 1 0 -1 Ngg^3 ~ 2 n=2 base=4 {PossiblePower Ngg 0 0 0 1 g^2 ~ 0 n=1 base=1 }
PossiblePower ggMNggNggMNgg 0 0 0 -1 NggMNgg^2 ~ 0 n=4 base=4 {PossiblePower NggMNgg 0 0 -1 0 MNgg^2 ~ 0 n=2 base=2 {PossiblePower MNgg 0 0 1 1 g^2 ~ 0 n=1 base=1 }}
PossiblePower ggMNggg 0 1 0 0 g^5 ~ 2 n=1 base=1 
PossiblePower ggMNgggMg 0 1 0 0 ggMg^2 ~ 2 n=3 base=3 {PossiblePower ggMg 0 1 0 0 g^3 ~ 2 n=1 base=1 }
PossiblePower ggMNgmgMNgg 0 1 -1 -1 MNgg^3 ~ 3 n=2 base=4 {PossiblePower MNgg 0 0 1 1 g^2 ~ 0 n=1 base=1 }
PossiblePower ggMgMgMgg 0 1 -1 0 Mgg^3 ~ 3 n=2 base=4 {PossiblePower Mgg 0 0 1 0 g^2 ~ 0 n=1 base=1 }
PossiblePower ggMgMgMggMgMg 0 0 -1 0 MggMgMg^2 ~ 0 n=4 base=4 {PossiblePower MggMgMg 0 1 0 0 MgMg^2 ~ 1 n=2 base=2 {PossiblePower MgMg 0 0 0 0 Mg^2 ~ 0 n=1 base=1 }}
PossiblePower ggMgMgMngMg 0 1 -1 0 MgMngMg^2 ~ 1 n=3 base=3 {PossiblePower MgMngMg 0 1 0 0 Mg^3 ~ 1 n=1 base=2 }
PossiblePower ggMgMggMNg 1 1 -1 0 MggMNg^2 ~ 2 n=3 base=3 
PossiblePower ggMgMggNg 1 1 -1 0 MggNg^2 ~ 2 n=3 base=3 
PossiblePower ggMgMgngMg 0 1 -1 0 MgngMg^2 ~ 1 n=3 base=3 {PossiblePower MgngMg 0 1 0 0 Mg^3 ~ 1 n=1 base=2 }
PossiblePower ggMgMngMgg 0 1 -1 0 Mgg^3 ~ 3 n=2 base=4 {PossiblePower Mgg 0 0 1 0 g^2 ~ 0 n=1 base=1 }
PossiblePower ggMgNg 0 1 -1 0 MgNg^2 ~ 1 n=2 base=2 {PossiblePower MgNg 0 0 1 -1 Ng^2 ~ 0 n=1 base=1 }
PossiblePower ggMgNgMgg 0 1 -1 0 Mgg^3 ~ 3 n=2 base=4 {PossiblePower Mgg 0 0 1 0 g^2 ~ 0 n=1 base=1 }
PossiblePower ggMgNgNgMg 0 1 0 -1 NgNgMg^2 ~ 1 n=3 base=3 {PossiblePower NgNgMg 0 1 0 0 Ng^3 ~ 2 n=1 base=1 }
PossiblePower ggMgg 0 0 -1 0 Mgg^2 ~ 0 n=2 base=2 {PossiblePower Mgg 0 0 1 0 g^2 ~ 0 n=1 base=1 }
PossiblePower ggMggMMggMgg 0 0 -2 0 MMggMgg^2 ~ 0 n=4 base=4 {PossiblePower MMggMgg 0 0 1 0 Mgg^2 ~ 0 n=2 base=2 {PossiblePower Mgg 0 0 1 0 g^2 ~ 0 n=1 base=1 }}
PossiblePower ggMggMNgg 0 1 -1 0 Mgg^3 ~ 4 n=2 base=2 {PossiblePower Mgg 0 0 1 0 g^2 ~ 0 n=1 base=1 }
PossiblePower ggMggMNgg 0 1 -1 -1 MNgg^3 ~ 2 n=2 base=4 {PossiblePower MNgg 0 0 1 1 g^2 ~ 0 n=1 base=1 }
PossiblePower ggMggMNggMgg 0 0 -1 -1 MNggMgg^2 ~ 0 n=4 base=4 {PossiblePower MNggMgg 0 0 0 1 Mgg^2 ~ 0 n=2 base=2 {PossiblePower Mgg 0 0 1 0 g^2 ~ 0 n=1 base=1 }}
PossiblePower ggMggMgMg 0 1 -1 0 Mgg^3 ~ 5 n=2 base=2 {PossiblePower Mgg 0 0 1 0 g^2 ~ 0 n=1 base=1 }
PossiblePower ggMggMgMg 0 1 0 0 gMgMg^2 ~ 1 n=3 base=3 {PossiblePower gMgMg 0 0 -1 0 Mg^3 ~ 0 n=1 base=1 }
PossiblePower ggMggMgg 0 0 -1 0 Mgg^3 ~ 0 n=2 base=2 {PossiblePower Mgg 0 0 1 0 g^2 ~ 0 n=1 base=1 }
PossiblePower ggMggg 0 1 0 0 g^5 ~ 2 n=1 base=1 
PossiblePower ggMgggMNg 0 1 0 0 ggMNg^2 ~ 2 n=3 base=3 {PossiblePower ggMNg 0 1 0 0 g^3 ~ 2 n=1 base=1 }
PossiblePower ggMgggg 0 1 0 0 g^6 ~ 2 n=1 base=1 
PossiblePower ggMgggg 0 1 -1 0 Mgg^3 ~ 4 n=2 base=2 {PossiblePower Mgg 0 0 1 0 g^2 ~ 0 n=1 base=1 }
PossiblePower ggMgggg 0 1 0 0 gg^3 ~ 2 n=2 base=4 {PossiblePower gg 0 0 0 0 g^2 ~ 0 n=1 base=1 }
PossiblePower ggMgggg 0 1 0 0 ggg^2 ~ 2 n=3 base=3 {PossiblePower ggg 0 0 0 0 g^3 ~ 0 n=1 base=1 }
PossiblePower ggMggnggMgg 0 0 0 1 nggMgg^2 ~ 0 n=4 base=4 {PossiblePower nggMgg 0 0 -1 -1 Mgg^2 ~ 0 n=2 base=2 {PossiblePower Mgg 0 0 1 0 g^2 ~ 0 n=1 base=1 }}
PossiblePower ggMgngMgg 0 1 -1 0 Mgg^3 ~ 3 n=2 base=4 {PossiblePower Mgg 0 0 1 0 g^2 ~ 0 n=1 base=1 }
PossiblePower ggMngg 0 0 -1 1 Mngg^2 ~ 0 n=2 base=2 {PossiblePower Mngg 0 0 1 -1 g^2 ~ 0 n=1 base=1 }
PossiblePower ggMnggg 0 1 0 0 g^5 ~ 2 n=1 base=1 
PossiblePower ggMngggMg 0 1 0 0 ggMg^2 ~ 2 n=3 base=3 {PossiblePower ggMg 0 1 0 0 g^3 ~ 2 n=1 base=1 }
PossiblePower ggMnggngg 0 1 -1 1 Mngg^3 ~ 4 n=2 base=2 {PossiblePower Mngg 0 0 1 -1 g^2 ~ 0 n=1 base=1 }
PossiblePower ggMnggngg 0 1 0 1 ngg^3 ~ 2 n=2 base=4 {PossiblePower ngg 0 0 0 -1 g^2 ~ 0 n=1 base=1 }
PossiblePower ggNgMg 0 1 0 -1 NgMg^2 ~ 1 n=2 base=2 {PossiblePower NgMg 0 0 -1 1 Mg^2 ~ 0 n=1 base=1 }
PossiblePower ggNgMgMgNg 0 1 -1 0 MgMgNg^2 ~ 1 n=3 base=3 {PossiblePower MgMgNg 0 1 0 0 Mg^3 ~ 2 n=1 base=1 }
PossiblePower ggNgMgNgMg 0 1 0 -1 NgMg^3 ~ 1 n=2 base=2 {PossiblePower NgMg 0 0 -1 1 Mg^2 ~ 0 n=1 base=1 }
PossiblePower ggNgMgNgMg 0 1 0 -1 NgMg^3 ~ 1 n=2 base=4 {PossiblePower NgMg 0 0 -1 1 Mg^2 ~ 0 n=1 base=1 }
PossiblePower ggNgMgNgg 0 1 0 -1 Ngg^3 ~ 3 n=2 base=4 {PossiblePower Ngg 0 0 0 1 g^2 ~ 0 n=1 base=1 }
PossiblePower ggNgNgNgg 0 1 0 -1 Ngg^3 ~ 3 n=2 base=4 {PossiblePower Ngg 0 0 0 1 g^2 ~ 0 n=1 base=1 }
PossiblePower ggNgNggMg 1 1 0 -1 NggMg^2 ~ 2 n=3 base=3 
PossiblePower ggNgg 0 0 0 -1 Ngg^2 ~ 0 n=2 base=2 {PossiblePower Ngg 0 0 0 1 g^2 ~ 0 n=1 base=1 }
PossiblePower ggNggMNgg 0 1 0 -1 Ngg^3 ~ 4 n=2 base=2 {PossiblePower Ngg 0 0 0 1 g^2 ~ 0 n=1 base=1 }
PossiblePower ggNggMNgg 0 1 -1 -1 MNgg^3 ~ 2 n=2 base=4 {PossiblePower MNgg 0 0 1 1 g^2 ~ 0 n=1 base=1 }
PossiblePower ggNggMNggNgg 0 0 -1 -1 MNggNgg^2 ~ 0 n=4 base=4 {PossiblePower MNggNgg 0 0 1 0 Ngg^2 ~ 0 n=2 base=2 {PossiblePower Ngg 0 0 0 1 g^2 ~ 0 n=1 base=1 }}
PossiblePower ggNggNgMg 0 1 0 -1 Ngg^3 ~ 5 n=2 base=2 {PossiblePower Ngg 0 0 0 1 g^2 ~ 0 n=1 base=1 }
PossiblePower ggNggNgg 0 0 0 -1 Ngg^3 ~ 0 n=2 base=2 {PossiblePower Ngg 0 0 0 1 g^2 ~ 0 n=1 base=1 }
PossiblePower ggNggNggMNgg 0 1 0 -1 Ngg^4 ~ 6 n=2 base=2 {PossiblePower Ngg 0 0 0 1 g^2 ~ 0 n=1 base=1 }
PossiblePower ggNggNggMNgg 0 1 0 -1 Ngg^4 ~ 6 n=2 base=4 {PossiblePower Ngg 0 0 0 1 g^2 ~ 0 n=1 base=1 }
PossiblePower ggNggNggMNgg 0 1 0 -1 NggMNgg^2 ~ 2 n=4 base=4 {PossiblePower NggMNgg 0 0 -1 0 MNgg^2 ~ 0 n=2 base=2 {PossiblePower MNgg 0 0 1 1 g^2 ~ 0 n=1 base=1 }}
PossiblePower ggNggg 0 1 0 0 g^5 ~ 2 n=1 base=1 
PossiblePower ggNggmNgg 0 1 0 -1 Ngg^3 ~ 4 n=2 base=2 {PossiblePower Ngg 0 0 0 1 g^2 ~ 0 n=1 base=1 }
PossiblePower ggNggmNgg 0 1 1 -1 mNgg^3 ~ 2 n=2 base=4 {PossiblePower mNgg 0 0 -1 1 g^2 ~ 0 n=1 base=1 }
PossiblePower ggNggmNggNgMg 1 1 1 -1 mNggNgMg^2 ~ 3 n=4 base=4 
PossiblePower ggNggmNggNgg 0 0 1 -1 mNggNgg^2 ~ 0 n=4 base=4 {PossiblePower mNggNgg 0 0 -1 0 Ngg^2 ~ 0 n=2 base=2 {PossiblePower Ngg 0 0 0 1 g^2 ~ 0 n=1 base=1 }}
PossiblePower ggNgmNgNgg 0 1 0 -1 Ngg^3 ~ 3 n=2 base=4 {PossiblePower Ngg 0 0 0 1 g^2 ~ 0 n=1 base=1 }
PossiblePower ggNgmg 0 1 0 -1 Ngmg^2 ~ 1 n=2 base=2 {PossiblePower Ngmg 0 0 1 1 mg^2 ~ 0 n=1 base=1 }
PossiblePower ggNgmgNgg 0 1 0 -1 Ngg^3 ~ 3 n=2 base=4 {PossiblePower Ngg 0 0 0 1 g^2 ~ 0 n=1 base=1 }
PossiblePower gggMNggg 0 0 -1 -1 MNggg^2 ~ 0 n=3 base=3 {PossiblePower MNggg 0 0 1 1 g^3 ~ 0 n=1 base=1 }
PossiblePower gggMggg 0 0 -1 0 Mggg^2 ~ 0 n=3 base=3 {PossiblePower Mggg 0 0 1 0 g^3 ~ 0 n=1 base=1 }
PossiblePower gggMgggg 0 1 0 0 g^7 ~ 3 n=1 base=1 
PossiblePower gggMgggg 0 1 0 0 g^7 ~ 3 n=1 base=2 
PossiblePower gggMggggMg 0 0 0 0 gggMg^2 ~ 0 n=4 base=4 {PossiblePower gggMg 0 1 0 0 gMg^2 ~ 1 n=2 base=2 {PossiblePower gMg 0 0 -1 0 Mg^2 ~ 0 n=1 base=1 }}
PossiblePower gggMngg 0 1 0 0 g^5 ~ 3 n=1 base=1 
PossiblePower gggMngg 0 1 0 0 g^5 ~ 3 n=1 base=2 
PossiblePower gggMnggg 0 0 -1 1 Mnggg^2 ~ 0 n=3 base=3 {PossiblePower Mnggg 0 0 1 -1 g^3 ~ 0 n=1 base=1 }
PossiblePower gggNgg 0 1 0 0 g^5 ~ 3 n=1 base=1 
PossiblePower gggNgg 0 1 0 0 g^5 ~ 3 n=1 base=2 
PossiblePower gggNggg 0 0 0 -1 Nggg^2 ~ 0 n=3 base=3 {PossiblePower Nggg 0 0 0 1 g^3 ~ 0 n=1 base=1 }
PossiblePower gggNgggg 0 1 0 0 g^7 ~ 3 n=1 base=1 
PossiblePower gggNgggg 0 1 0 0 g^7 ~ 3 n=1 base=2 
PossiblePower gggg 0 0 0 0 g^4 ~ 0 n=1 base=1 
PossiblePower ggggMggg 0 1 0 0 g^7 ~ 4 n=1 base=1 
PossiblePower ggggMggg 0 1 0 0 g^7 ~ 4 n=1 base=2 
PossiblePower ggggMgggg 0 0 -1 0 Mgggg^2 ~ 0 n=4 base=4 {PossiblePower Mgggg 0 0 1 0 g^4 ~ 0 n=1 base=1 }
PossiblePower ggggMggggg 0 1 0 0 g^9 ~ 4 n=1 base=1 
PossiblePower ggggMggggg 0 1 0 0 g^9 ~ 4 n=1 base=2 
PossiblePower ggggMggggg 0 1 0 0 ggg^3 ~ 4 n=3 base=6 {PossiblePower ggg 0 0 0 0 g^3 ~ 0 n=1 base=1 }
PossiblePower ggggMngggg 0 0 -1 1 Mngggg^2 ~ 0 n=4 base=4 {PossiblePower Mngggg 0 0 1 -1 g^4 ~ 0 n=1 base=1 }
PossiblePower ggggNggg 0 1 0 0 g^7 ~ 4 n=1 base=1 
PossiblePower ggggNggg 0 1 0 0 g^7 ~ 4 n=1 base=2 
PossiblePower ggggNgggg 0 0 0 -1 Ngggg^2 ~ 0 n=4 base=4 {PossiblePower Ngggg 0 0 0 1 g^4 ~ 0 n=1 base=1 }
PossiblePower ggggg 0 0 0 0 g^5 ~ 0 n=1 base=1 
PossiblePower gggggMg 0 1 0 0 g^6 ~ 5 n=1 base=1 
PossiblePower gggggMg 0 1 0 0 g^6 ~ 5 n=1 base=2 
PossiblePower gggggMg 0 1 0 0 gg^3 ~ 5 n=2 base=2 {PossiblePower gg 0 0 0 0 g^2 ~ 0 n=1 base=1 }
PossiblePower gggggMg 0 1 0 0 ggMg^2 ~ 2 n=3 base=3 {PossiblePower ggMg 0 1 0 0 g^3 ~ 2 n=1 base=1 }
PossiblePower gggggMgg 0 1 0 0 g^7 ~ 5 n=1 base=1 
PossiblePower gggggMgg 0 1 0 0 g^7 ~ 5 n=1 base=2 
PossiblePower gggggMgggg 0 1 0 0 g^9 ~ 5 n=1 base=1 
PossiblePower gggggMgggg 0 1 0 0 g^9 ~ 5 n=1 base=2 
PossiblePower gggggMgggg 0 1 0 0 ggg^3 ~ 5 n=3 base=6 {PossiblePower ggg 0 0 0 0 g^3 ~ 0 n=1 base=1 }
PossiblePower gggggMggggg 0 0 -1 0 Mggggg^2 ~ 0 n=5 base=5 {PossiblePower Mggggg 0 0 1 0 g^5 ~ 0 n=1 base=1 }
PossiblePower gggggNg 0 1 0 0 g^6 ~ 5 n=1 base=1 
PossiblePower gggggNg 0 1 0 0 g^6 ~ 5 n=1 base=2 
PossiblePower gggggNg 0 1 0 0 gg^3 ~ 5 n=2 base=2 {PossiblePower gg 0 0 0 0 g^2 ~ 0 n=1 base=1 }
PossiblePower gggggNg 0 1 0 0 ggNg^2 ~ 2 n=3 base=3 {PossiblePower ggNg 0 1 0 0 g^3 ~ 2 n=1 base=1 }
PossiblePower gggggg 0 0 0 0 g^6 ~ 0 n=1 base=1 
PossiblePower ggggmNggg 0 1 0 0 g^7 ~ 4 n=1 base=1 
PossiblePower ggggmNggg 0 1 0 0 g^7 ~ 4 n=1 base=2 
PossiblePower ggggmNgggg 0 0 1 -1 mNgggg^2 ~ 0 n=4 base=4 {PossiblePower mNgggg 0 0 -1 1 g^4 ~ 0 n=1 base=1 }
PossiblePower ggggmgg 0 1 0 0 g^6 ~ 4 n=1 base=1 
PossiblePower ggggmgg 0 1 0 0 g^6 ~ 4 n=1 base=2 
PossiblePower ggggmgg 0 1 0 0 gg^3 ~ 4 n=2 base=2 {PossiblePower gg 0 0 0 0 g^2 ~ 0 n=1 base=1 }
PossiblePower ggggmgg 0 1 1 0 mgg^3 ~ 2 n=2 base=4 {PossiblePower mgg 0 0 -1 0 g^2 ~ 0 n=1 base=1 }
PossiblePower ggggmgg 0 1 0 0 gmgg^2 ~ 1 n=3 base=3 {PossiblePower gmgg 0 1 0 0 g^3 ~ 1 n=1 base=2 }
PossiblePower ggggmgggg 0 0 1 0 mgggg^2 ~ 0 n=4 base=4 {PossiblePower mgggg 0 0 -1 0 g^4 ~ 0 n=1 base=1 }
PossiblePower ggggmggggg 0 1 0 0 g^9 ~ 4 n=1 base=1 
PossiblePower ggggmggggg 0 1 0 0 g^9 ~ 4 n=1 base=2 
PossiblePower ggggmggggg 0 1 0 0 ggg^3 ~ 4 n=3 base=6 {PossiblePower ggg 0 0 0 0 g^3 ~ 0 n=1 base=1 }
PossiblePower gggmGmgggmG 1 0 1 0 mgggmG^2 ~ 0 n=4 base=4 
PossiblePower gggmNgg 0 1 0 0 g^5 ~ 3 n=1 base=1 
PossiblePower gggmNgg 0 1 0 0 g^5 ~ 3 n=1 base=2 
PossiblePower gggmNggg 0 0 1 -1 mNggg^2 ~ 0 n=3 base=3 {PossiblePower mNggg 0 0 -1 1 g^3 ~ 0 n=1 base=1 }
PossiblePower gggmgg 0 1 0 0 g^5 ~ 3 n=1 base=1 
PossiblePower gggmgg 0 1 0 0 g^5 ~ 3 n=1 base=2 
PossiblePower gggmggg 0 0 1 0 mggg^2 ~ 0 n=3 base=3 {PossiblePower mggg 0 0 -1 0 g^3 ~ 0 n=1 base=1 }
PossiblePower gggmgggg 0 1 0 0 g^7 ~ 3 n=1 base=1 
PossiblePower gggmgggg 0 1 0 0 g^7 ~ 3 n=1 base=2 
PossiblePower gggngg 0 1 0 0 g^5 ~ 3 n=1 base=1 
PossiblePower gggngg 0 1 0 0 g^5 ~ 3 n=1 base=2 
PossiblePower gggnggg 0 0 0 1 nggg^2 ~ 0 n=3 base=3 {PossiblePower nggg 0 0 0 -1 g^3 ~ 0 n=1 base=1 }
PossiblePower ggmGmgmgmG 1 1 1 0 mgmgmG^2 ~ 1 n=3 base=3 
PossiblePower ggmNgg 0 0 1 -1 mNgg^2 ~ 0 n=2 base=2 {PossiblePower mNgg 0 0 -1 1 g^2 ~ 0 n=1 base=1 }
PossiblePower ggmNggNgg 0 1 1 -1 mNgg^3 ~ 4 n=2 base=2 {PossiblePower mNgg 0 0 -1 1 g^2 ~ 0 n=1 base=1 }
PossiblePower ggmNggNgg 0 1 0 -1 Ngg^3 ~ 2 n=2 base=4 {PossiblePower Ngg 0 0 0 1 g^2 ~ 0 n=1 base=1 }
PossiblePower ggmNggg 0 1 0 0 g^5 ~ 2 n=1 base=1 
PossiblePower ggmNggmNgg 0 0 1 -1 mNgg^3 ~ 0 n=2 base=2 {PossiblePower mNgg 0 0 -1 1 g^2 ~ 0 n=1 base=1 }
PossiblePower ggmNggmNggNgg 0 1 1 -1 mNgg^4 ~ 6 n=2 base=2 {PossiblePower mNgg 0 0 -1 1 g^2 ~ 0 n=1 base=1 }
PossiblePower ggmNggmNggNgg 0 1 1 -1 mNgg^4 ~ 6 n=2 base=4 {PossiblePower mNgg 0 0 -1 1 g^2 ~ 0 n=1 base=1 }
PossiblePower ggmNggmNggNgg 0 1 1 -1 mNggNgg^2 ~ 2 n=4 base=4 {PossiblePower mNggNgg 0 0 -1 0 Ngg^2 ~ 0 n=2 base=2 {PossiblePower Ngg 0 0 0 1 g^2 ~ 0 n=1 base=1 }}
PossiblePower ggmNggmgg 0 1 1 -1 mNgg^3 ~ 4 n=2 base=2 {PossiblePower mNgg 0 0 -1 1 g^2 ~ 0 n=1 base=1 }
PossiblePower ggmNggmgg 0 1 1 0 mgg^3 ~ 2 n=2 base=4 {PossiblePower mgg 0 0 -1 0 g^2 ~ 0 n=1 base=1 }
PossiblePower ggmNggmmNggmNgg 0 0 2 -1 mmNggmNgg^2 ~ 0 n=4 base=4 {PossiblePower mmNggmNgg 0 0 -1 0 mNgg^2 ~ 0 n=2 base=2 {PossiblePower mNgg 0 0 -1 1 g^2 ~ 0 n=1 base=1 }}
PossiblePower ggmgg 0 0 1 0 mgg^2 ~ 0 n=2 base=2 {PossiblePower mgg 0 0 -1 0 g^2 ~ 0 n=1 base=1 }
PossiblePower ggmggg 0 1 0 0 g^5 ~ 2 n=1 base=1 
PossiblePower ggmgggNg 0 1 0 0 ggNg^2 ~ 2 n=3 base=3 {PossiblePower ggNg 0 1 0 0 g^3 ~ 2 n=1 base=1 }
PossiblePower ggmgggmNg 0 1 0 0 ggmNg^2 ~ 2 n=3 base=3 {PossiblePower ggmNg 0 1 0 0 g^3 ~ 2 n=1 base=1 }
PossiblePower ggmggmNgg 0 1 1 0 mgg^3 ~ 4 n=2 base=2 {PossiblePower mgg 0 0 -1 0 g^2 ~ 0 n=1 base=1 }
PossiblePower ggmggmNgg 0 1 1 -1 mNgg^3 ~ 2 n=2 base=4 {PossiblePower mNgg 0 0 -1 1 g^2 ~ 0 n=1 base=1 }
PossiblePower ggmggmgg 0 0 1 0 mgg^3 ~ 0 n=2 base=2 {PossiblePower mgg 0 0 -1 0 g^2 ~ 0 n=1 base=1 }
PossiblePower ggmngg 0 0 1 1 mngg^2 ~ 0 n=2 base=2 {PossiblePower mngg 0 0 -1 -1 g^2 ~ 0 n=1 base=1 }
PossiblePower ggngg 0 0 0 1 ngg^2 ~ 0 n=2 base=2 {PossiblePower ngg 0 0 0 -1 g^2 ~ 0 n=1 base=1 }
PossiblePower ggnggg 0 1 0 0 g^5 ~ 2 n=1 base=1 
PossiblePower ggngggMg 0 1 0 0 ggMg^2 ~ 2 n=3 base=3 {PossiblePower ggMg 0 1 0 0 g^3 ~ 2 n=1 base=1 }
PossiblePower ggnggngg 0 0 0 1 ngg^3 ~ 0 n=2 base=2 {PossiblePower ngg 0 0 0 -1 g^2 ~ 0 n=1 base=1 }
PossiblePower gmGGmgMMNgmGGmg 1 0 -2 -1 MMNgmGGmg^2 ~ 0 n=4 base=4 
PossiblePower gmGGmgMNgmGGmg 1 0 -1 -1 MNgmGGmg^2 ~ 0 n=4 base=4 
PossiblePower gmGGmgMNgmGMGmg 1 1 -1 -1 MNgmGMGmg^2 ~ 2 n=4 base=4 
PossiblePower gmGGmgNgmGGmg 1 0 0 -1 NgmGGmg^2 ~ 0 n=4 base=4 
PossiblePower gmGGmgmGG 1 0 1 0 mgmGG^2 ~ 0 n=3 base=3 
PossiblePower gmGGmgmNgmGGmg 1 0 1 -1 mNgmGGmg^2 ~ 0 n=4 base=4 
PossiblePower gmGMgmG 1 0 -1 0 MgmG^2 ~ 0 n=2 base=2 
PossiblePower gmGMgmGMgmG 1 0 -1 0 MgmG^3 ~ 0 n=2 base=2 
PossiblePower gmGMgmGMgmG 1 0 -1 0 MgmG^3 ~ 0 n=2 base=4 
PossiblePower gmGmGmgmGG 1 1 1 0 mgmGG^2 ~ 2 n=3 base=3 
PossiblePower gmGmGmgmGmG 1 0 1 0 mgmGmG^2 ~ 0 n=3 base=3 
PossiblePower gmGmGmgmNgmGmGmg 1 0 1 -1 mNgmGmGmg^2 ~ 0 n=4 base=4 
PossiblePower gmGmgMNgmGmg 1 0 -1 -1 MNgmGmg^2 ~ 0 n=3 base=3 
PossiblePower gmGmgMgmGmg 1 0 -1 0 MgmGmg^2 ~ 0 n=3 base=3 
PossiblePower gmGmgNgmGmg 1 0 0 -1 NgmGmg^2 ~ 0 n=3 base=3 
PossiblePower gmGmggmGmg 1 0 0 0 gmGmg^2 ~ 0 n=3 base=3 
PossiblePower gmGmgmG 1 0 1 0 mgmG^2 ~ 0 n=2 base=2 
PossiblePower gmGmgmNgmGmg 1 0 1 -1 mNgmGmg^2 ~ 0 n=3 base=3 
PossiblePower gmGmgmgmGmg 1 0 1 0 mgmGmg^2 ~ 0 n=3 base=3 
PossiblePower gmGmgmmNgmGmg 1 0 2 -1 mmNgmGmg^2 ~ 0 n=3 base=3 
PossiblePower gmGmnGmgmGmnG 1 0 1 0 mgmGmnG^2 ~ 0 n=3 base=3 
PossiblePower gmGmnGmgmGnG 1 1 1 0 mgmGnG^2 ~ 2 n=3 base=3 
PossiblePower gmGnGmgmGnG 1 0 1 0 mgmGnG^2 ~ 0 n=3 base=3 
PossiblePower gmNgNg 0 1 1 -1 mNg^3 ~ 2 n=1 base=1 
PossiblePower gmNgNg 0 1 0 -1 Ng^3 ~ 1 n=1 base=2 
PossiblePower gmNgg 0 1 1 -1 mNg^3 ~ 2 n=1 base=1 
PossiblePower gmNgg 0 1 0 0 g^3 ~ 1 n=1 base=2 
PossiblePower gmNggNgNgg 0 1 0 -1 NgNgg^2 ~ 1 n=3 base=3 {PossiblePower NgNgg 0 1 0 0 Ng^3 ~ 2 n=1 base=1 }
PossiblePower gmNggNggmNg 0 1 0 0 gmNg^3 ~ 3 n=2 base=4 {PossiblePower gmNg 0 0 1 -1 mNg^2 ~ 0 n=1 base=1 }
PossiblePower gmNggg 0 1 0 0 g^4 ~ 1 n=1 base=2 
PossiblePower gmNggg 0 1 0 0 gg^2 ~ 1 n=2 base=2 {PossiblePower gg 0 0 0 0 g^2 ~ 0 n=1 base=1 }
PossiblePower gmNgggmNgg 0 0 0 0 gmNgg^2 ~ 0 n=3 base=3 {PossiblePower gmNgg 0 1 0 0 g^3 ~ 1 n=1 base=2 }
PossiblePower gmNgggmgg 0 1 0 0 gmgg^2 ~ 1 n=3 base=3 {PossiblePower gmgg 0 1 0 0 g^3 ~ 1 n=1 base=2 }
PossiblePower gmNggmNgmNgg 0 0 1 -1 mNgmNgg^2 ~ 0 n=3 base=3 {PossiblePower mNgmNgg 0 1 0 0 mNg^3 ~ 2 n=1 base=1 }
PossiblePower gmNggmggmNg 0 1 0 0 gmNg^3 ~ 3 n=2 base=4 {PossiblePower gmNg 0 0 1 -1 mNg^2 ~ 0 n=1 base=1 }
PossiblePower gmgNg 0 1 1 0 mg^3 ~ 2 n=1 base=1 
PossiblePower gmgNg 0 1 0 -1 Ng^3 ~ 1 n=1 base=2 
PossiblePower gmgNgg 0 1 0 -1 Ngg^2 ~ 1 n=2 base=2 {PossiblePower Ngg 0 0 0 1 g^2 ~ 0 n=1 base=1 }
PossiblePower gmggg 0 1 0 0 g^4 ~ 1 n=1 base=2 
PossiblePower gmggg 0 1 0 0 gg^2 ~ 1 n=2 base=2 {PossiblePower gg 0 0 0 0 g^2 ~ 0 n=1 base=1 }
PossiblePower gnggg 0 1 0 0 g^4 ~ 1 n=1 base=2 
PossiblePower gnggg 0 1 0 0 gg^2 ~ 1 n=2 base=2 {PossiblePower gg 0 0 0 0 g^2 ~ 0 n=1 base=1 }
